[0.020s] Invoking command in '/home/m/Desktop/S1/RI/proj1/worskapce/build/flatland_box2d': CMAKE_PREFIX_PATH=/opt/ros/humble /usr/bin/cmake --build /home/m/Desktop/S1/RI/proj1/worskapce/build/flatland_box2d -- -j8 -l8
[0.435s] [35m[1mConsolidate compiler generated dependencies of target flatland_box2d_lib[0m
[0.435s] [100%] Built target flatland_box2d_lib
[0.795s] Invoked command in '/home/m/Desktop/S1/RI/proj1/worskapce/build/flatland_box2d' returned '0': CMAKE_PREFIX_PATH=/opt/ros/humble /usr/bin/cmake --build /home/m/Desktop/S1/RI/proj1/worskapce/build/flatland_box2d -- -j8 -l8
[0.877s] Invoking command in '/home/m/Desktop/S1/RI/proj1/worskapce/build/flatland_box2d': CMAKE_PREFIX_PATH=/opt/ros/humble /usr/bin/cmake --install /home/m/Desktop/S1/RI/proj1/worskapce/build/flatland_box2d
[0.883s] -- Install configuration: ""
[0.883s] -- Up-to-date: /home/m/Desktop/S1/RI/proj1/worskapce/install/flatland_box2d/share/flatland_box2d/environment/library_path.sh
[0.883s] -- Up-to-date: /home/m/Desktop/S1/RI/proj1/worskapce/install/flatland_box2d/share/flatland_box2d/environment/library_path.dsv
[0.884s] -- Up-to-date: /home/m/Desktop/S1/RI/proj1/worskapce/install/flatland_box2d/share/ament_index/resource_index/package_run_dependencies/flatland_box2d
[0.884s] -- Up-to-date: /home/m/Desktop/S1/RI/proj1/worskapce/install/flatland_box2d/share/ament_index/resource_index/parent_prefix_path/flatland_box2d
[0.884s] -- Up-to-date: /home/m/Desktop/S1/RI/proj1/worskapce/install/flatland_box2d/share/flatland_box2d/environment/ament_prefix_path.sh
[0.884s] -- Up-to-date: /home/m/Desktop/S1/RI/proj1/worskapce/install/flatland_box2d/share/flatland_box2d/environment/ament_prefix_path.dsv
[0.884s] -- Up-to-date: /home/m/Desktop/S1/RI/proj1/worskapce/install/flatland_box2d/share/flatland_box2d/environment/path.sh
[0.884s] -- Up-to-date: /home/m/Desktop/S1/RI/proj1/worskapce/install/flatland_box2d/share/flatland_box2d/environment/path.dsv
[0.885s] -- Up-to-date: /home/m/Desktop/S1/RI/proj1/worskapce/install/flatland_box2d/share/flatland_box2d/local_setup.bash
[0.885s] -- Up-to-date: /home/m/Desktop/S1/RI/proj1/worskapce/install/flatland_box2d/share/flatland_box2d/local_setup.sh
[0.885s] -- Up-to-date: /home/m/Desktop/S1/RI/proj1/worskapce/install/flatland_box2d/share/flatland_box2d/local_setup.zsh
[0.885s] -- Up-to-date: /home/m/Desktop/S1/RI/proj1/worskapce/install/flatland_box2d/share/flatland_box2d/local_setup.dsv
[0.886s] -- Installing: /home/m/Desktop/S1/RI/proj1/worskapce/install/flatland_box2d/share/flatland_box2d/package.dsv
[0.886s] -- Up-to-date: /home/m/Desktop/S1/RI/proj1/worskapce/install/flatland_box2d/share/ament_index/resource_index/packages/flatland_box2d
[0.886s] -- Up-to-date: /home/m/Desktop/S1/RI/proj1/worskapce/install/flatland_box2d/share/flatland_box2d/cmake/export_flatland_box2dExport.cmake
[0.886s] -- Up-to-date: /home/m/Desktop/S1/RI/proj1/worskapce/install/flatland_box2d/share/flatland_box2d/cmake/export_flatland_box2dExport-noconfig.cmake
[0.886s] -- Up-to-date: /home/m/Desktop/S1/RI/proj1/worskapce/install/flatland_box2d/share/flatland_box2d/cmake/ament_cmake_export_targets-extras.cmake
[0.886s] -- Up-to-date: /home/m/Desktop/S1/RI/proj1/worskapce/install/flatland_box2d/share/flatland_box2d/cmake/ament_cmake_export_libraries-extras.cmake
[0.886s] -- Up-to-date: /home/m/Desktop/S1/RI/proj1/worskapce/install/flatland_box2d/share/flatland_box2d/cmake/ament_cmake_export_include_directories-extras.cmake
[0.887s] -- Up-to-date: /home/m/Desktop/S1/RI/proj1/worskapce/install/flatland_box2d/share/flatland_box2d/cmake/flatland_box2dConfig.cmake
[0.887s] -- Up-to-date: /home/m/Desktop/S1/RI/proj1/worskapce/install/flatland_box2d/share/flatland_box2d/cmake/flatland_box2dConfig-version.cmake
[0.887s] -- Up-to-date: /home/m/Desktop/S1/RI/proj1/worskapce/install/flatland_box2d/share/flatland_box2d/package.xml
[0.887s] -- Up-to-date: /home/m/Desktop/S1/RI/proj1/worskapce/install/flatland_box2d/lib/libflatland_box2d_lib.so
[0.887s] -- Up-to-date: /home/m/Desktop/S1/RI/proj1/worskapce/install/flatland_box2d/include
[0.888s] -- Up-to-date: /home/m/Desktop/S1/RI/proj1/worskapce/install/flatland_box2d/include/Box2D
[0.888s] -- Up-to-date: /home/m/Desktop/S1/RI/proj1/worskapce/install/flatland_box2d/include/Box2D/Collision
[0.888s] -- Up-to-date: /home/m/Desktop/S1/RI/proj1/worskapce/install/flatland_box2d/include/Box2D/Collision/b2Distance.h
[0.888s] -- Up-to-date: /home/m/Desktop/S1/RI/proj1/worskapce/install/flatland_box2d/include/Box2D/Collision/Shapes
[0.888s] -- Up-to-date: /home/m/Desktop/S1/RI/proj1/worskapce/install/flatland_box2d/include/Box2D/Collision/Shapes/b2PolygonShape.h
[0.888s] -- Up-to-date: /home/m/Desktop/S1/RI/proj1/worskapce/install/flatland_box2d/include/Box2D/Collision/Shapes/b2Shape.h
[0.888s] -- Up-to-date: /home/m/Desktop/S1/RI/proj1/worskapce/install/flatland_box2d/include/Box2D/Collision/Shapes/b2CircleShape.h
[0.888s] -- Up-to-date: /home/m/Desktop/S1/RI/proj1/worskapce/install/flatland_box2d/include/Box2D/Collision/Shapes/b2EdgeShape.h
[0.889s] -- Up-to-date: /home/m/Desktop/S1/RI/proj1/worskapce/install/flatland_box2d/include/Box2D/Collision/Shapes/b2ChainShape.h
[0.889s] -- Up-to-date: /home/m/Desktop/S1/RI/proj1/worskapce/install/flatland_box2d/include/Box2D/Collision/b2DynamicTree.h
[0.889s] -- Up-to-date: /home/m/Desktop/S1/RI/proj1/worskapce/install/flatland_box2d/include/Box2D/Collision/b2Collision.h
[0.889s] -- Up-to-date: /home/m/Desktop/S1/RI/proj1/worskapce/install/flatland_box2d/include/Box2D/Collision/b2BroadPhase.h
[0.889s] -- Up-to-date: /home/m/Desktop/S1/RI/proj1/worskapce/install/flatland_box2d/include/Box2D/Collision/b2TimeOfImpact.h
[0.889s] -- Up-to-date: /home/m/Desktop/S1/RI/proj1/worskapce/install/flatland_box2d/include/Box2D/Box2D.h
[0.889s] -- Up-to-date: /home/m/Desktop/S1/RI/proj1/worskapce/install/flatland_box2d/include/Box2D/Dynamics
[0.890s] -- Up-to-date: /home/m/Desktop/S1/RI/proj1/worskapce/install/flatland_box2d/include/Box2D/Dynamics/Joints
[0.890s] -- Up-to-date: /home/m/Desktop/S1/RI/proj1/worskapce/install/flatland_box2d/include/Box2D/Dynamics/Joints/b2FrictionJoint.h
[0.890s] -- Up-to-date: /home/m/Desktop/S1/RI/proj1/worskapce/install/flatland_box2d/include/Box2D/Dynamics/Joints/b2DistanceJoint.h
[0.891s] -- Up-to-date: /home/m/Desktop/S1/RI/proj1/worskapce/install/flatland_box2d/include/Box2D/Dynamics/Joints/b2PrismaticJoint.h
[0.891s] -- Up-to-date: /home/m/Desktop/S1/RI/proj1/worskapce/install/flatland_box2d/include/Box2D/Dynamics/Joints/b2WeldJoint.h
[0.892s] -- Up-to-date: /home/m/Desktop/S1/RI/proj1/worskapce/install/flatland_box2d/include/Box2D/Dynamics/Joints/b2PulleyJoint.h
[0.892s] -- Up-to-date: /home/m/Desktop/S1/RI/proj1/worskapce/install/flatland_box2d/include/Box2D/Dynamics/Joints/b2Joint.h
[0.892s] -- Up-to-date: /home/m/Desktop/S1/RI/proj1/worskapce/install/flatland_box2d/include/Box2D/Dynamics/Joints/b2RevoluteJoint.h
[0.893s] -- Up-to-date: /home/m/Desktop/S1/RI/proj1/worskapce/install/flatland_box2d/include/Box2D/Dynamics/Joints/b2RopeJoint.h
[0.893s] -- Up-to-date: /home/m/Desktop/S1/RI/proj1/worskapce/install/flatland_box2d/include/Box2D/Dynamics/Joints/b2MouseJoint.h
[0.893s] -- Up-to-date: /home/m/Desktop/S1/RI/proj1/worskapce/install/flatland_box2d/include/Box2D/Dynamics/Joints/b2MotorJoint.h
[0.893s] -- Up-to-date: /home/m/Desktop/S1/RI/proj1/worskapce/install/flatland_box2d/include/Box2D/Dynamics/Joints/b2WheelJoint.h
[0.894s] -- Up-to-date: /home/m/Desktop/S1/RI/proj1/worskapce/install/flatland_box2d/include/Box2D/Dynamics/Joints/b2GearJoint.h
[0.894s] -- Up-to-date: /home/m/Desktop/S1/RI/proj1/worskapce/install/flatland_box2d/include/Box2D/Dynamics/b2TimeStep.h
[0.895s] -- Up-to-date: /home/m/Desktop/S1/RI/proj1/worskapce/install/flatland_box2d/include/Box2D/Dynamics/Contacts
[0.895s] -- Up-to-date: /home/m/Desktop/S1/RI/proj1/worskapce/install/flatland_box2d/include/Box2D/Dynamics/Contacts/b2PolygonAndCircleContact.h
[0.895s] -- Up-to-date: /home/m/Desktop/S1/RI/proj1/worskapce/install/flatland_box2d/include/Box2D/Dynamics/Contacts/b2PolygonContact.h
[0.895s] -- Up-to-date: /home/m/Desktop/S1/RI/proj1/worskapce/install/flatland_box2d/include/Box2D/Dynamics/Contacts/b2EdgeAndCircleContact.h
[0.895s] -- Up-to-date: /home/m/Desktop/S1/RI/proj1/worskapce/install/flatland_box2d/include/Box2D/Dynamics/Contacts/b2CircleContact.h
[0.896s] -- Up-to-date: /home/m/Desktop/S1/RI/proj1/worskapce/install/flatland_box2d/include/Box2D/Dynamics/Contacts/b2ChainAndPolygonContact.h
[0.896s] -- Up-to-date: /home/m/Desktop/S1/RI/proj1/worskapce/install/flatland_box2d/include/Box2D/Dynamics/Contacts/b2Contact.h
[0.896s] -- Up-to-date: /home/m/Desktop/S1/RI/proj1/worskapce/install/flatland_box2d/include/Box2D/Dynamics/Contacts/b2EdgeAndPolygonContact.h
[0.896s] -- Up-to-date: /home/m/Desktop/S1/RI/proj1/worskapce/install/flatland_box2d/include/Box2D/Dynamics/Contacts/b2ChainAndCircleContact.h
[0.897s] -- Up-to-date: /home/m/Desktop/S1/RI/proj1/worskapce/install/flatland_box2d/include/Box2D/Dynamics/Contacts/b2ContactSolver.h
[0.897s] -- Up-to-date: /home/m/Desktop/S1/RI/proj1/worskapce/install/flatland_box2d/include/Box2D/Dynamics/b2World.h
[0.897s] -- Up-to-date: /home/m/Desktop/S1/RI/proj1/worskapce/install/flatland_box2d/include/Box2D/Dynamics/b2WorldCallbacks.h
[0.897s] -- Up-to-date: /home/m/Desktop/S1/RI/proj1/worskapce/install/flatland_box2d/include/Box2D/Dynamics/b2Body.h
[0.898s] -- Up-to-date: /home/m/Desktop/S1/RI/proj1/worskapce/install/flatland_box2d/include/Box2D/Dynamics/b2Island.h
[0.898s] -- Up-to-date: /home/m/Desktop/S1/RI/proj1/worskapce/install/flatland_box2d/include/Box2D/Dynamics/b2Fixture.h
[0.899s] -- Up-to-date: /home/m/Desktop/S1/RI/proj1/worskapce/install/flatland_box2d/include/Box2D/Dynamics/b2ContactManager.h
[0.899s] -- Up-to-date: /home/m/Desktop/S1/RI/proj1/worskapce/install/flatland_box2d/include/Box2D/Rope
[0.899s] -- Up-to-date: /home/m/Desktop/S1/RI/proj1/worskapce/install/flatland_box2d/include/Box2D/Rope/b2Rope.h
[0.899s] -- Up-to-date: /home/m/Desktop/S1/RI/proj1/worskapce/install/flatland_box2d/include/Box2D/Common
[0.899s] -- Up-to-date: /home/m/Desktop/S1/RI/proj1/worskapce/install/flatland_box2d/include/Box2D/Common/b2Settings.h
[0.900s] -- Up-to-date: /home/m/Desktop/S1/RI/proj1/worskapce/install/flatland_box2d/include/Box2D/Common/b2GrowableStack.h
[0.900s] -- Up-to-date: /home/m/Desktop/S1/RI/proj1/worskapce/install/flatland_box2d/include/Box2D/Common/b2Timer.h
[0.901s] -- Up-to-date: /home/m/Desktop/S1/RI/proj1/worskapce/install/flatland_box2d/include/Box2D/Common/b2Math.h
[0.901s] -- Up-to-date: /home/m/Desktop/S1/RI/proj1/worskapce/install/flatland_box2d/include/Box2D/Common/b2Draw.h
[0.901s] -- Up-to-date: /home/m/Desktop/S1/RI/proj1/worskapce/install/flatland_box2d/include/Box2D/Common/b2BlockAllocator.h
[0.902s] -- Up-to-date: /home/m/Desktop/S1/RI/proj1/worskapce/install/flatland_box2d/include/Box2D/Common/b2StackAllocator.h
[0.902s] Invoked command in '/home/m/Desktop/S1/RI/proj1/worskapce/build/flatland_box2d' returned '0': CMAKE_PREFIX_PATH=/opt/ros/humble /usr/bin/cmake --install /home/m/Desktop/S1/RI/proj1/worskapce/build/flatland_box2d
