-- The C compiler identification is GNU 11.4.0
-- The CXX compiler identification is GNU 11.4.0
-- Detecting C compiler ABI info
-- Detecting C compiler ABI info - done
-- Check for working C compiler: /usr/bin/cc - skipped
-- Detecting C compile features
-- Detecting C compile features - done
-- Detecting CXX compiler ABI info
-- Detecting CXX compiler ABI info - done
-- Check for working CXX compiler: /usr/bin/c++ - skipped
-- Detecting CXX compile features
-- Detecting CXX compile features - done
-- Found ament_cmake: 1.3.10 (/opt/ros/humble/share/ament_cmake/cmake)
-- Found Python3: /usr/bin/python3 (found version "3.10.12") found components: Interpreter 
-- Found geometry_msgs: 4.2.4 (/opt/ros/humble/share/geometry_msgs/cmake)
-- Found rosidl_generator_c: 3.1.5 (/opt/ros/humble/share/rosidl_generator_c/cmake)
-- Found rosidl_adapter: 3.1.5 (/opt/ros/humble/share/rosidl_adapter/cmake)
-- Found rosidl_generator_cpp: 3.1.5 (/opt/ros/humble/share/rosidl_generator_cpp/cmake)
-- Using all available rosidl_typesupport_c: rosidl_typesupport_fastrtps_c;rosidl_typesupport_introspection_c
-- Using all available rosidl_typesupport_cpp: rosidl_typesupport_fastrtps_cpp;rosidl_typesupport_introspection_cpp
-- Found pluginlib: 5.1.0 (/opt/ros/humble/share/pluginlib/cmake)
-- Found rclcpp: 16.0.10 (/opt/ros/humble/share/rclcpp/cmake)
-- Found rmw_implementation_cmake: 6.1.2 (/opt/ros/humble/share/rmw_implementation_cmake/cmake)
-- Found rmw_fastrtps_cpp: 6.2.7 (/opt/ros/humble/share/rmw_fastrtps_cpp/cmake)
-- Found TinyXML2 via Config file: TinyXML2_DIR-NOTFOUND
-- Found OpenSSL: /usr/lib/x86_64-linux-gnu/libcrypto.so (found version "3.0.2")  
-- Found TinyXML2 via Config file: TinyXML2_DIR-NOTFOUND
-- Found FastRTPS: /opt/ros/humble/include  
-- Found TinyXML2 via Config file: TinyXML2_DIR-NOTFOUND
-- Found TinyXML2 via Config file: TinyXML2_DIR-NOTFOUND
-- Using RMW implementation 'rmw_fastrtps_cpp' as default
-- Looking for pthread.h
-- Looking for pthread.h - found
-- Performing Test CMAKE_HAVE_LIBC_PTHREAD
-- Performing Test CMAKE_HAVE_LIBC_PTHREAD - Success
-- Found Threads: TRUE  
-- Found rclcpp_lifecycle: 16.0.10 (/opt/ros/humble/share/rclcpp_lifecycle/cmake)
-- Found rviz_common: 11.2.13 (/opt/ros/humble/share/rviz_common/cmake)
-- Setting assimp_DIR to: '/opt/ros/humble/share/rviz_assimp_vendor/cmake/../../../opt/rviz_assimp_vendor/lib/cmake/assimp-4.1'
-- Setting OGRE_DIR to: '/opt/ros/humble/share/rviz_ogre_vendor/cmake/../../../opt/rviz_ogre_vendor/lib/OGRE/cmake'
-- Found OGRE
--   static     : OFF
--   components : HLMS;MeshLodGenerator;Overlay;Paging;Property;RTShaderSystem;Terrain;Volume
--   plugins    : Plugin_BSPSceneManager;Plugin_OctreeSceneManager;Plugin_PCZSceneManager;Plugin_ParticleFX;RenderSystem_GL;RenderSystem_GL3Plus;Codec_STBI
--   media      : /opt/ros/humble/opt/rviz_ogre_vendor/share/OGRE/Media
-- OGRE_LIBRARIES: OgreHLMS;OgreMeshLodGenerator;OgreOverlay;OgrePaging;OgreProperty;OgreRTShaderSystem;OgreTerrain;OgreVolume;OgreMain
-- OGRE_LIBRARY_DIRS: /opt/ros/humble/opt/rviz_ogre_vendor/lib
-- OGRE_PLUGINS: Plugin_BSPSceneManager;Plugin_OctreeSceneManager;Plugin_PCZSceneManager;Plugin_ParticleFX;RenderSystem_GL;RenderSystem_GL3Plus;Codec_STBI
-- OGRE_PLUGIN_DIR: /opt/ros/humble/opt/rviz_ogre_vendor/lib/OGRE
-- rviz_ogre_vendor::OgreOverlay for IMPORTED_LOCATION_RELEASE: /opt/ros/humble/opt/rviz_ogre_vendor/lib/libOgreOverlay.so
-- rviz_ogre_vendor::OgreOverlay for IMPORTED_LOCATION_DEBUG: /opt/ros/humble/opt/rviz_ogre_vendor/lib/libOgreOverlay.so
-- rviz_ogre_vendor::OgreMain for IMPORTED_LOCATION_RELEASE: /opt/ros/humble/opt/rviz_ogre_vendor/lib/libOgreMain.so
-- rviz_ogre_vendor::OgreMain for IMPORTED_LOCATION_DEBUG: /opt/ros/humble/opt/rviz_ogre_vendor/lib/libOgreMain.so
-- Could not find freeimage library
-- Found ZLIB: /usr/lib/x86_64-linux-gnu/libz.so (found version "1.2.11") 
-- Found OpenGL: /usr/lib/x86_64-linux-gnu/libOpenGL.so   
-- Found X11: /usr/include   
-- Looking for XOpenDisplay in /usr/lib/x86_64-linux-gnu/libX11.so;/usr/lib/x86_64-linux-gnu/libXext.so
-- Looking for XOpenDisplay in /usr/lib/x86_64-linux-gnu/libX11.so;/usr/lib/x86_64-linux-gnu/libXext.so - found
-- Looking for gethostbyname
-- Looking for gethostbyname - found
-- Looking for connect
-- Looking for connect - found
-- Looking for remove
-- Looking for remove - found
-- Looking for shmat
-- Looking for shmat - found
-- Looking for IceConnectionNumber in ICE
-- Looking for IceConnectionNumber in ICE - found
-- library: /usr/lib/x86_64-linux-gnu/libcurl.so
-- Found Eigen3: TRUE (found version "3.4.0") 
-- Ensuring Eigen3 include directory is part of orocos-kdl CMake target
-- Found rviz_default_plugins: 11.2.13 (/opt/ros/humble/share/rviz_default_plugins/cmake)
-- Found std_srvs: 4.2.4 (/opt/ros/humble/share/std_srvs/cmake)
-- Found flatland_server: 2.0.0 (/home/m/Desktop/S1/RI/proj1/worskapce/install/flatland_server/share/flatland_server/cmake)
-- Found Lua: /usr/lib/x86_64-linux-gnu/liblua5.3.so;/usr/lib/x86_64-linux-gnu/libm.so (found suitable version "5.3.6", minimum required is "5.1") 
-- Found Boost: /usr/lib/x86_64-linux-gnu/cmake/Boost-1.74.0/BoostConfig.cmake (found version "1.74.0") found components: date_time system filesystem 
-- Found ament_lint_auto: 0.12.11 (/opt/ros/humble/share/ament_lint_auto/cmake)
-- Configuring done
-- Generating done
-- Build files have been written to: /home/m/Desktop/S1/RI/proj1/worskapce/build/flatland_rviz_plugins
[ 11%] [34m[1mAutomatic MOC for target flatland_rviz_plugins[0m
[ 11%] Built target flatland_rviz_plugins_autogen
[ 22%] [32mBuilding CXX object CMakeFiles/flatland_rviz_plugins.dir/flatland_rviz_plugins_autogen/mocs_compilation.cpp.o[0m
[ 33%] [32mBuilding CXX object CMakeFiles/flatland_rviz_plugins.dir/src/change_rate_tool.cpp.o[0m
[ 44%] [32mBuilding CXX object CMakeFiles/flatland_rviz_plugins.dir/src/change_rate_dialog.cpp.o[0m
[ 55%] [32mBuilding CXX object CMakeFiles/flatland_rviz_plugins.dir/src/pause_tool.cpp.o[0m
[ 66%] [32mBuilding CXX object CMakeFiles/flatland_rviz_plugins.dir/src/interactive_tool.cpp.o[0m
[ 77%] [32mBuilding CXX object CMakeFiles/flatland_rviz_plugins.dir/src/spawn_model_tool.cpp.o[0m
[ 88%] [32mBuilding CXX object CMakeFiles/flatland_rviz_plugins.dir/src/load_model_dialog.cpp.o[0m
[100%] [32m[1mLinking CXX shared library libflatland_rviz_plugins.so[0m
[100%] Built target flatland_rviz_plugins
-- Install configuration: ""
-- Installing: /home/m/Desktop/S1/RI/proj1/worskapce/install/flatland_rviz_plugins/share/flatland_rviz_plugins/plugins_description.xml
-- Installing: /home/m/Desktop/S1/RI/proj1/worskapce/install/flatland_rviz_plugins/lib/libflatland_rviz_plugins.so
-- Set runtime path of "/home/m/Desktop/S1/RI/proj1/worskapce/install/flatland_rviz_plugins/lib/libflatland_rviz_plugins.so" to ""
-- Installing: /home/m/Desktop/S1/RI/proj1/worskapce/install/flatland_rviz_plugins/include/
-- Installing: /home/m/Desktop/S1/RI/proj1/worskapce/install/flatland_rviz_plugins/include//flatland_rviz_plugins
-- Installing: /home/m/Desktop/S1/RI/proj1/worskapce/install/flatland_rviz_plugins/include//flatland_rviz_plugins/load_model_dialog.hpp
-- Installing: /home/m/Desktop/S1/RI/proj1/worskapce/install/flatland_rviz_plugins/include//flatland_rviz_plugins/interactive_tool.hpp
-- Installing: /home/m/Desktop/S1/RI/proj1/worskapce/install/flatland_rviz_plugins/include//flatland_rviz_plugins/change_rate_dialog.hpp
-- Installing: /home/m/Desktop/S1/RI/proj1/worskapce/install/flatland_rviz_plugins/include//flatland_rviz_plugins/spawn_model_tool.hpp
-- Installing: /home/m/Desktop/S1/RI/proj1/worskapce/install/flatland_rviz_plugins/include//flatland_rviz_plugins/pause_tool.hpp
-- Installing: /home/m/Desktop/S1/RI/proj1/worskapce/install/flatland_rviz_plugins/include//flatland_rviz_plugins/change_rate_tool.hpp
-- Installing: /home/m/Desktop/S1/RI/proj1/worskapce/install/flatland_rviz_plugins/share/flatland_rviz_plugins/icons
-- Installing: /home/m/Desktop/S1/RI/proj1/worskapce/install/flatland_rviz_plugins/share/flatland_rviz_plugins/icons/pause.svg
-- Installing: /home/m/Desktop/S1/RI/proj1/worskapce/install/flatland_rviz_plugins/share/flatland_rviz_plugins/icons/time.png
-- Installing: /home/m/Desktop/S1/RI/proj1/worskapce/install/flatland_rviz_plugins/share/flatland_rviz_plugins/environment/library_path.sh
-- Installing: /home/m/Desktop/S1/RI/proj1/worskapce/install/flatland_rviz_plugins/share/flatland_rviz_plugins/environment/library_path.dsv
-- Installing: /home/m/Desktop/S1/RI/proj1/worskapce/install/flatland_rviz_plugins/share/ament_index/resource_index/package_run_dependencies/flatland_rviz_plugins
-- Installing: /home/m/Desktop/S1/RI/proj1/worskapce/install/flatland_rviz_plugins/share/ament_index/resource_index/parent_prefix_path/flatland_rviz_plugins
-- Installing: /home/m/Desktop/S1/RI/proj1/worskapce/install/flatland_rviz_plugins/share/flatland_rviz_plugins/environment/ament_prefix_path.sh
-- Installing: /home/m/Desktop/S1/RI/proj1/worskapce/install/flatland_rviz_plugins/share/flatland_rviz_plugins/environment/ament_prefix_path.dsv
-- Installing: /home/m/Desktop/S1/RI/proj1/worskapce/install/flatland_rviz_plugins/share/flatland_rviz_plugins/environment/path.sh
-- Installing: /home/m/Desktop/S1/RI/proj1/worskapce/install/flatland_rviz_plugins/share/flatland_rviz_plugins/environment/path.dsv
-- Installing: /home/m/Desktop/S1/RI/proj1/worskapce/install/flatland_rviz_plugins/share/flatland_rviz_plugins/local_setup.bash
-- Installing: /home/m/Desktop/S1/RI/proj1/worskapce/install/flatland_rviz_plugins/share/flatland_rviz_plugins/local_setup.sh
-- Installing: /home/m/Desktop/S1/RI/proj1/worskapce/install/flatland_rviz_plugins/share/flatland_rviz_plugins/local_setup.zsh
-- Installing: /home/m/Desktop/S1/RI/proj1/worskapce/install/flatland_rviz_plugins/share/flatland_rviz_plugins/local_setup.dsv
-- Installing: /home/m/Desktop/S1/RI/proj1/worskapce/install/flatland_rviz_plugins/share/flatland_rviz_plugins/package.dsv
-- Installing: /home/m/Desktop/S1/RI/proj1/worskapce/install/flatland_rviz_plugins/share/ament_index/resource_index/packages/flatland_rviz_plugins
-- Installing: /home/m/Desktop/S1/RI/proj1/worskapce/install/flatland_rviz_plugins/share/ament_index/resource_index/rviz_common__pluginlib__plugin/flatland_rviz_plugins
-- Installing: /home/m/Desktop/S1/RI/proj1/worskapce/install/flatland_rviz_plugins/share/flatland_rviz_plugins/cmake/flatland_rviz_pluginsExport.cmake
-- Installing: /home/m/Desktop/S1/RI/proj1/worskapce/install/flatland_rviz_plugins/share/flatland_rviz_plugins/cmake/flatland_rviz_pluginsExport-noconfig.cmake
-- Installing: /home/m/Desktop/S1/RI/proj1/worskapce/install/flatland_rviz_plugins/share/flatland_rviz_plugins/cmake/ament_cmake_export_include_directories-extras.cmake
-- Installing: /home/m/Desktop/S1/RI/proj1/worskapce/install/flatland_rviz_plugins/share/flatland_rviz_plugins/cmake/ament_cmake_export_targets-extras.cmake
-- Installing: /home/m/Desktop/S1/RI/proj1/worskapce/install/flatland_rviz_plugins/share/flatland_rviz_plugins/cmake/ament_cmake_export_dependencies-extras.cmake
-- Installing: /home/m/Desktop/S1/RI/proj1/worskapce/install/flatland_rviz_plugins/share/flatland_rviz_plugins/cmake/flatland_rviz_pluginsConfig.cmake
-- Installing: /home/m/Desktop/S1/RI/proj1/worskapce/install/flatland_rviz_plugins/share/flatland_rviz_plugins/cmake/flatland_rviz_pluginsConfig-version.cmake
-- Installing: /home/m/Desktop/S1/RI/proj1/worskapce/install/flatland_rviz_plugins/share/flatland_rviz_plugins/package.xml
