[0.010s] Invoking command in '/home/m/Desktop/S1/RI/proj1/worskapce/build/flatland_rviz_plugins': AMENT_PREFIX_PATH=/home/m/Desktop/S1/RI/proj1/worskapce/install/flatland_server:/home/m/Desktop/S1/RI/proj1/worskapce/install/flatland_msgs:/home/m/Desktop/S1/RI/proj1/worskapce/install/flatland_box2d:${AMENT_PREFIX_PATH} CMAKE_PREFIX_PATH=/home/m/Desktop/S1/RI/proj1/worskapce/install/flatland_server:/home/m/Desktop/S1/RI/proj1/worskapce/install/flatland_msgs:/home/m/Desktop/S1/RI/proj1/worskapce/install/flatland_box2d:/opt/ros/humble LD_LIBRARY_PATH=/home/m/Desktop/S1/RI/proj1/worskapce/install/flatland_server/lib:/home/m/Desktop/S1/RI/proj1/worskapce/install/flatland_msgs/lib:/home/m/Desktop/S1/RI/proj1/worskapce/install/flatland_box2d/lib:${LD_LIBRARY_PATH} PYTHONPATH=/home/m/Desktop/S1/RI/proj1/worskapce/install/flatland_msgs/local/lib/python3.10/dist-packages:${PYTHONPATH} /usr/bin/cmake /home/m/Desktop/S1/RI/proj1/worskapce/flatland/flatland_rviz_plugins -DCMAKE_INSTALL_PREFIX=/home/m/Desktop/S1/RI/proj1/worskapce/install/flatland_rviz_plugins
[0.058s] -- The C compiler identification is GNU 11.4.0
[0.112s] -- The CXX compiler identification is GNU 11.4.0
[0.119s] -- Detecting C compiler ABI info
[0.178s] -- Detecting C compiler ABI info - done
[0.186s] -- Check for working C compiler: /usr/bin/cc - skipped
[0.186s] -- Detecting C compile features
[0.186s] -- Detecting C compile features - done
[0.189s] -- Detecting CXX compiler ABI info
[0.259s] -- Detecting CXX compiler ABI info - done
[0.275s] -- Check for working CXX compiler: /usr/bin/c++ - skipped
[0.275s] -- Detecting CXX compile features
[0.276s] -- Detecting CXX compile features - done
[0.279s] -- Found ament_cmake: 1.3.10 (/opt/ros/humble/share/ament_cmake/cmake)
[0.923s] -- Found Python3: /usr/bin/python3 (found version "3.10.12") found components: Interpreter 
[1.012s] -- Found geometry_msgs: 4.2.4 (/opt/ros/humble/share/geometry_msgs/cmake)
[1.047s] -- Found rosidl_generator_c: 3.1.5 (/opt/ros/humble/share/rosidl_generator_c/cmake)
[1.051s] -- Found rosidl_adapter: 3.1.5 (/opt/ros/humble/share/rosidl_adapter/cmake)
[1.058s] -- Found rosidl_generator_cpp: 3.1.5 (/opt/ros/humble/share/rosidl_generator_cpp/cmake)
[1.069s] -- Using all available rosidl_typesupport_c: rosidl_typesupport_fastrtps_c;rosidl_typesupport_introspection_c
[1.082s] -- Using all available rosidl_typesupport_cpp: rosidl_typesupport_fastrtps_cpp;rosidl_typesupport_introspection_cpp
[1.118s] -- Found pluginlib: 5.1.0 (/opt/ros/humble/share/pluginlib/cmake)
[1.148s] -- Found rclcpp: 16.0.10 (/opt/ros/humble/share/rclcpp/cmake)
[1.179s] -- Found rmw_implementation_cmake: 6.1.2 (/opt/ros/humble/share/rmw_implementation_cmake/cmake)
[1.182s] -- Found rmw_fastrtps_cpp: 6.2.7 (/opt/ros/humble/share/rmw_fastrtps_cpp/cmake)
[1.208s] -- Found TinyXML2 via Config file: TinyXML2_DIR-NOTFOUND
[1.243s] -- Found OpenSSL: /usr/lib/x86_64-linux-gnu/libcrypto.so (found version "3.0.2")  
[1.246s] -- Found TinyXML2 via Config file: TinyXML2_DIR-NOTFOUND
[1.260s] -- Found FastRTPS: /opt/ros/humble/include  
[1.263s] -- Found TinyXML2 via Config file: TinyXML2_DIR-NOTFOUND
[1.272s] -- Found TinyXML2 via Config file: TinyXML2_DIR-NOTFOUND
[1.282s] -- Using RMW implementation 'rmw_fastrtps_cpp' as default
[1.290s] -- Looking for pthread.h
[1.352s] -- Looking for pthread.h - found
[1.352s] -- Performing Test CMAKE_HAVE_LIBC_PTHREAD
[1.414s] -- Performing Test CMAKE_HAVE_LIBC_PTHREAD - Success
[1.415s] -- Found Threads: TRUE  
[1.453s] -- Found rclcpp_lifecycle: 16.0.10 (/opt/ros/humble/share/rclcpp_lifecycle/cmake)
[1.470s] -- Found rviz_common: 11.2.13 (/opt/ros/humble/share/rviz_common/cmake)
[1.475s] -- Setting assimp_DIR to: '/opt/ros/humble/share/rviz_assimp_vendor/cmake/../../../opt/rviz_assimp_vendor/lib/cmake/assimp-4.1'
[1.480s] -- Setting OGRE_DIR to: '/opt/ros/humble/share/rviz_ogre_vendor/cmake/../../../opt/rviz_ogre_vendor/lib/OGRE/cmake'
[1.481s] -- Found OGRE
[1.481s] --   static     : OFF
[1.481s] --   components : HLMS;MeshLodGenerator;Overlay;Paging;Property;RTShaderSystem;Terrain;Volume
[1.481s] --   plugins    : Plugin_BSPSceneManager;Plugin_OctreeSceneManager;Plugin_PCZSceneManager;Plugin_ParticleFX;RenderSystem_GL;RenderSystem_GL3Plus;Codec_STBI
[1.481s] --   media      : /opt/ros/humble/opt/rviz_ogre_vendor/share/OGRE/Media
[1.481s] -- OGRE_LIBRARIES: OgreHLMS;OgreMeshLodGenerator;OgreOverlay;OgrePaging;OgreProperty;OgreRTShaderSystem;OgreTerrain;OgreVolume;OgreMain
[1.481s] -- OGRE_LIBRARY_DIRS: /opt/ros/humble/opt/rviz_ogre_vendor/lib
[1.481s] -- OGRE_PLUGINS: Plugin_BSPSceneManager;Plugin_OctreeSceneManager;Plugin_PCZSceneManager;Plugin_ParticleFX;RenderSystem_GL;RenderSystem_GL3Plus;Codec_STBI
[1.481s] -- OGRE_PLUGIN_DIR: /opt/ros/humble/opt/rviz_ogre_vendor/lib/OGRE
[1.481s] -- rviz_ogre_vendor::OgreOverlay for IMPORTED_LOCATION_RELEASE: /opt/ros/humble/opt/rviz_ogre_vendor/lib/libOgreOverlay.so
[1.482s] -- rviz_ogre_vendor::OgreOverlay for IMPORTED_LOCATION_DEBUG: /opt/ros/humble/opt/rviz_ogre_vendor/lib/libOgreOverlay.so
[1.482s] -- rviz_ogre_vendor::OgreMain for IMPORTED_LOCATION_RELEASE: /opt/ros/humble/opt/rviz_ogre_vendor/lib/libOgreMain.so
[1.482s] -- rviz_ogre_vendor::OgreMain for IMPORTED_LOCATION_DEBUG: /opt/ros/humble/opt/rviz_ogre_vendor/lib/libOgreMain.so
[1.482s] -- Could not find freeimage library
[1.498s] -- Found ZLIB: /usr/lib/x86_64-linux-gnu/libz.so (found version "1.2.11") 
[1.503s] -- Found OpenGL: /usr/lib/x86_64-linux-gnu/libOpenGL.so   
[1.571s] -- Found X11: /usr/include   
[1.571s] -- Looking for XOpenDisplay in /usr/lib/x86_64-linux-gnu/libX11.so;/usr/lib/x86_64-linux-gnu/libXext.so
[1.635s] -- Looking for XOpenDisplay in /usr/lib/x86_64-linux-gnu/libX11.so;/usr/lib/x86_64-linux-gnu/libXext.so - found
[1.636s] -- Looking for gethostbyname
[1.696s] -- Looking for gethostbyname - found
[1.696s] -- Looking for connect
[1.756s] -- Looking for connect - found
[1.756s] -- Looking for remove
[1.822s] -- Looking for remove - found
[1.822s] -- Looking for shmat
[1.880s] -- Looking for shmat - found
[1.880s] -- Looking for IceConnectionNumber in ICE
[1.940s] -- Looking for IceConnectionNumber in ICE - found
[2.028s] -- library: /usr/lib/x86_64-linux-gnu/libcurl.so
[2.092s] -- Found Eigen3: TRUE (found version "3.4.0") 
[2.092s] -- Ensuring Eigen3 include directory is part of orocos-kdl CMake target
[2.279s] -- Found rviz_default_plugins: 11.2.13 (/opt/ros/humble/share/rviz_default_plugins/cmake)
[2.438s] -- Found std_srvs: 4.2.4 (/opt/ros/humble/share/std_srvs/cmake)
[2.455s] -- Found flatland_server: 2.0.0 (/home/m/Desktop/S1/RI/proj1/worskapce/install/flatland_server/share/flatland_server/cmake)
[2.513s] -- Found Lua: /usr/lib/x86_64-linux-gnu/liblua5.3.so;/usr/lib/x86_64-linux-gnu/libm.so (found suitable version "5.3.6", minimum required is "5.1") 
[2.535s] -- Found Boost: /usr/lib/x86_64-linux-gnu/cmake/Boost-1.74.0/BoostConfig.cmake (found version "1.74.0") found components: date_time system filesystem 
[2.546s] -- Found ament_lint_auto: 0.12.11 (/opt/ros/humble/share/ament_lint_auto/cmake)
[2.751s] -- Configuring done
[2.872s] -- Generating done
[2.877s] -- Build files have been written to: /home/m/Desktop/S1/RI/proj1/worskapce/build/flatland_rviz_plugins
[2.947s] Invoked command in '/home/m/Desktop/S1/RI/proj1/worskapce/build/flatland_rviz_plugins' returned '0': AMENT_PREFIX_PATH=/home/m/Desktop/S1/RI/proj1/worskapce/install/flatland_server:/home/m/Desktop/S1/RI/proj1/worskapce/install/flatland_msgs:/home/m/Desktop/S1/RI/proj1/worskapce/install/flatland_box2d:${AMENT_PREFIX_PATH} CMAKE_PREFIX_PATH=/home/m/Desktop/S1/RI/proj1/worskapce/install/flatland_server:/home/m/Desktop/S1/RI/proj1/worskapce/install/flatland_msgs:/home/m/Desktop/S1/RI/proj1/worskapce/install/flatland_box2d:/opt/ros/humble LD_LIBRARY_PATH=/home/m/Desktop/S1/RI/proj1/worskapce/install/flatland_server/lib:/home/m/Desktop/S1/RI/proj1/worskapce/install/flatland_msgs/lib:/home/m/Desktop/S1/RI/proj1/worskapce/install/flatland_box2d/lib:${LD_LIBRARY_PATH} PYTHONPATH=/home/m/Desktop/S1/RI/proj1/worskapce/install/flatland_msgs/local/lib/python3.10/dist-packages:${PYTHONPATH} /usr/bin/cmake /home/m/Desktop/S1/RI/proj1/worskapce/flatland/flatland_rviz_plugins -DCMAKE_INSTALL_PREFIX=/home/m/Desktop/S1/RI/proj1/worskapce/install/flatland_rviz_plugins
[2.947s] Invoking command in '/home/m/Desktop/S1/RI/proj1/worskapce/build/flatland_rviz_plugins': AMENT_PREFIX_PATH=/home/m/Desktop/S1/RI/proj1/worskapce/install/flatland_server:/home/m/Desktop/S1/RI/proj1/worskapce/install/flatland_msgs:/home/m/Desktop/S1/RI/proj1/worskapce/install/flatland_box2d:${AMENT_PREFIX_PATH} CMAKE_PREFIX_PATH=/home/m/Desktop/S1/RI/proj1/worskapce/install/flatland_server:/home/m/Desktop/S1/RI/proj1/worskapce/install/flatland_msgs:/home/m/Desktop/S1/RI/proj1/worskapce/install/flatland_box2d:/opt/ros/humble LD_LIBRARY_PATH=/home/m/Desktop/S1/RI/proj1/worskapce/install/flatland_server/lib:/home/m/Desktop/S1/RI/proj1/worskapce/install/flatland_msgs/lib:/home/m/Desktop/S1/RI/proj1/worskapce/install/flatland_box2d/lib:${LD_LIBRARY_PATH} PYTHONPATH=/home/m/Desktop/S1/RI/proj1/worskapce/install/flatland_msgs/local/lib/python3.10/dist-packages:${PYTHONPATH} /usr/bin/cmake --build /home/m/Desktop/S1/RI/proj1/worskapce/build/flatland_rviz_plugins -- -j8 -l8
[3.175s] [ 11%] [34m[1mAutomatic MOC for target flatland_rviz_plugins[0m
[5.092s] [ 11%] Built target flatland_rviz_plugins_autogen
[5.218s] [ 22%] [32mBuilding CXX object CMakeFiles/flatland_rviz_plugins.dir/flatland_rviz_plugins_autogen/mocs_compilation.cpp.o[0m
[5.220s] [ 33%] [32mBuilding CXX object CMakeFiles/flatland_rviz_plugins.dir/src/change_rate_tool.cpp.o[0m
[5.238s] [ 44%] [32mBuilding CXX object CMakeFiles/flatland_rviz_plugins.dir/src/change_rate_dialog.cpp.o[0m
[5.263s] [ 55%] [32mBuilding CXX object CMakeFiles/flatland_rviz_plugins.dir/src/pause_tool.cpp.o[0m
[5.331s] [ 66%] [32mBuilding CXX object CMakeFiles/flatland_rviz_plugins.dir/src/interactive_tool.cpp.o[0m
[5.342s] [ 77%] [32mBuilding CXX object CMakeFiles/flatland_rviz_plugins.dir/src/spawn_model_tool.cpp.o[0m
[5.394s] [ 88%] [32mBuilding CXX object CMakeFiles/flatland_rviz_plugins.dir/src/load_model_dialog.cpp.o[0m
[28.119s] [100%] [32m[1mLinking CXX shared library libflatland_rviz_plugins.so[0m
[33.450s] [100%] Built target flatland_rviz_plugins
[33.460s] Invoked command in '/home/m/Desktop/S1/RI/proj1/worskapce/build/flatland_rviz_plugins' returned '0': AMENT_PREFIX_PATH=/home/m/Desktop/S1/RI/proj1/worskapce/install/flatland_server:/home/m/Desktop/S1/RI/proj1/worskapce/install/flatland_msgs:/home/m/Desktop/S1/RI/proj1/worskapce/install/flatland_box2d:${AMENT_PREFIX_PATH} CMAKE_PREFIX_PATH=/home/m/Desktop/S1/RI/proj1/worskapce/install/flatland_server:/home/m/Desktop/S1/RI/proj1/worskapce/install/flatland_msgs:/home/m/Desktop/S1/RI/proj1/worskapce/install/flatland_box2d:/opt/ros/humble LD_LIBRARY_PATH=/home/m/Desktop/S1/RI/proj1/worskapce/install/flatland_server/lib:/home/m/Desktop/S1/RI/proj1/worskapce/install/flatland_msgs/lib:/home/m/Desktop/S1/RI/proj1/worskapce/install/flatland_box2d/lib:${LD_LIBRARY_PATH} PYTHONPATH=/home/m/Desktop/S1/RI/proj1/worskapce/install/flatland_msgs/local/lib/python3.10/dist-packages:${PYTHONPATH} /usr/bin/cmake --build /home/m/Desktop/S1/RI/proj1/worskapce/build/flatland_rviz_plugins -- -j8 -l8
[33.488s] Invoking command in '/home/m/Desktop/S1/RI/proj1/worskapce/build/flatland_rviz_plugins': AMENT_PREFIX_PATH=/home/m/Desktop/S1/RI/proj1/worskapce/install/flatland_server:/home/m/Desktop/S1/RI/proj1/worskapce/install/flatland_msgs:/home/m/Desktop/S1/RI/proj1/worskapce/install/flatland_box2d:${AMENT_PREFIX_PATH} CMAKE_PREFIX_PATH=/home/m/Desktop/S1/RI/proj1/worskapce/install/flatland_server:/home/m/Desktop/S1/RI/proj1/worskapce/install/flatland_msgs:/home/m/Desktop/S1/RI/proj1/worskapce/install/flatland_box2d:/opt/ros/humble LD_LIBRARY_PATH=/home/m/Desktop/S1/RI/proj1/worskapce/install/flatland_server/lib:/home/m/Desktop/S1/RI/proj1/worskapce/install/flatland_msgs/lib:/home/m/Desktop/S1/RI/proj1/worskapce/install/flatland_box2d/lib:${LD_LIBRARY_PATH} PYTHONPATH=/home/m/Desktop/S1/RI/proj1/worskapce/install/flatland_msgs/local/lib/python3.10/dist-packages:${PYTHONPATH} /usr/bin/cmake --install /home/m/Desktop/S1/RI/proj1/worskapce/build/flatland_rviz_plugins
[33.495s] -- Install configuration: ""
[33.495s] -- Installing: /home/m/Desktop/S1/RI/proj1/worskapce/install/flatland_rviz_plugins/share/flatland_rviz_plugins/plugins_description.xml
[33.495s] -- Installing: /home/m/Desktop/S1/RI/proj1/worskapce/install/flatland_rviz_plugins/lib/libflatland_rviz_plugins.so
[33.502s] -- Set runtime path of "/home/m/Desktop/S1/RI/proj1/worskapce/install/flatland_rviz_plugins/lib/libflatland_rviz_plugins.so" to ""
[33.502s] -- Installing: /home/m/Desktop/S1/RI/proj1/worskapce/install/flatland_rviz_plugins/include/
[33.503s] -- Installing: /home/m/Desktop/S1/RI/proj1/worskapce/install/flatland_rviz_plugins/include//flatland_rviz_plugins
[33.503s] -- Installing: /home/m/Desktop/S1/RI/proj1/worskapce/install/flatland_rviz_plugins/include//flatland_rviz_plugins/load_model_dialog.hpp
[33.503s] -- Installing: /home/m/Desktop/S1/RI/proj1/worskapce/install/flatland_rviz_plugins/include//flatland_rviz_plugins/interactive_tool.hpp
[33.503s] -- Installing: /home/m/Desktop/S1/RI/proj1/worskapce/install/flatland_rviz_plugins/include//flatland_rviz_plugins/change_rate_dialog.hpp
[33.503s] -- Installing: /home/m/Desktop/S1/RI/proj1/worskapce/install/flatland_rviz_plugins/include//flatland_rviz_plugins/spawn_model_tool.hpp
[33.503s] -- Installing: /home/m/Desktop/S1/RI/proj1/worskapce/install/flatland_rviz_plugins/include//flatland_rviz_plugins/pause_tool.hpp
[33.503s] -- Installing: /home/m/Desktop/S1/RI/proj1/worskapce/install/flatland_rviz_plugins/include//flatland_rviz_plugins/change_rate_tool.hpp
[33.503s] -- Installing: /home/m/Desktop/S1/RI/proj1/worskapce/install/flatland_rviz_plugins/share/flatland_rviz_plugins/icons
[33.503s] -- Installing: /home/m/Desktop/S1/RI/proj1/worskapce/install/flatland_rviz_plugins/share/flatland_rviz_plugins/icons/pause.svg
[33.504s] -- Installing: /home/m/Desktop/S1/RI/proj1/worskapce/install/flatland_rviz_plugins/share/flatland_rviz_plugins/icons/time.png
[33.504s] -- Installing: /home/m/Desktop/S1/RI/proj1/worskapce/install/flatland_rviz_plugins/share/flatland_rviz_plugins/environment/library_path.sh
[33.504s] -- Installing: /home/m/Desktop/S1/RI/proj1/worskapce/install/flatland_rviz_plugins/share/flatland_rviz_plugins/environment/library_path.dsv
[33.504s] -- Installing: /home/m/Desktop/S1/RI/proj1/worskapce/install/flatland_rviz_plugins/share/ament_index/resource_index/package_run_dependencies/flatland_rviz_plugins
[33.504s] -- Installing: /home/m/Desktop/S1/RI/proj1/worskapce/install/flatland_rviz_plugins/share/ament_index/resource_index/parent_prefix_path/flatland_rviz_plugins
[33.504s] -- Installing: /home/m/Desktop/S1/RI/proj1/worskapce/install/flatland_rviz_plugins/share/flatland_rviz_plugins/environment/ament_prefix_path.sh
[33.505s] -- Installing: /home/m/Desktop/S1/RI/proj1/worskapce/install/flatland_rviz_plugins/share/flatland_rviz_plugins/environment/ament_prefix_path.dsv
[33.505s] -- Installing: /home/m/Desktop/S1/RI/proj1/worskapce/install/flatland_rviz_plugins/share/flatland_rviz_plugins/environment/path.sh
[33.505s] -- Installing: /home/m/Desktop/S1/RI/proj1/worskapce/install/flatland_rviz_plugins/share/flatland_rviz_plugins/environment/path.dsv
[33.505s] -- Installing: /home/m/Desktop/S1/RI/proj1/worskapce/install/flatland_rviz_plugins/share/flatland_rviz_plugins/local_setup.bash
[33.505s] -- Installing: /home/m/Desktop/S1/RI/proj1/worskapce/install/flatland_rviz_plugins/share/flatland_rviz_plugins/local_setup.sh
[33.505s] -- Installing: /home/m/Desktop/S1/RI/proj1/worskapce/install/flatland_rviz_plugins/share/flatland_rviz_plugins/local_setup.zsh
[33.506s] -- Installing: /home/m/Desktop/S1/RI/proj1/worskapce/install/flatland_rviz_plugins/share/flatland_rviz_plugins/local_setup.dsv
[33.506s] -- Installing: /home/m/Desktop/S1/RI/proj1/worskapce/install/flatland_rviz_plugins/share/flatland_rviz_plugins/package.dsv
[33.506s] -- Installing: /home/m/Desktop/S1/RI/proj1/worskapce/install/flatland_rviz_plugins/share/ament_index/resource_index/packages/flatland_rviz_plugins
[33.506s] -- Installing: /home/m/Desktop/S1/RI/proj1/worskapce/install/flatland_rviz_plugins/share/ament_index/resource_index/rviz_common__pluginlib__plugin/flatland_rviz_plugins
[33.507s] -- Installing: /home/m/Desktop/S1/RI/proj1/worskapce/install/flatland_rviz_plugins/share/flatland_rviz_plugins/cmake/flatland_rviz_pluginsExport.cmake
[33.507s] -- Installing: /home/m/Desktop/S1/RI/proj1/worskapce/install/flatland_rviz_plugins/share/flatland_rviz_plugins/cmake/flatland_rviz_pluginsExport-noconfig.cmake
[33.507s] -- Installing: /home/m/Desktop/S1/RI/proj1/worskapce/install/flatland_rviz_plugins/share/flatland_rviz_plugins/cmake/ament_cmake_export_include_directories-extras.cmake
[33.507s] -- Installing: /home/m/Desktop/S1/RI/proj1/worskapce/install/flatland_rviz_plugins/share/flatland_rviz_plugins/cmake/ament_cmake_export_targets-extras.cmake
[33.507s] -- Installing: /home/m/Desktop/S1/RI/proj1/worskapce/install/flatland_rviz_plugins/share/flatland_rviz_plugins/cmake/ament_cmake_export_dependencies-extras.cmake
[33.508s] -- Installing: /home/m/Desktop/S1/RI/proj1/worskapce/install/flatland_rviz_plugins/share/flatland_rviz_plugins/cmake/flatland_rviz_pluginsConfig.cmake
[33.508s] -- Installing: /home/m/Desktop/S1/RI/proj1/worskapce/install/flatland_rviz_plugins/share/flatland_rviz_plugins/cmake/flatland_rviz_pluginsConfig-version.cmake
[33.508s] -- Installing: /home/m/Desktop/S1/RI/proj1/worskapce/install/flatland_rviz_plugins/share/flatland_rviz_plugins/package.xml
[33.510s] Invoked command in '/home/m/Desktop/S1/RI/proj1/worskapce/build/flatland_rviz_plugins' returned '0': AMENT_PREFIX_PATH=/home/m/Desktop/S1/RI/proj1/worskapce/install/flatland_server:/home/m/Desktop/S1/RI/proj1/worskapce/install/flatland_msgs:/home/m/Desktop/S1/RI/proj1/worskapce/install/flatland_box2d:${AMENT_PREFIX_PATH} CMAKE_PREFIX_PATH=/home/m/Desktop/S1/RI/proj1/worskapce/install/flatland_server:/home/m/Desktop/S1/RI/proj1/worskapce/install/flatland_msgs:/home/m/Desktop/S1/RI/proj1/worskapce/install/flatland_box2d:/opt/ros/humble LD_LIBRARY_PATH=/home/m/Desktop/S1/RI/proj1/worskapce/install/flatland_server/lib:/home/m/Desktop/S1/RI/proj1/worskapce/install/flatland_msgs/lib:/home/m/Desktop/S1/RI/proj1/worskapce/install/flatland_box2d/lib:${LD_LIBRARY_PATH} PYTHONPATH=/home/m/Desktop/S1/RI/proj1/worskapce/install/flatland_msgs/local/lib/python3.10/dist-packages:${PYTHONPATH} /usr/bin/cmake --install /home/m/Desktop/S1/RI/proj1/worskapce/build/flatland_rviz_plugins
