running develop
running egg_info
creating robot2.egg-info
writing robot2.egg-info/PKG-INFO
writing dependency_links to robot2.egg-info/dependency_links.txt
writing entry points to robot2.egg-info/entry_points.txt
writing requirements to robot2.egg-info/requires.txt
writing top-level names to robot2.egg-info/top_level.txt
writing manifest file 'robot2.egg-info/SOURCES.txt'
reading manifest file 'robot2.egg-info/SOURCES.txt'
writing manifest file 'robot2.egg-info/SOURCES.txt'
running build_ext
Creating /home/m/Desktop/S1/RI/proj1/workspace/install/robot2/lib/python3.8/site-packages/site.py
Creating /home/m/Desktop/S1/RI/proj1/workspace/install/robot2/lib/python3.8/site-packages/robot2.egg-link (link to .)

Installed /home/m/Desktop/S1/RI/proj1/workspace/build/robot2
running symlink_data
creating /home/m/Desktop/S1/RI/proj1/workspace/install/robot2/share/ament_index
creating /home/m/Desktop/S1/RI/proj1/workspace/install/robot2/share/ament_index/resource_index
creating /home/m/Desktop/S1/RI/proj1/workspace/install/robot2/share/ament_index/resource_index/packages
symbolically linking /home/m/Desktop/S1/RI/proj1/workspace/build/robot2/resource/robot2 -> /home/m/Desktop/S1/RI/proj1/workspace/install/robot2/share/ament_index/resource_index/packages
symbolically linking /home/m/Desktop/S1/RI/proj1/workspace/build/robot2/package.xml -> /home/m/Desktop/S1/RI/proj1/workspace/install/robot2/share/robot2
