[1.034s] Invoking command in '/home/m/Desktop/S1/RI/proj1/workspace/build/robot2': PYTHONPATH=/home/m/Desktop/S1/RI/proj1/workspace/build/robot2/prefix_override:/usr/lib/python3/dist-packages/colcon_core/task/python/colcon_distutils_commands:/home/m/Desktop/S1/RI/proj1/workspace/install/robot2/lib/python3.8/site-packages:${PYTHONPATH} /usr/bin/python3 -W ignore:setup.py install is deprecated setup.py develop --editable --build-directory /home/m/Desktop/S1/RI/proj1/workspace/build/robot2/build --no-deps symlink_data
[1.283s] running develop
[1.461s] running egg_info
[1.461s] creating robot2.egg-info
[1.461s] writing robot2.egg-info/PKG-INFO
[1.462s] writing dependency_links to robot2.egg-info/dependency_links.txt
[1.462s] writing entry points to robot2.egg-info/entry_points.txt
[1.462s] writing requirements to robot2.egg-info/requires.txt
[1.462s] writing top-level names to robot2.egg-info/top_level.txt
[1.463s] writing manifest file 'robot2.egg-info/SOURCES.txt'
[1.504s] reading manifest file 'robot2.egg-info/SOURCES.txt'
[1.505s] writing manifest file 'robot2.egg-info/SOURCES.txt'
[1.561s] running build_ext
[1.561s] Creating /home/m/Desktop/S1/RI/proj1/workspace/install/robot2/lib/python3.8/site-packages/site.py
[1.564s] Creating /home/m/Desktop/S1/RI/proj1/workspace/install/robot2/lib/python3.8/site-packages/robot2.egg-link (link to .)
[1.565s] 
[1.565s] Installed /home/m/Desktop/S1/RI/proj1/workspace/build/robot2
[1.565s] running symlink_data
[1.565s] creating /home/m/Desktop/S1/RI/proj1/workspace/install/robot2/share/ament_index
[1.566s] creating /home/m/Desktop/S1/RI/proj1/workspace/install/robot2/share/ament_index/resource_index
[1.566s] creating /home/m/Desktop/S1/RI/proj1/workspace/install/robot2/share/ament_index/resource_index/packages
[1.566s] symbolically linking /home/m/Desktop/S1/RI/proj1/workspace/build/robot2/resource/robot2 -> /home/m/Desktop/S1/RI/proj1/workspace/install/robot2/share/ament_index/resource_index/packages
[1.567s] symbolically linking /home/m/Desktop/S1/RI/proj1/workspace/build/robot2/package.xml -> /home/m/Desktop/S1/RI/proj1/workspace/install/robot2/share/robot2
[1.604s] Invoked command in '/home/m/Desktop/S1/RI/proj1/workspace/build/robot2' returned '0': PYTHONPATH=/home/m/Desktop/S1/RI/proj1/workspace/build/robot2/prefix_override:/usr/lib/python3/dist-packages/colcon_core/task/python/colcon_distutils_commands:/home/m/Desktop/S1/RI/proj1/workspace/install/robot2/lib/python3.8/site-packages:${PYTHONPATH} /usr/bin/python3 -W ignore:setup.py install is deprecated setup.py develop --editable --build-directory /home/m/Desktop/S1/RI/proj1/workspace/build/robot2/build --no-deps symlink_data
