[0.027s] Invoking command in '/home/m/Desktop/S1/RI/proj1/worskapce/build/flatland_rviz_plugins': CMAKE_PREFIX_PATH=/home/m/Desktop/S1/RI/proj1/worskapce/install/flatland_server:/home/m/Desktop/S1/RI/proj1/worskapce/install/flatland_msgs:/home/m/Desktop/S1/RI/proj1/worskapce/install/flatland_box2d:/home/m/Desktop/S1/RI/proj1/worskapce/install/flatland_rviz_plugins:/home/m/Desktop/S1/RI/proj1/worskapce/install/flatland_plugins:/home/m/Desktop/S1/RI/proj1/worskapce/install/flatland:/home/m/Desktop/S1/RI/proj1/worskapce/install/robot2:/home/m/Desktop/S1/RI/proj1/worskapce/install/robot1:/opt/ros/humble LD_LIBRARY_PATH=/home/m/Desktop/S1/RI/proj1/worskapce/install/flatland_server/lib:/home/m/Desktop/S1/RI/proj1/worskapce/install/flatland_msgs/lib:/home/m/Desktop/S1/RI/proj1/worskapce/install/flatland_box2d/lib:/home/m/Desktop/S1/RI/proj1/worskapce/install/flatland_rviz_plugins/lib:/home/m/Desktop/S1/RI/proj1/worskapce/install/flatland_plugins/lib:/opt/ros/humble/opt/rviz_ogre_vendor/lib:/opt/ros/humble/lib/x86_64-linux-gnu:/opt/ros/humble/lib /usr/bin/cmake --build /home/m/Desktop/S1/RI/proj1/worskapce/build/flatland_rviz_plugins -- -j8 -l8
[0.101s] [ 11%] [34m[1mAutomatic MOC for target flatland_rviz_plugins[0m
[0.131s] [ 11%] Built target flatland_rviz_plugins_autogen
[0.216s] [100%] Built target flatland_rviz_plugins
[0.258s] Invoked command in '/home/m/Desktop/S1/RI/proj1/worskapce/build/flatland_rviz_plugins' returned '0': CMAKE_PREFIX_PATH=/home/m/Desktop/S1/RI/proj1/worskapce/install/flatland_server:/home/m/Desktop/S1/RI/proj1/worskapce/install/flatland_msgs:/home/m/Desktop/S1/RI/proj1/worskapce/install/flatland_box2d:/home/m/Desktop/S1/RI/proj1/worskapce/install/flatland_rviz_plugins:/home/m/Desktop/S1/RI/proj1/worskapce/install/flatland_plugins:/home/m/Desktop/S1/RI/proj1/worskapce/install/flatland:/home/m/Desktop/S1/RI/proj1/worskapce/install/robot2:/home/m/Desktop/S1/RI/proj1/worskapce/install/robot1:/opt/ros/humble LD_LIBRARY_PATH=/home/m/Desktop/S1/RI/proj1/worskapce/install/flatland_server/lib:/home/m/Desktop/S1/RI/proj1/worskapce/install/flatland_msgs/lib:/home/m/Desktop/S1/RI/proj1/worskapce/install/flatland_box2d/lib:/home/m/Desktop/S1/RI/proj1/worskapce/install/flatland_rviz_plugins/lib:/home/m/Desktop/S1/RI/proj1/worskapce/install/flatland_plugins/lib:/opt/ros/humble/opt/rviz_ogre_vendor/lib:/opt/ros/humble/lib/x86_64-linux-gnu:/opt/ros/humble/lib /usr/bin/cmake --build /home/m/Desktop/S1/RI/proj1/worskapce/build/flatland_rviz_plugins -- -j8 -l8
[0.319s] Invoking command in '/home/m/Desktop/S1/RI/proj1/worskapce/build/flatland_rviz_plugins': CMAKE_PREFIX_PATH=/home/m/Desktop/S1/RI/proj1/worskapce/install/flatland_server:/home/m/Desktop/S1/RI/proj1/worskapce/install/flatland_msgs:/home/m/Desktop/S1/RI/proj1/worskapce/install/flatland_box2d:/home/m/Desktop/S1/RI/proj1/worskapce/install/flatland_rviz_plugins:/home/m/Desktop/S1/RI/proj1/worskapce/install/flatland_plugins:/home/m/Desktop/S1/RI/proj1/worskapce/install/flatland:/home/m/Desktop/S1/RI/proj1/worskapce/install/robot2:/home/m/Desktop/S1/RI/proj1/worskapce/install/robot1:/opt/ros/humble LD_LIBRARY_PATH=/home/m/Desktop/S1/RI/proj1/worskapce/install/flatland_server/lib:/home/m/Desktop/S1/RI/proj1/worskapce/install/flatland_msgs/lib:/home/m/Desktop/S1/RI/proj1/worskapce/install/flatland_box2d/lib:/home/m/Desktop/S1/RI/proj1/worskapce/install/flatland_rviz_plugins/lib:/home/m/Desktop/S1/RI/proj1/worskapce/install/flatland_plugins/lib:/opt/ros/humble/opt/rviz_ogre_vendor/lib:/opt/ros/humble/lib/x86_64-linux-gnu:/opt/ros/humble/lib /usr/bin/cmake --install /home/m/Desktop/S1/RI/proj1/worskapce/build/flatland_rviz_plugins
[0.329s] -- Install configuration: ""
[0.330s] -- Up-to-date: /home/m/Desktop/S1/RI/proj1/worskapce/install/flatland_rviz_plugins/share/flatland_rviz_plugins/plugins_description.xml
[0.330s] -- Up-to-date: /home/m/Desktop/S1/RI/proj1/worskapce/install/flatland_rviz_plugins/lib/libflatland_rviz_plugins.so
[0.330s] -- Up-to-date: /home/m/Desktop/S1/RI/proj1/worskapce/install/flatland_rviz_plugins/include/
[0.331s] -- Up-to-date: /home/m/Desktop/S1/RI/proj1/worskapce/install/flatland_rviz_plugins/include//flatland_rviz_plugins
[0.331s] -- Up-to-date: /home/m/Desktop/S1/RI/proj1/worskapce/install/flatland_rviz_plugins/include//flatland_rviz_plugins/load_model_dialog.hpp
[0.331s] -- Up-to-date: /home/m/Desktop/S1/RI/proj1/worskapce/install/flatland_rviz_plugins/include//flatland_rviz_plugins/interactive_tool.hpp
[0.331s] -- Up-to-date: /home/m/Desktop/S1/RI/proj1/worskapce/install/flatland_rviz_plugins/include//flatland_rviz_plugins/change_rate_dialog.hpp
[0.332s] -- Up-to-date: /home/m/Desktop/S1/RI/proj1/worskapce/install/flatland_rviz_plugins/include//flatland_rviz_plugins/spawn_model_tool.hpp
[0.332s] -- Up-to-date: /home/m/Desktop/S1/RI/proj1/worskapce/install/flatland_rviz_plugins/include//flatland_rviz_plugins/pause_tool.hpp
[0.332s] -- Up-to-date: /home/m/Desktop/S1/RI/proj1/worskapce/install/flatland_rviz_plugins/include//flatland_rviz_plugins/change_rate_tool.hpp
[0.332s] -- Up-to-date: /home/m/Desktop/S1/RI/proj1/worskapce/install/flatland_rviz_plugins/share/flatland_rviz_plugins/icons
[0.333s] -- Up-to-date: /home/m/Desktop/S1/RI/proj1/worskapce/install/flatland_rviz_plugins/share/flatland_rviz_plugins/icons/pause.svg
[0.333s] -- Up-to-date: /home/m/Desktop/S1/RI/proj1/worskapce/install/flatland_rviz_plugins/share/flatland_rviz_plugins/icons/time.png
[0.333s] -- Up-to-date: /home/m/Desktop/S1/RI/proj1/worskapce/install/flatland_rviz_plugins/share/flatland_rviz_plugins/environment/library_path.sh
[0.333s] -- Up-to-date: /home/m/Desktop/S1/RI/proj1/worskapce/install/flatland_rviz_plugins/share/flatland_rviz_plugins/environment/library_path.dsv
[0.336s] -- Up-to-date: /home/m/Desktop/S1/RI/proj1/worskapce/install/flatland_rviz_plugins/share/ament_index/resource_index/package_run_dependencies/flatland_rviz_plugins
[0.336s] -- Up-to-date: /home/m/Desktop/S1/RI/proj1/worskapce/install/flatland_rviz_plugins/share/ament_index/resource_index/parent_prefix_path/flatland_rviz_plugins
[0.336s] -- Up-to-date: /home/m/Desktop/S1/RI/proj1/worskapce/install/flatland_rviz_plugins/share/flatland_rviz_plugins/environment/ament_prefix_path.sh
[0.336s] -- Up-to-date: /home/m/Desktop/S1/RI/proj1/worskapce/install/flatland_rviz_plugins/share/flatland_rviz_plugins/environment/ament_prefix_path.dsv
[0.336s] -- Up-to-date: /home/m/Desktop/S1/RI/proj1/worskapce/install/flatland_rviz_plugins/share/flatland_rviz_plugins/environment/path.sh
[0.337s] -- Up-to-date: /home/m/Desktop/S1/RI/proj1/worskapce/install/flatland_rviz_plugins/share/flatland_rviz_plugins/environment/path.dsv
[0.337s] -- Up-to-date: /home/m/Desktop/S1/RI/proj1/worskapce/install/flatland_rviz_plugins/share/flatland_rviz_plugins/local_setup.bash
[0.337s] -- Up-to-date: /home/m/Desktop/S1/RI/proj1/worskapce/install/flatland_rviz_plugins/share/flatland_rviz_plugins/local_setup.sh
[0.337s] -- Up-to-date: /home/m/Desktop/S1/RI/proj1/worskapce/install/flatland_rviz_plugins/share/flatland_rviz_plugins/local_setup.zsh
[0.337s] -- Up-to-date: /home/m/Desktop/S1/RI/proj1/worskapce/install/flatland_rviz_plugins/share/flatland_rviz_plugins/local_setup.dsv
[0.338s] -- Installing: /home/m/Desktop/S1/RI/proj1/worskapce/install/flatland_rviz_plugins/share/flatland_rviz_plugins/package.dsv
[0.338s] -- Up-to-date: /home/m/Desktop/S1/RI/proj1/worskapce/install/flatland_rviz_plugins/share/ament_index/resource_index/packages/flatland_rviz_plugins
[0.338s] -- Up-to-date: /home/m/Desktop/S1/RI/proj1/worskapce/install/flatland_rviz_plugins/share/ament_index/resource_index/rviz_common__pluginlib__plugin/flatland_rviz_plugins
[0.338s] -- Up-to-date: /home/m/Desktop/S1/RI/proj1/worskapce/install/flatland_rviz_plugins/share/flatland_rviz_plugins/cmake/flatland_rviz_pluginsExport.cmake
[0.338s] -- Up-to-date: /home/m/Desktop/S1/RI/proj1/worskapce/install/flatland_rviz_plugins/share/flatland_rviz_plugins/cmake/flatland_rviz_pluginsExport-noconfig.cmake
[0.339s] -- Up-to-date: /home/m/Desktop/S1/RI/proj1/worskapce/install/flatland_rviz_plugins/share/flatland_rviz_plugins/cmake/ament_cmake_export_include_directories-extras.cmake
[0.339s] -- Up-to-date: /home/m/Desktop/S1/RI/proj1/worskapce/install/flatland_rviz_plugins/share/flatland_rviz_plugins/cmake/ament_cmake_export_targets-extras.cmake
[0.339s] -- Up-to-date: /home/m/Desktop/S1/RI/proj1/worskapce/install/flatland_rviz_plugins/share/flatland_rviz_plugins/cmake/ament_cmake_export_dependencies-extras.cmake
[0.339s] -- Up-to-date: /home/m/Desktop/S1/RI/proj1/worskapce/install/flatland_rviz_plugins/share/flatland_rviz_plugins/cmake/flatland_rviz_pluginsConfig.cmake
[0.339s] -- Up-to-date: /home/m/Desktop/S1/RI/proj1/worskapce/install/flatland_rviz_plugins/share/flatland_rviz_plugins/cmake/flatland_rviz_pluginsConfig-version.cmake
[0.340s] -- Up-to-date: /home/m/Desktop/S1/RI/proj1/worskapce/install/flatland_rviz_plugins/share/flatland_rviz_plugins/package.xml
[0.340s] Invoked command in '/home/m/Desktop/S1/RI/proj1/worskapce/build/flatland_rviz_plugins' returned '0': CMAKE_PREFIX_PATH=/home/m/Desktop/S1/RI/proj1/worskapce/install/flatland_server:/home/m/Desktop/S1/RI/proj1/worskapce/install/flatland_msgs:/home/m/Desktop/S1/RI/proj1/worskapce/install/flatland_box2d:/home/m/Desktop/S1/RI/proj1/worskapce/install/flatland_rviz_plugins:/home/m/Desktop/S1/RI/proj1/worskapce/install/flatland_plugins:/home/m/Desktop/S1/RI/proj1/worskapce/install/flatland:/home/m/Desktop/S1/RI/proj1/worskapce/install/robot2:/home/m/Desktop/S1/RI/proj1/worskapce/install/robot1:/opt/ros/humble LD_LIBRARY_PATH=/home/m/Desktop/S1/RI/proj1/worskapce/install/flatland_server/lib:/home/m/Desktop/S1/RI/proj1/worskapce/install/flatland_msgs/lib:/home/m/Desktop/S1/RI/proj1/worskapce/install/flatland_box2d/lib:/home/m/Desktop/S1/RI/proj1/worskapce/install/flatland_rviz_plugins/lib:/home/m/Desktop/S1/RI/proj1/worskapce/install/flatland_plugins/lib:/opt/ros/humble/opt/rviz_ogre_vendor/lib:/opt/ros/humble/lib/x86_64-linux-gnu:/opt/ros/humble/lib /usr/bin/cmake --install /home/m/Desktop/S1/RI/proj1/worskapce/build/flatland_rviz_plugins
