[0.196s] DEBUG:colcon:Command line arguments: ['/usr/bin/colcon', 'build', '--symlink-install']
[0.196s] DEBUG:colcon:Parsed command line arguments: Namespace(allow_overriding=[], ament_cmake_args=None, base_paths=['.'], build_base='build', catkin_cmake_args=None, catkin_skip_building_tests=False, cmake_args=None, cmake_clean_cache=False, cmake_clean_first=False, cmake_force_configure=False, cmake_target=None, cmake_target_skip_unavailable=False, continue_on_error=False, event_handlers=None, executor='parallel', ignore_user_meta=False, install_base='install', log_base=None, log_level=None, main=<bound method BuildVerb.main of <colcon_core.verb.build.BuildVerb object at 0x7f1575fa0cd0>>, merge_install=False, metas=['./colcon.meta'], packages_above=None, packages_above_and_dependencies=None, packages_above_depth=None, packages_end=None, packages_ignore=None, packages_ignore_regex=None, packages_select=None, packages_select_build_failed=False, packages_select_by_dep=None, packages_select_regex=None, packages_select_test_failures=False, packages_skip=None, packages_skip_build_finished=False, packages_skip_by_dep=None, packages_skip_regex=None, packages_skip_test_passed=False, packages_skip_up_to=None, packages_start=None, packages_up_to=None, packages_up_to_regex=None, parallel_workers=8, paths=None, symlink_install=True, test_result_base=None, verb_extension=<colcon_core.verb.build.BuildVerb object at 0x7f1575fa0cd0>, verb_name='build', verb_parser=<colcon_defaults.argument_parser.defaults.DefaultArgumentsDecorator object at 0x7f1575e6acd0>)
[0.339s] Level 1:colcon.colcon_core.package_discovery:discover_packages(colcon_meta) check parameters
[0.339s] Level 1:colcon.colcon_core.package_discovery:discover_packages(recursive) check parameters
[0.339s] Level 1:colcon.colcon_core.package_discovery:discover_packages(ignore) check parameters
[0.339s] Level 1:colcon.colcon_core.package_discovery:discover_packages(path) check parameters
[0.339s] Level 1:colcon.colcon_core.package_discovery:discover_packages(colcon_meta) discover
[0.339s] Level 1:colcon.colcon_core.package_discovery:discover_packages(recursive) discover
[0.339s] INFO:colcon.colcon_core.package_discovery:Crawling recursively for packages in '/home/m/Desktop/S1/RI/proj1/workspace'
[0.339s] Level 1:colcon.colcon_core.package_identification:_identify(.) by extensions ['ignore', 'ignore_ament_install']
[0.340s] Level 1:colcon.colcon_core.package_identification:_identify(.) by extension 'ignore'
[0.340s] Level 1:colcon.colcon_core.package_identification:_identify(.) by extension 'ignore_ament_install'
[0.340s] Level 1:colcon.colcon_core.package_identification:_identify(.) by extensions ['colcon_pkg']
[0.340s] Level 1:colcon.colcon_core.package_identification:_identify(.) by extension 'colcon_pkg'
[0.340s] Level 1:colcon.colcon_core.package_identification:_identify(.) by extensions ['colcon_meta']
[0.340s] Level 1:colcon.colcon_core.package_identification:_identify(.) by extension 'colcon_meta'
[0.340s] Level 1:colcon.colcon_core.package_identification:_identify(.) by extensions ['ros']
[0.340s] Level 1:colcon.colcon_core.package_identification:_identify(.) by extension 'ros'
[0.350s] Level 1:colcon.colcon_core.package_identification:_identify(.) by extensions ['cmake', 'python']
[0.350s] Level 1:colcon.colcon_core.package_identification:_identify(.) by extension 'cmake'
[0.350s] Level 1:colcon.colcon_core.package_identification:_identify(.) by extension 'python'
[0.350s] Level 1:colcon.colcon_core.package_identification:_identify(.) by extensions ['python_setup_py']
[0.350s] Level 1:colcon.colcon_core.package_identification:_identify(.) by extension 'python_setup_py'
[0.350s] Level 1:colcon.colcon_core.package_identification:_identify(build) by extensions ['ignore', 'ignore_ament_install']
[0.350s] Level 1:colcon.colcon_core.package_identification:_identify(build) by extension 'ignore'
[0.350s] Level 1:colcon.colcon_core.package_identification:_identify(build) ignored
[0.350s] Level 1:colcon.colcon_core.package_identification:_identify(install) by extensions ['ignore', 'ignore_ament_install']
[0.351s] Level 1:colcon.colcon_core.package_identification:_identify(install) by extension 'ignore'
[0.351s] Level 1:colcon.colcon_core.package_identification:_identify(install) ignored
[0.351s] Level 1:colcon.colcon_core.package_identification:_identify(log) by extensions ['ignore', 'ignore_ament_install']
[0.351s] Level 1:colcon.colcon_core.package_identification:_identify(log) by extension 'ignore'
[0.351s] Level 1:colcon.colcon_core.package_identification:_identify(log) ignored
[0.351s] Level 1:colcon.colcon_core.package_identification:_identify(src) by extensions ['ignore', 'ignore_ament_install']
[0.351s] Level 1:colcon.colcon_core.package_identification:_identify(src) by extension 'ignore'
[0.351s] Level 1:colcon.colcon_core.package_identification:_identify(src) by extension 'ignore_ament_install'
[0.351s] Level 1:colcon.colcon_core.package_identification:_identify(src) by extensions ['colcon_pkg']
[0.351s] Level 1:colcon.colcon_core.package_identification:_identify(src) by extension 'colcon_pkg'
[0.351s] Level 1:colcon.colcon_core.package_identification:_identify(src) by extensions ['colcon_meta']
[0.351s] Level 1:colcon.colcon_core.package_identification:_identify(src) by extension 'colcon_meta'
[0.351s] Level 1:colcon.colcon_core.package_identification:_identify(src) by extensions ['ros']
[0.351s] Level 1:colcon.colcon_core.package_identification:_identify(src) by extension 'ros'
[0.351s] Level 1:colcon.colcon_core.package_identification:_identify(src) by extensions ['cmake', 'python']
[0.352s] Level 1:colcon.colcon_core.package_identification:_identify(src) by extension 'cmake'
[0.352s] Level 1:colcon.colcon_core.package_identification:_identify(src) by extension 'python'
[0.352s] Level 1:colcon.colcon_core.package_identification:_identify(src) by extensions ['python_setup_py']
[0.352s] Level 1:colcon.colcon_core.package_identification:_identify(src) by extension 'python_setup_py'
[0.352s] Level 1:colcon.colcon_core.package_identification:_identify(src/robot1) by extensions ['ignore', 'ignore_ament_install']
[0.352s] Level 1:colcon.colcon_core.package_identification:_identify(src/robot1) by extension 'ignore'
[0.352s] Level 1:colcon.colcon_core.package_identification:_identify(src/robot1) by extension 'ignore_ament_install'
[0.352s] Level 1:colcon.colcon_core.package_identification:_identify(src/robot1) by extensions ['colcon_pkg']
[0.352s] Level 1:colcon.colcon_core.package_identification:_identify(src/robot1) by extension 'colcon_pkg'
[0.352s] Level 1:colcon.colcon_core.package_identification:_identify(src/robot1) by extensions ['colcon_meta']
[0.352s] Level 1:colcon.colcon_core.package_identification:_identify(src/robot1) by extension 'colcon_meta'
[0.352s] Level 1:colcon.colcon_core.package_identification:_identify(src/robot1) by extensions ['ros']
[0.352s] Level 1:colcon.colcon_core.package_identification:_identify(src/robot1) by extension 'ros'
[0.355s] DEBUG:colcon.colcon_core.package_identification:Package 'src/robot1' with type 'ros.ament_python' and name 'robot1'
[0.355s] Level 1:colcon.colcon_core.package_identification:_identify(src/robot2) by extensions ['ignore', 'ignore_ament_install']
[0.355s] Level 1:colcon.colcon_core.package_identification:_identify(src/robot2) by extension 'ignore'
[0.355s] Level 1:colcon.colcon_core.package_identification:_identify(src/robot2) by extension 'ignore_ament_install'
[0.355s] Level 1:colcon.colcon_core.package_identification:_identify(src/robot2) by extensions ['colcon_pkg']
[0.355s] Level 1:colcon.colcon_core.package_identification:_identify(src/robot2) by extension 'colcon_pkg'
[0.355s] Level 1:colcon.colcon_core.package_identification:_identify(src/robot2) by extensions ['colcon_meta']
[0.355s] Level 1:colcon.colcon_core.package_identification:_identify(src/robot2) by extension 'colcon_meta'
[0.355s] Level 1:colcon.colcon_core.package_identification:_identify(src/robot2) by extensions ['ros']
[0.355s] Level 1:colcon.colcon_core.package_identification:_identify(src/robot2) by extension 'ros'
[0.356s] DEBUG:colcon.colcon_core.package_identification:Package 'src/robot2' with type 'ros.ament_python' and name 'robot2'
[0.356s] Level 1:colcon.colcon_core.package_discovery:discover_packages(recursive) using defaults
[0.356s] Level 1:colcon.colcon_core.package_discovery:discover_packages(ignore) discover
[0.356s] Level 1:colcon.colcon_core.package_discovery:discover_packages(ignore) using defaults
[0.356s] Level 1:colcon.colcon_core.package_discovery:discover_packages(path) discover
[0.356s] Level 1:colcon.colcon_core.package_discovery:discover_packages(path) using defaults
[0.372s] Level 1:colcon.colcon_core.package_discovery:discover_packages(prefix_path) check parameters
[0.372s] Level 1:colcon.colcon_core.package_discovery:discover_packages(prefix_path) discover
[0.374s] DEBUG:colcon.colcon_installed_package_information.package_discovery:Found 2 installed packages in /home/m/Desktop/S1/RI/proj1/workspace/install
[0.375s] DEBUG:colcon.colcon_installed_package_information.package_discovery:Found 263 installed packages in /opt/ros/foxy
[0.386s] Level 1:colcon.colcon_core.package_discovery:discover_packages(prefix_path) using defaults
[0.445s] Level 5:colcon.colcon_core.verb:set package 'robot1' build argument 'cmake_args' from command line to 'None'
[0.445s] Level 5:colcon.colcon_core.verb:set package 'robot1' build argument 'cmake_target' from command line to 'None'
[0.445s] Level 5:colcon.colcon_core.verb:set package 'robot1' build argument 'cmake_target_skip_unavailable' from command line to 'False'
[0.445s] Level 5:colcon.colcon_core.verb:set package 'robot1' build argument 'cmake_clean_cache' from command line to 'False'
[0.445s] Level 5:colcon.colcon_core.verb:set package 'robot1' build argument 'cmake_clean_first' from command line to 'False'
[0.445s] Level 5:colcon.colcon_core.verb:set package 'robot1' build argument 'cmake_force_configure' from command line to 'False'
[0.445s] Level 5:colcon.colcon_core.verb:set package 'robot1' build argument 'ament_cmake_args' from command line to 'None'
[0.445s] Level 5:colcon.colcon_core.verb:set package 'robot1' build argument 'catkin_cmake_args' from command line to 'None'
[0.445s] Level 5:colcon.colcon_core.verb:set package 'robot1' build argument 'catkin_skip_building_tests' from command line to 'False'
[0.445s] DEBUG:colcon.colcon_core.verb:Building package 'robot1' with the following arguments: {'ament_cmake_args': None, 'build_base': '/home/m/Desktop/S1/RI/proj1/workspace/build/robot1', 'catkin_cmake_args': None, 'catkin_skip_building_tests': False, 'cmake_args': None, 'cmake_clean_cache': False, 'cmake_clean_first': False, 'cmake_force_configure': False, 'cmake_target': None, 'cmake_target_skip_unavailable': False, 'install_base': '/home/m/Desktop/S1/RI/proj1/workspace/install/robot1', 'merge_install': False, 'path': '/home/m/Desktop/S1/RI/proj1/workspace/src/robot1', 'symlink_install': True, 'test_result_base': None}
[0.445s] Level 5:colcon.colcon_core.verb:set package 'robot2' build argument 'cmake_args' from command line to 'None'
[0.445s] Level 5:colcon.colcon_core.verb:set package 'robot2' build argument 'cmake_target' from command line to 'None'
[0.445s] Level 5:colcon.colcon_core.verb:set package 'robot2' build argument 'cmake_target_skip_unavailable' from command line to 'False'
[0.445s] Level 5:colcon.colcon_core.verb:set package 'robot2' build argument 'cmake_clean_cache' from command line to 'False'
[0.445s] Level 5:colcon.colcon_core.verb:set package 'robot2' build argument 'cmake_clean_first' from command line to 'False'
[0.446s] Level 5:colcon.colcon_core.verb:set package 'robot2' build argument 'cmake_force_configure' from command line to 'False'
[0.446s] Level 5:colcon.colcon_core.verb:set package 'robot2' build argument 'ament_cmake_args' from command line to 'None'
[0.446s] Level 5:colcon.colcon_core.verb:set package 'robot2' build argument 'catkin_cmake_args' from command line to 'None'
[0.446s] Level 5:colcon.colcon_core.verb:set package 'robot2' build argument 'catkin_skip_building_tests' from command line to 'False'
[0.446s] DEBUG:colcon.colcon_core.verb:Building package 'robot2' with the following arguments: {'ament_cmake_args': None, 'build_base': '/home/m/Desktop/S1/RI/proj1/workspace/build/robot2', 'catkin_cmake_args': None, 'catkin_skip_building_tests': False, 'cmake_args': None, 'cmake_clean_cache': False, 'cmake_clean_first': False, 'cmake_force_configure': False, 'cmake_target': None, 'cmake_target_skip_unavailable': False, 'install_base': '/home/m/Desktop/S1/RI/proj1/workspace/install/robot2', 'merge_install': False, 'path': '/home/m/Desktop/S1/RI/proj1/workspace/src/robot2', 'symlink_install': True, 'test_result_base': None}
[0.446s] INFO:colcon.colcon_core.executor:Executing jobs using 'parallel' executor
[0.447s] DEBUG:colcon.colcon_parallel_executor.executor.parallel:run_until_complete
[0.447s] INFO:colcon.colcon_ros.task.ament_python.build:Building ROS package in '/home/m/Desktop/S1/RI/proj1/workspace/src/robot1' with build type 'ament_python'
[0.447s] Level 1:colcon.colcon_core.shell:create_environment_hook('robot1', 'ament_prefix_path')
[0.449s] INFO:colcon.colcon_core.plugin_system:Skipping extension 'colcon_core.shell.bat': Not used on non-Windows systems
[0.449s] INFO:colcon.colcon_core.shell:Creating environment hook '/home/m/Desktop/S1/RI/proj1/workspace/install/robot1/share/robot1/hook/ament_prefix_path.ps1'
[0.450s] INFO:colcon.colcon_core.shell:Creating environment descriptor '/home/m/Desktop/S1/RI/proj1/workspace/install/robot1/share/robot1/hook/ament_prefix_path.dsv'
[0.450s] INFO:colcon.colcon_core.shell:Creating environment hook '/home/m/Desktop/S1/RI/proj1/workspace/install/robot1/share/robot1/hook/ament_prefix_path.sh'
[0.451s] INFO:colcon.colcon_core.shell:Skip shell extension 'powershell' for command environment: Not usable outside of PowerShell
[0.451s] DEBUG:colcon.colcon_core.shell:Skip shell extension 'dsv' for command environment
[0.456s] INFO:colcon.colcon_ros.task.ament_python.build:Building ROS package in '/home/m/Desktop/S1/RI/proj1/workspace/src/robot2' with build type 'ament_python'
[0.456s] Level 1:colcon.colcon_core.shell:create_environment_hook('robot2', 'ament_prefix_path')
[0.457s] INFO:colcon.colcon_core.shell:Creating environment hook '/home/m/Desktop/S1/RI/proj1/workspace/install/robot2/share/robot2/hook/ament_prefix_path.ps1'
[0.457s] INFO:colcon.colcon_core.shell:Creating environment descriptor '/home/m/Desktop/S1/RI/proj1/workspace/install/robot2/share/robot2/hook/ament_prefix_path.dsv'
[0.458s] INFO:colcon.colcon_core.shell:Creating environment hook '/home/m/Desktop/S1/RI/proj1/workspace/install/robot2/share/robot2/hook/ament_prefix_path.sh'
[0.459s] INFO:colcon.colcon_core.shell:Skip shell extension 'powershell' for command environment: Not usable outside of PowerShell
[0.459s] DEBUG:colcon.colcon_core.shell:Skip shell extension 'dsv' for command environment
[0.716s] INFO:colcon.colcon_core.task.python.build:Building Python package in '/home/m/Desktop/S1/RI/proj1/workspace/src/robot1'
[0.716s] INFO:colcon.colcon_core.shell:Skip shell extension 'powershell' for command environment: Not usable outside of PowerShell
[0.716s] DEBUG:colcon.colcon_core.shell:Skip shell extension 'dsv' for command environment
[0.963s] INFO:colcon.colcon_core.task.python.build:Building Python package in '/home/m/Desktop/S1/RI/proj1/workspace/src/robot2'
[0.963s] INFO:colcon.colcon_core.shell:Skip shell extension 'powershell' for command environment: Not usable outside of PowerShell
[0.964s] DEBUG:colcon.colcon_core.shell:Skip shell extension 'dsv' for command environment
[1.427s] DEBUG:colcon.colcon_core.event_handler.log_command:Invoking command in '/home/m/Desktop/S1/RI/proj1/workspace/build/robot1': PYTHONPATH=/home/m/Desktop/S1/RI/proj1/workspace/build/robot1/prefix_override:/usr/lib/python3/dist-packages/colcon_core/task/python/colcon_distutils_commands:/home/m/Desktop/S1/RI/proj1/workspace/install/robot1/lib/python3.8/site-packages:${PYTHONPATH} /usr/bin/python3 -W ignore:setup.py install is deprecated setup.py develop --editable --build-directory /home/m/Desktop/S1/RI/proj1/workspace/build/robot1/build --no-deps symlink_data
[1.436s] DEBUG:colcon.colcon_core.event_handler.log_command:Invoking command in '/home/m/Desktop/S1/RI/proj1/workspace/build/robot2': PYTHONPATH=/home/m/Desktop/S1/RI/proj1/workspace/build/robot2/prefix_override:/usr/lib/python3/dist-packages/colcon_core/task/python/colcon_distutils_commands:/home/m/Desktop/S1/RI/proj1/workspace/install/robot2/lib/python3.8/site-packages:${PYTHONPATH} /usr/bin/python3 -W ignore:setup.py install is deprecated setup.py develop --editable --build-directory /home/m/Desktop/S1/RI/proj1/workspace/build/robot2/build --no-deps symlink_data
[1.967s] Level 1:colcon.colcon_core.shell:create_environment_hook('robot2', 'pythonpath_develop')
[1.967s] INFO:colcon.colcon_core.shell:Creating environment hook '/home/m/Desktop/S1/RI/proj1/workspace/build/robot2/share/robot2/hook/pythonpath_develop.ps1'
[1.968s] DEBUG:colcon.colcon_core.event_handler.log_command:Invoked command in '/home/m/Desktop/S1/RI/proj1/workspace/build/robot2' returned '0': PYTHONPATH=/home/m/Desktop/S1/RI/proj1/workspace/build/robot2/prefix_override:/usr/lib/python3/dist-packages/colcon_core/task/python/colcon_distutils_commands:/home/m/Desktop/S1/RI/proj1/workspace/install/robot2/lib/python3.8/site-packages:${PYTHONPATH} /usr/bin/python3 -W ignore:setup.py install is deprecated setup.py develop --editable --build-directory /home/m/Desktop/S1/RI/proj1/workspace/build/robot2/build --no-deps symlink_data
[1.969s] INFO:colcon.colcon_core.shell:Creating environment descriptor '/home/m/Desktop/S1/RI/proj1/workspace/build/robot2/share/robot2/hook/pythonpath_develop.dsv'
[1.969s] INFO:colcon.colcon_core.shell:Creating environment hook '/home/m/Desktop/S1/RI/proj1/workspace/build/robot2/share/robot2/hook/pythonpath_develop.sh'
[1.972s] Level 1:colcon.colcon_core.environment:checking '/home/m/Desktop/S1/RI/proj1/workspace/install/robot2' for CMake module files
[1.972s] Level 1:colcon.colcon_core.environment:checking '/home/m/Desktop/S1/RI/proj1/workspace/install/robot2' for CMake config files
[1.973s] Level 1:colcon.colcon_core.environment:checking '/home/m/Desktop/S1/RI/proj1/workspace/install/robot2/lib'
[1.974s] Level 1:colcon.colcon_core.environment:checking '/home/m/Desktop/S1/RI/proj1/workspace/install/robot2/bin'
[1.974s] Level 1:colcon.colcon_core.environment:checking '/home/m/Desktop/S1/RI/proj1/workspace/install/robot2/lib/pkgconfig/robot2.pc'
[1.974s] Level 1:colcon.colcon_core.environment:checking '/home/m/Desktop/S1/RI/proj1/workspace/install/robot2/lib/python3.8/site-packages'
[1.974s] Level 1:colcon.colcon_core.shell:create_environment_hook('robot2', 'pythonpath')
[1.974s] INFO:colcon.colcon_core.shell:Creating environment hook '/home/m/Desktop/S1/RI/proj1/workspace/install/robot2/share/robot2/hook/pythonpath.ps1'
[1.975s] INFO:colcon.colcon_core.shell:Creating environment descriptor '/home/m/Desktop/S1/RI/proj1/workspace/install/robot2/share/robot2/hook/pythonpath.dsv'
[1.976s] INFO:colcon.colcon_core.shell:Creating environment hook '/home/m/Desktop/S1/RI/proj1/workspace/install/robot2/share/robot2/hook/pythonpath.sh'
[1.977s] Level 1:colcon.colcon_core.environment:checking '/home/m/Desktop/S1/RI/proj1/workspace/install/robot2/bin'
[1.977s] Level 1:colcon.colcon_core.environment:create_environment_scripts_only(robot2)
[1.977s] INFO:colcon.colcon_core.shell:Creating package script '/home/m/Desktop/S1/RI/proj1/workspace/install/robot2/share/robot2/package.ps1'
[1.978s] INFO:colcon.colcon_core.shell:Creating package descriptor '/home/m/Desktop/S1/RI/proj1/workspace/install/robot2/share/robot2/package.dsv'
[1.979s] INFO:colcon.colcon_core.shell:Creating package script '/home/m/Desktop/S1/RI/proj1/workspace/install/robot2/share/robot2/package.sh'
[1.980s] INFO:colcon.colcon_core.shell:Creating package script '/home/m/Desktop/S1/RI/proj1/workspace/install/robot2/share/robot2/package.bash'
[1.981s] INFO:colcon.colcon_core.shell:Creating package script '/home/m/Desktop/S1/RI/proj1/workspace/install/robot2/share/robot2/package.zsh'
[1.982s] Level 1:colcon.colcon_core.environment:create_file_with_runtime_dependencies(/home/m/Desktop/S1/RI/proj1/workspace/install/robot2/share/colcon-core/packages/robot2)
[1.983s] Level 1:colcon.colcon_core.shell:create_environment_hook('robot1', 'pythonpath_develop')
[1.983s] INFO:colcon.colcon_core.shell:Creating environment hook '/home/m/Desktop/S1/RI/proj1/workspace/build/robot1/share/robot1/hook/pythonpath_develop.ps1'
[1.984s] INFO:colcon.colcon_core.shell:Creating environment descriptor '/home/m/Desktop/S1/RI/proj1/workspace/build/robot1/share/robot1/hook/pythonpath_develop.dsv'
[1.984s] DEBUG:colcon.colcon_core.event_handler.log_command:Invoked command in '/home/m/Desktop/S1/RI/proj1/workspace/build/robot1' returned '0': PYTHONPATH=/home/m/Desktop/S1/RI/proj1/workspace/build/robot1/prefix_override:/usr/lib/python3/dist-packages/colcon_core/task/python/colcon_distutils_commands:/home/m/Desktop/S1/RI/proj1/workspace/install/robot1/lib/python3.8/site-packages:${PYTHONPATH} /usr/bin/python3 -W ignore:setup.py install is deprecated setup.py develop --editable --build-directory /home/m/Desktop/S1/RI/proj1/workspace/build/robot1/build --no-deps symlink_data
[1.984s] INFO:colcon.colcon_core.shell:Creating environment hook '/home/m/Desktop/S1/RI/proj1/workspace/build/robot1/share/robot1/hook/pythonpath_develop.sh'
[1.985s] Level 1:colcon.colcon_core.environment:checking '/home/m/Desktop/S1/RI/proj1/workspace/install/robot1' for CMake module files
[1.985s] Level 1:colcon.colcon_core.environment:checking '/home/m/Desktop/S1/RI/proj1/workspace/install/robot1' for CMake config files
[1.986s] Level 1:colcon.colcon_core.environment:checking '/home/m/Desktop/S1/RI/proj1/workspace/install/robot1/lib'
[1.986s] Level 1:colcon.colcon_core.environment:checking '/home/m/Desktop/S1/RI/proj1/workspace/install/robot1/bin'
[1.986s] Level 1:colcon.colcon_core.environment:checking '/home/m/Desktop/S1/RI/proj1/workspace/install/robot1/lib/pkgconfig/robot1.pc'
[1.986s] Level 1:colcon.colcon_core.environment:checking '/home/m/Desktop/S1/RI/proj1/workspace/install/robot1/lib/python3.8/site-packages'
[1.987s] Level 1:colcon.colcon_core.shell:create_environment_hook('robot1', 'pythonpath')
[1.987s] INFO:colcon.colcon_core.shell:Creating environment hook '/home/m/Desktop/S1/RI/proj1/workspace/install/robot1/share/robot1/hook/pythonpath.ps1'
[1.987s] INFO:colcon.colcon_core.shell:Creating environment descriptor '/home/m/Desktop/S1/RI/proj1/workspace/install/robot1/share/robot1/hook/pythonpath.dsv'
[1.987s] INFO:colcon.colcon_core.shell:Creating environment hook '/home/m/Desktop/S1/RI/proj1/workspace/install/robot1/share/robot1/hook/pythonpath.sh'
[1.988s] Level 1:colcon.colcon_core.environment:checking '/home/m/Desktop/S1/RI/proj1/workspace/install/robot1/bin'
[1.988s] Level 1:colcon.colcon_core.environment:create_environment_scripts_only(robot1)
[1.988s] INFO:colcon.colcon_core.shell:Creating package script '/home/m/Desktop/S1/RI/proj1/workspace/install/robot1/share/robot1/package.ps1'
[1.989s] INFO:colcon.colcon_core.shell:Creating package descriptor '/home/m/Desktop/S1/RI/proj1/workspace/install/robot1/share/robot1/package.dsv'
[1.989s] INFO:colcon.colcon_core.shell:Creating package script '/home/m/Desktop/S1/RI/proj1/workspace/install/robot1/share/robot1/package.sh'
[1.990s] INFO:colcon.colcon_core.shell:Creating package script '/home/m/Desktop/S1/RI/proj1/workspace/install/robot1/share/robot1/package.bash'
[1.990s] INFO:colcon.colcon_core.shell:Creating package script '/home/m/Desktop/S1/RI/proj1/workspace/install/robot1/share/robot1/package.zsh'
[1.991s] Level 1:colcon.colcon_core.environment:create_file_with_runtime_dependencies(/home/m/Desktop/S1/RI/proj1/workspace/install/robot1/share/colcon-core/packages/robot1)
[1.991s] DEBUG:colcon.colcon_parallel_executor.executor.parallel:closing loop
[1.992s] DEBUG:colcon.colcon_parallel_executor.executor.parallel:loop closed
[1.992s] DEBUG:colcon.colcon_parallel_executor.executor.parallel:run_until_complete finished with '0'
[1.992s] DEBUG:colcon.colcon_core.event_reactor:joining thread
[1.999s] INFO:colcon.colcon_core.plugin_system:Skipping extension 'colcon_notification.desktop_notification.terminal_notifier': Not used on non-Darwin systems
[1.999s] INFO:colcon.colcon_core.plugin_system:Skipping extension 'colcon_notification.desktop_notification.win32': Not used on non-Windows systems
[1.999s] INFO:colcon.colcon_notification.desktop_notification:Sending desktop notification using 'notify2'
[2.002s] DEBUG:colcon.colcon_core.event_reactor:joined thread
[2.002s] INFO:colcon.colcon_core.shell:Creating prefix script '/home/m/Desktop/S1/RI/proj1/workspace/install/local_setup.ps1'
[2.004s] INFO:colcon.colcon_core.shell:Creating prefix util module '/home/m/Desktop/S1/RI/proj1/workspace/install/_local_setup_util_ps1.py'
[2.006s] INFO:colcon.colcon_core.shell:Creating prefix chain script '/home/m/Desktop/S1/RI/proj1/workspace/install/setup.ps1'
[2.008s] INFO:colcon.colcon_core.shell:Creating prefix script '/home/m/Desktop/S1/RI/proj1/workspace/install/local_setup.sh'
[2.009s] INFO:colcon.colcon_core.shell:Creating prefix util module '/home/m/Desktop/S1/RI/proj1/workspace/install/_local_setup_util_sh.py'
[2.010s] INFO:colcon.colcon_core.shell:Creating prefix chain script '/home/m/Desktop/S1/RI/proj1/workspace/install/setup.sh'
[2.012s] INFO:colcon.colcon_core.shell:Creating prefix script '/home/m/Desktop/S1/RI/proj1/workspace/install/local_setup.bash'
[2.012s] INFO:colcon.colcon_core.shell:Creating prefix chain script '/home/m/Desktop/S1/RI/proj1/workspace/install/setup.bash'
[2.014s] INFO:colcon.colcon_core.shell:Creating prefix script '/home/m/Desktop/S1/RI/proj1/workspace/install/local_setup.zsh'
[2.015s] INFO:colcon.colcon_core.shell:Creating prefix chain script '/home/m/Desktop/S1/RI/proj1/workspace/install/setup.zsh'
