[1.033s] Invoking command in '/home/m/Desktop/S1/RI/proj1/workspace/build/robot1': PYTHONPATH=/home/m/Desktop/S1/RI/proj1/workspace/build/robot1/prefix_override:/usr/lib/python3/dist-packages/colcon_core/task/python/colcon_distutils_commands:/home/m/Desktop/S1/RI/proj1/workspace/install/robot1/lib/python3.8/site-packages:${PYTHONPATH} /usr/bin/python3 -W ignore:setup.py install is deprecated setup.py develop --editable --build-directory /home/m/Desktop/S1/RI/proj1/workspace/build/robot1/build --no-deps symlink_data
[1.294s] running develop
[1.448s] running egg_info
[1.449s] creating robot1.egg-info
[1.449s] writing robot1.egg-info/PKG-INFO
[1.449s] writing dependency_links to robot1.egg-info/dependency_links.txt
[1.449s] writing entry points to robot1.egg-info/entry_points.txt
[1.449s] writing requirements to robot1.egg-info/requires.txt
[1.449s] writing top-level names to robot1.egg-info/top_level.txt
[1.452s] writing manifest file 'robot1.egg-info/SOURCES.txt'
[1.482s] reading manifest file 'robot1.egg-info/SOURCES.txt'
[1.483s] writing manifest file 'robot1.egg-info/SOURCES.txt'
[1.516s] running build_ext
[1.516s] Creating /home/m/Desktop/S1/RI/proj1/workspace/install/robot1/lib/python3.8/site-packages/site.py
[1.518s] Creating /home/m/Desktop/S1/RI/proj1/workspace/install/robot1/lib/python3.8/site-packages/robot1.egg-link (link to .)
[1.519s] 
[1.520s] Installed /home/m/Desktop/S1/RI/proj1/workspace/build/robot1
[1.520s] running symlink_data
[1.520s] creating /home/m/Desktop/S1/RI/proj1/workspace/install/robot1/share/ament_index
[1.520s] creating /home/m/Desktop/S1/RI/proj1/workspace/install/robot1/share/ament_index/resource_index
[1.520s] creating /home/m/Desktop/S1/RI/proj1/workspace/install/robot1/share/ament_index/resource_index/packages
[1.520s] symbolically linking /home/m/Desktop/S1/RI/proj1/workspace/build/robot1/resource/robot1 -> /home/m/Desktop/S1/RI/proj1/workspace/install/robot1/share/ament_index/resource_index/packages
[1.520s] symbolically linking /home/m/Desktop/S1/RI/proj1/workspace/build/robot1/package.xml -> /home/m/Desktop/S1/RI/proj1/workspace/install/robot1/share/robot1
[1.561s] Invoked command in '/home/m/Desktop/S1/RI/proj1/workspace/build/robot1' returned '0': PYTHONPATH=/home/m/Desktop/S1/RI/proj1/workspace/build/robot1/prefix_override:/usr/lib/python3/dist-packages/colcon_core/task/python/colcon_distutils_commands:/home/m/Desktop/S1/RI/proj1/workspace/install/robot1/lib/python3.8/site-packages:${PYTHONPATH} /usr/bin/python3 -W ignore:setup.py install is deprecated setup.py develop --editable --build-directory /home/m/Desktop/S1/RI/proj1/workspace/build/robot1/build --no-deps symlink_data
