[0.041s] Invoking command in '/home/m/Desktop/S1/RI/proj1/worskapce/build/flatland_box2d': CMAKE_PREFIX_PATH=${CMAKE_PREFIX_PATH}:/home/m/Desktop/S1/RI/proj1/worskapce/install/robot2:/home/m/Desktop/S1/RI/proj1/worskapce/install/robot1:/opt/ros/humble /usr/bin/cmake --build /home/m/Desktop/S1/RI/proj1/worskapce/build/flatland_box2d -- -j8 -l8
[0.677s] [100%] Built target flatland_box2d_lib
[1.260s] Invoked command in '/home/m/Desktop/S1/RI/proj1/worskapce/build/flatland_box2d' returned '0': CMAKE_PREFIX_PATH=${CMAKE_PREFIX_PATH}:/home/m/Desktop/S1/RI/proj1/worskapce/install/robot2:/home/m/Desktop/S1/RI/proj1/worskapce/install/robot1:/opt/ros/humble /usr/bin/cmake --build /home/m/Desktop/S1/RI/proj1/worskapce/build/flatland_box2d -- -j8 -l8
[1.436s] Invoking command in '/home/m/Desktop/S1/RI/proj1/worskapce/build/flatland_box2d': CMAKE_PREFIX_PATH=${CMAKE_PREFIX_PATH}:/home/m/Desktop/S1/RI/proj1/worskapce/install/robot2:/home/m/Desktop/S1/RI/proj1/worskapce/install/robot1:/opt/ros/humble /usr/bin/cmake --install /home/m/Desktop/S1/RI/proj1/worskapce/build/flatland_box2d
[1.445s] -- Install configuration: ""
[1.445s] -- Up-to-date: /home/m/Desktop/S1/RI/proj1/worskapce/install/flatland_box2d/share/flatland_box2d/environment/library_path.sh
[1.446s] -- Up-to-date: /home/m/Desktop/S1/RI/proj1/worskapce/install/flatland_box2d/share/flatland_box2d/environment/library_path.dsv
[1.446s] -- Up-to-date: /home/m/Desktop/S1/RI/proj1/worskapce/install/flatland_box2d/share/ament_index/resource_index/package_run_dependencies/flatland_box2d
[1.446s] -- Up-to-date: /home/m/Desktop/S1/RI/proj1/worskapce/install/flatland_box2d/share/ament_index/resource_index/parent_prefix_path/flatland_box2d
[1.446s] -- Up-to-date: /home/m/Desktop/S1/RI/proj1/worskapce/install/flatland_box2d/share/flatland_box2d/environment/ament_prefix_path.sh
[1.447s] -- Up-to-date: /home/m/Desktop/S1/RI/proj1/worskapce/install/flatland_box2d/share/flatland_box2d/environment/ament_prefix_path.dsv
[1.447s] -- Up-to-date: /home/m/Desktop/S1/RI/proj1/worskapce/install/flatland_box2d/share/flatland_box2d/environment/path.sh
[1.447s] -- Up-to-date: /home/m/Desktop/S1/RI/proj1/worskapce/install/flatland_box2d/share/flatland_box2d/environment/path.dsv
[1.447s] -- Up-to-date: /home/m/Desktop/S1/RI/proj1/worskapce/install/flatland_box2d/share/flatland_box2d/local_setup.bash
[1.448s] -- Up-to-date: /home/m/Desktop/S1/RI/proj1/worskapce/install/flatland_box2d/share/flatland_box2d/local_setup.sh
[1.448s] -- Up-to-date: /home/m/Desktop/S1/RI/proj1/worskapce/install/flatland_box2d/share/flatland_box2d/local_setup.zsh
[1.448s] -- Up-to-date: /home/m/Desktop/S1/RI/proj1/worskapce/install/flatland_box2d/share/flatland_box2d/local_setup.dsv
[1.448s] -- Installing: /home/m/Desktop/S1/RI/proj1/worskapce/install/flatland_box2d/share/flatland_box2d/package.dsv
[1.449s] -- Up-to-date: /home/m/Desktop/S1/RI/proj1/worskapce/install/flatland_box2d/share/ament_index/resource_index/packages/flatland_box2d
[1.449s] -- Up-to-date: /home/m/Desktop/S1/RI/proj1/worskapce/install/flatland_box2d/share/flatland_box2d/cmake/export_flatland_box2dExport.cmake
[1.450s] -- Up-to-date: /home/m/Desktop/S1/RI/proj1/worskapce/install/flatland_box2d/share/flatland_box2d/cmake/export_flatland_box2dExport-noconfig.cmake
[1.450s] -- Up-to-date: /home/m/Desktop/S1/RI/proj1/worskapce/install/flatland_box2d/share/flatland_box2d/cmake/ament_cmake_export_targets-extras.cmake
[1.451s] -- Up-to-date: /home/m/Desktop/S1/RI/proj1/worskapce/install/flatland_box2d/share/flatland_box2d/cmake/ament_cmake_export_libraries-extras.cmake
[1.452s] -- Up-to-date: /home/m/Desktop/S1/RI/proj1/worskapce/install/flatland_box2d/share/flatland_box2d/cmake/ament_cmake_export_include_directories-extras.cmake
[1.452s] -- Up-to-date: /home/m/Desktop/S1/RI/proj1/worskapce/install/flatland_box2d/share/flatland_box2d/cmake/flatland_box2dConfig.cmake
[1.452s] -- Up-to-date: /home/m/Desktop/S1/RI/proj1/worskapce/install/flatland_box2d/share/flatland_box2d/cmake/flatland_box2dConfig-version.cmake
[1.452s] -- Up-to-date: /home/m/Desktop/S1/RI/proj1/worskapce/install/flatland_box2d/share/flatland_box2d/package.xml
[1.453s] -- Up-to-date: /home/m/Desktop/S1/RI/proj1/worskapce/install/flatland_box2d/lib/libflatland_box2d_lib.so
[1.453s] -- Up-to-date: /home/m/Desktop/S1/RI/proj1/worskapce/install/flatland_box2d/include
[1.453s] -- Up-to-date: /home/m/Desktop/S1/RI/proj1/worskapce/install/flatland_box2d/include/Box2D
[1.453s] -- Up-to-date: /home/m/Desktop/S1/RI/proj1/worskapce/install/flatland_box2d/include/Box2D/Collision
[1.454s] -- Up-to-date: /home/m/Desktop/S1/RI/proj1/worskapce/install/flatland_box2d/include/Box2D/Collision/b2Distance.h
[1.454s] -- Up-to-date: /home/m/Desktop/S1/RI/proj1/worskapce/install/flatland_box2d/include/Box2D/Collision/Shapes
[1.454s] -- Up-to-date: /home/m/Desktop/S1/RI/proj1/worskapce/install/flatland_box2d/include/Box2D/Collision/Shapes/b2PolygonShape.h
[1.454s] -- Up-to-date: /home/m/Desktop/S1/RI/proj1/worskapce/install/flatland_box2d/include/Box2D/Collision/Shapes/b2Shape.h
[1.455s] -- Up-to-date: /home/m/Desktop/S1/RI/proj1/worskapce/install/flatland_box2d/include/Box2D/Collision/Shapes/b2CircleShape.h
[1.456s] -- Up-to-date: /home/m/Desktop/S1/RI/proj1/worskapce/install/flatland_box2d/include/Box2D/Collision/Shapes/b2EdgeShape.h
[1.457s] -- Up-to-date: /home/m/Desktop/S1/RI/proj1/worskapce/install/flatland_box2d/include/Box2D/Collision/Shapes/b2ChainShape.h
[1.458s] -- Up-to-date: /home/m/Desktop/S1/RI/proj1/worskapce/install/flatland_box2d/include/Box2D/Collision/b2DynamicTree.h
[1.458s] -- Up-to-date: /home/m/Desktop/S1/RI/proj1/worskapce/install/flatland_box2d/include/Box2D/Collision/b2Collision.h
[1.459s] -- Up-to-date: /home/m/Desktop/S1/RI/proj1/worskapce/install/flatland_box2d/include/Box2D/Collision/b2BroadPhase.h
[1.459s] -- Up-to-date: /home/m/Desktop/S1/RI/proj1/worskapce/install/flatland_box2d/include/Box2D/Collision/b2TimeOfImpact.h
[1.460s] -- Up-to-date: /home/m/Desktop/S1/RI/proj1/worskapce/install/flatland_box2d/include/Box2D/Box2D.h
[1.460s] -- Up-to-date: /home/m/Desktop/S1/RI/proj1/worskapce/install/flatland_box2d/include/Box2D/Dynamics
[1.461s] -- Up-to-date: /home/m/Desktop/S1/RI/proj1/worskapce/install/flatland_box2d/include/Box2D/Dynamics/Joints
[1.461s] -- Up-to-date: /home/m/Desktop/S1/RI/proj1/worskapce/install/flatland_box2d/include/Box2D/Dynamics/Joints/b2FrictionJoint.h
[1.462s] -- Up-to-date: /home/m/Desktop/S1/RI/proj1/worskapce/install/flatland_box2d/include/Box2D/Dynamics/Joints/b2DistanceJoint.h
[1.462s] -- Up-to-date: /home/m/Desktop/S1/RI/proj1/worskapce/install/flatland_box2d/include/Box2D/Dynamics/Joints/b2PrismaticJoint.h
[1.464s] -- Up-to-date: /home/m/Desktop/S1/RI/proj1/worskapce/install/flatland_box2d/include/Box2D/Dynamics/Joints/b2WeldJoint.h
[1.464s] -- Up-to-date: /home/m/Desktop/S1/RI/proj1/worskapce/install/flatland_box2d/include/Box2D/Dynamics/Joints/b2PulleyJoint.h
[1.464s] -- Up-to-date: /home/m/Desktop/S1/RI/proj1/worskapce/install/flatland_box2d/include/Box2D/Dynamics/Joints/b2Joint.h
[1.465s] -- Up-to-date: /home/m/Desktop/S1/RI/proj1/worskapce/install/flatland_box2d/include/Box2D/Dynamics/Joints/b2RevoluteJoint.h
[1.465s] -- Up-to-date: /home/m/Desktop/S1/RI/proj1/worskapce/install/flatland_box2d/include/Box2D/Dynamics/Joints/b2RopeJoint.h
[1.465s] -- Up-to-date: /home/m/Desktop/S1/RI/proj1/worskapce/install/flatland_box2d/include/Box2D/Dynamics/Joints/b2MouseJoint.h
[1.466s] -- Up-to-date: /home/m/Desktop/S1/RI/proj1/worskapce/install/flatland_box2d/include/Box2D/Dynamics/Joints/b2MotorJoint.h
[1.466s] -- Up-to-date: /home/m/Desktop/S1/RI/proj1/worskapce/install/flatland_box2d/include/Box2D/Dynamics/Joints/b2WheelJoint.h
[1.466s] -- Up-to-date: /home/m/Desktop/S1/RI/proj1/worskapce/install/flatland_box2d/include/Box2D/Dynamics/Joints/b2GearJoint.h
[1.467s] -- Up-to-date: /home/m/Desktop/S1/RI/proj1/worskapce/install/flatland_box2d/include/Box2D/Dynamics/b2TimeStep.h
[1.467s] -- Up-to-date: /home/m/Desktop/S1/RI/proj1/worskapce/install/flatland_box2d/include/Box2D/Dynamics/Contacts
[1.467s] -- Up-to-date: /home/m/Desktop/S1/RI/proj1/worskapce/install/flatland_box2d/include/Box2D/Dynamics/Contacts/b2PolygonAndCircleContact.h
[1.467s] -- Up-to-date: /home/m/Desktop/S1/RI/proj1/worskapce/install/flatland_box2d/include/Box2D/Dynamics/Contacts/b2PolygonContact.h
[1.467s] -- Up-to-date: /home/m/Desktop/S1/RI/proj1/worskapce/install/flatland_box2d/include/Box2D/Dynamics/Contacts/b2EdgeAndCircleContact.h
[1.468s] -- Up-to-date: /home/m/Desktop/S1/RI/proj1/worskapce/install/flatland_box2d/include/Box2D/Dynamics/Contacts/b2CircleContact.h
[1.469s] -- Up-to-date: /home/m/Desktop/S1/RI/proj1/worskapce/install/flatland_box2d/include/Box2D/Dynamics/Contacts/b2ChainAndPolygonContact.h
[1.470s] -- Up-to-date: /home/m/Desktop/S1/RI/proj1/worskapce/install/flatland_box2d/include/Box2D/Dynamics/Contacts/b2Contact.h
[1.470s] -- Up-to-date: /home/m/Desktop/S1/RI/proj1/worskapce/install/flatland_box2d/include/Box2D/Dynamics/Contacts/b2EdgeAndPolygonContact.h
[1.471s] -- Up-to-date: /home/m/Desktop/S1/RI/proj1/worskapce/install/flatland_box2d/include/Box2D/Dynamics/Contacts/b2ChainAndCircleContact.h
[1.471s] -- Up-to-date: /home/m/Desktop/S1/RI/proj1/worskapce/install/flatland_box2d/include/Box2D/Dynamics/Contacts/b2ContactSolver.h
[1.472s] -- Up-to-date: /home/m/Desktop/S1/RI/proj1/worskapce/install/flatland_box2d/include/Box2D/Dynamics/b2World.h
[1.472s] -- Up-to-date: /home/m/Desktop/S1/RI/proj1/worskapce/install/flatland_box2d/include/Box2D/Dynamics/b2WorldCallbacks.h
[1.474s] -- Up-to-date: /home/m/Desktop/S1/RI/proj1/worskapce/install/flatland_box2d/include/Box2D/Dynamics/b2Body.h
[1.475s] -- Up-to-date: /home/m/Desktop/S1/RI/proj1/worskapce/install/flatland_box2d/include/Box2D/Dynamics/b2Island.h
[1.475s] -- Up-to-date: /home/m/Desktop/S1/RI/proj1/worskapce/install/flatland_box2d/include/Box2D/Dynamics/b2Fixture.h
[1.476s] -- Up-to-date: /home/m/Desktop/S1/RI/proj1/worskapce/install/flatland_box2d/include/Box2D/Dynamics/b2ContactManager.h
[1.476s] -- Up-to-date: /home/m/Desktop/S1/RI/proj1/worskapce/install/flatland_box2d/include/Box2D/Rope
[1.477s] -- Up-to-date: /home/m/Desktop/S1/RI/proj1/worskapce/install/flatland_box2d/include/Box2D/Rope/b2Rope.h
[1.477s] -- Up-to-date: /home/m/Desktop/S1/RI/proj1/worskapce/install/flatland_box2d/include/Box2D/Common
[1.478s] -- Up-to-date: /home/m/Desktop/S1/RI/proj1/worskapce/install/flatland_box2d/include/Box2D/Common/b2Settings.h
[1.479s] -- Up-to-date: /home/m/Desktop/S1/RI/proj1/worskapce/install/flatland_box2d/include/Box2D/Common/b2GrowableStack.h
[1.481s] -- Up-to-date: /home/m/Desktop/S1/RI/proj1/worskapce/install/flatland_box2d/include/Box2D/Common/b2Timer.h
[1.482s] -- Up-to-date: /home/m/Desktop/S1/RI/proj1/worskapce/install/flatland_box2d/include/Box2D/Common/b2Math.h
[1.483s] -- Up-to-date: /home/m/Desktop/S1/RI/proj1/worskapce/install/flatland_box2d/include/Box2D/Common/b2Draw.h
[1.484s] -- Up-to-date: /home/m/Desktop/S1/RI/proj1/worskapce/install/flatland_box2d/include/Box2D/Common/b2BlockAllocator.h
[1.485s] -- Up-to-date: /home/m/Desktop/S1/RI/proj1/worskapce/install/flatland_box2d/include/Box2D/Common/b2StackAllocator.h
[1.487s] Invoked command in '/home/m/Desktop/S1/RI/proj1/worskapce/build/flatland_box2d' returned '0': CMAKE_PREFIX_PATH=${CMAKE_PREFIX_PATH}:/home/m/Desktop/S1/RI/proj1/worskapce/install/robot2:/home/m/Desktop/S1/RI/proj1/worskapce/install/robot1:/opt/ros/humble /usr/bin/cmake --install /home/m/Desktop/S1/RI/proj1/worskapce/build/flatland_box2d
