[1.625s] Invoking command in '/home/m/Desktop/S1/RI/proj1/worskapce/src/robot1': PYTHONPATH=/home/m/Desktop/S1/RI/proj1/worskapce/build/robot1/prefix_override:/usr/lib/python3/dist-packages/colcon_core/task/python/colcon_distutils_commands:/home/m/Desktop/S1/RI/proj1/worskapce/install/robot1/lib/python3.10/site-packages:${PYTHONPATH} /usr/bin/python3 -W ignore:setup.py install is deprecated setup.py egg_info --egg-base ../../build/robot1 build --build-base /home/m/Desktop/S1/RI/proj1/worskapce/build/robot1/build install --record /home/m/Desktop/S1/RI/proj1/worskapce/build/robot1/install.log --single-version-externally-managed install_data
[2.472s] running egg_info
[2.473s] creating ../../build/robot1/robot1.egg-info
[2.502s] writing ../../build/robot1/robot1.egg-info/PKG-INFO
[2.503s] writing dependency_links to ../../build/robot1/robot1.egg-info/dependency_links.txt
[2.504s] writing requirements to ../../build/robot1/robot1.egg-info/requires.txt
[2.504s] writing top-level names to ../../build/robot1/robot1.egg-info/top_level.txt
[2.505s] writing manifest file '../../build/robot1/robot1.egg-info/SOURCES.txt'
[2.814s] reading manifest file '../../build/robot1/robot1.egg-info/SOURCES.txt'
[2.815s] writing manifest file '../../build/robot1/robot1.egg-info/SOURCES.txt'
[2.815s] running build
[2.816s] running build_py
[2.816s] creating /home/m/Desktop/S1/RI/proj1/worskapce/build/robot1/build
[2.817s] creating /home/m/Desktop/S1/RI/proj1/worskapce/build/robot1/build/lib
[2.817s] creating /home/m/Desktop/S1/RI/proj1/worskapce/build/robot1/build/lib/robot1
[2.817s] copying robot1/__init__.py -> /home/m/Desktop/S1/RI/proj1/worskapce/build/robot1/build/lib/robot1
[2.820s] running install
[2.829s] running install_lib
[2.861s] creating /home/m/Desktop/S1/RI/proj1/worskapce/install/robot1/lib/python3.10/site-packages/robot1
[2.861s] copying /home/m/Desktop/S1/RI/proj1/worskapce/build/robot1/build/lib/robot1/__init__.py -> /home/m/Desktop/S1/RI/proj1/worskapce/install/robot1/lib/python3.10/site-packages/robot1
[2.861s] byte-compiling /home/m/Desktop/S1/RI/proj1/worskapce/install/robot1/lib/python3.10/site-packages/robot1/__init__.py to __init__.cpython-310.pyc
[2.861s] running install_data
[2.862s] creating /home/m/Desktop/S1/RI/proj1/worskapce/install/robot1/share/ament_index
[2.862s] creating /home/m/Desktop/S1/RI/proj1/worskapce/install/robot1/share/ament_index/resource_index
[2.862s] creating /home/m/Desktop/S1/RI/proj1/worskapce/install/robot1/share/ament_index/resource_index/packages
[2.862s] copying resource/robot1 -> /home/m/Desktop/S1/RI/proj1/worskapce/install/robot1/share/ament_index/resource_index/packages
[2.862s] copying package.xml -> /home/m/Desktop/S1/RI/proj1/worskapce/install/robot1/share/robot1
[2.862s] running install_egg_info
[2.885s] Copying ../../build/robot1/robot1.egg-info to /home/m/Desktop/S1/RI/proj1/worskapce/install/robot1/lib/python3.10/site-packages/robot1-0.0.0-py3.10.egg-info
[2.887s] running install_scripts
[3.014s] writing list of installed files to '/home/m/Desktop/S1/RI/proj1/worskapce/build/robot1/install.log'
[3.106s] Invoked command in '/home/m/Desktop/S1/RI/proj1/worskapce/src/robot1' returned '0': PYTHONPATH=/home/m/Desktop/S1/RI/proj1/worskapce/build/robot1/prefix_override:/usr/lib/python3/dist-packages/colcon_core/task/python/colcon_distutils_commands:/home/m/Desktop/S1/RI/proj1/worskapce/install/robot1/lib/python3.10/site-packages:${PYTHONPATH} /usr/bin/python3 -W ignore:setup.py install is deprecated setup.py egg_info --egg-base ../../build/robot1 build --build-base /home/m/Desktop/S1/RI/proj1/worskapce/build/robot1/build install --record /home/m/Desktop/S1/RI/proj1/worskapce/build/robot1/install.log --single-version-externally-managed install_data
