[0.037s] Invoking command in '/home/m/Desktop/S1/RI/proj1/worskapce/build/flatland_box2d': CMAKE_PREFIX_PATH=${CMAKE_PREFIX_PATH}:/home/m/Desktop/S1/RI/proj1/worskapce/install/robot2:/home/m/Desktop/S1/RI/proj1/worskapce/install/robot1:/opt/ros/humble /usr/bin/cmake --build /home/m/Desktop/S1/RI/proj1/worskapce/build/flatland_box2d -- -j8 -l8
[0.633s] [100%] Built target flatland_box2d_lib
[1.179s] Invoked command in '/home/m/Desktop/S1/RI/proj1/worskapce/build/flatland_box2d' returned '0': CMAKE_PREFIX_PATH=${CMAKE_PREFIX_PATH}:/home/m/Desktop/S1/RI/proj1/worskapce/install/robot2:/home/m/Desktop/S1/RI/proj1/worskapce/install/robot1:/opt/ros/humble /usr/bin/cmake --build /home/m/Desktop/S1/RI/proj1/worskapce/build/flatland_box2d -- -j8 -l8
[1.339s] Invoking command in '/home/m/Desktop/S1/RI/proj1/worskapce/build/flatland_box2d': CMAKE_PREFIX_PATH=${CMAKE_PREFIX_PATH}:/home/m/Desktop/S1/RI/proj1/worskapce/install/robot2:/home/m/Desktop/S1/RI/proj1/worskapce/install/robot1:/opt/ros/humble /usr/bin/cmake --install /home/m/Desktop/S1/RI/proj1/worskapce/build/flatland_box2d
[1.347s] -- Install configuration: ""
[1.348s] -- Up-to-date: /home/m/Desktop/S1/RI/proj1/worskapce/install/flatland_box2d/share/flatland_box2d/environment/library_path.sh
[1.348s] -- Up-to-date: /home/m/Desktop/S1/RI/proj1/worskapce/install/flatland_box2d/share/flatland_box2d/environment/library_path.dsv
[1.348s] -- Up-to-date: /home/m/Desktop/S1/RI/proj1/worskapce/install/flatland_box2d/share/ament_index/resource_index/package_run_dependencies/flatland_box2d
[1.349s] -- Up-to-date: /home/m/Desktop/S1/RI/proj1/worskapce/install/flatland_box2d/share/ament_index/resource_index/parent_prefix_path/flatland_box2d
[1.349s] -- Up-to-date: /home/m/Desktop/S1/RI/proj1/worskapce/install/flatland_box2d/share/flatland_box2d/environment/ament_prefix_path.sh
[1.349s] -- Up-to-date: /home/m/Desktop/S1/RI/proj1/worskapce/install/flatland_box2d/share/flatland_box2d/environment/ament_prefix_path.dsv
[1.349s] -- Up-to-date: /home/m/Desktop/S1/RI/proj1/worskapce/install/flatland_box2d/share/flatland_box2d/environment/path.sh
[1.349s] -- Up-to-date: /home/m/Desktop/S1/RI/proj1/worskapce/install/flatland_box2d/share/flatland_box2d/environment/path.dsv
[1.350s] -- Up-to-date: /home/m/Desktop/S1/RI/proj1/worskapce/install/flatland_box2d/share/flatland_box2d/local_setup.bash
[1.350s] -- Up-to-date: /home/m/Desktop/S1/RI/proj1/worskapce/install/flatland_box2d/share/flatland_box2d/local_setup.sh
[1.350s] -- Up-to-date: /home/m/Desktop/S1/RI/proj1/worskapce/install/flatland_box2d/share/flatland_box2d/local_setup.zsh
[1.350s] -- Up-to-date: /home/m/Desktop/S1/RI/proj1/worskapce/install/flatland_box2d/share/flatland_box2d/local_setup.dsv
[1.350s] -- Installing: /home/m/Desktop/S1/RI/proj1/worskapce/install/flatland_box2d/share/flatland_box2d/package.dsv
[1.351s] -- Up-to-date: /home/m/Desktop/S1/RI/proj1/worskapce/install/flatland_box2d/share/ament_index/resource_index/packages/flatland_box2d
[1.352s] -- Up-to-date: /home/m/Desktop/S1/RI/proj1/worskapce/install/flatland_box2d/share/flatland_box2d/cmake/export_flatland_box2dExport.cmake
[1.352s] -- Up-to-date: /home/m/Desktop/S1/RI/proj1/worskapce/install/flatland_box2d/share/flatland_box2d/cmake/export_flatland_box2dExport-noconfig.cmake
[1.352s] -- Up-to-date: /home/m/Desktop/S1/RI/proj1/worskapce/install/flatland_box2d/share/flatland_box2d/cmake/ament_cmake_export_targets-extras.cmake
[1.352s] -- Up-to-date: /home/m/Desktop/S1/RI/proj1/worskapce/install/flatland_box2d/share/flatland_box2d/cmake/ament_cmake_export_libraries-extras.cmake
[1.352s] -- Up-to-date: /home/m/Desktop/S1/RI/proj1/worskapce/install/flatland_box2d/share/flatland_box2d/cmake/ament_cmake_export_include_directories-extras.cmake
[1.352s] -- Up-to-date: /home/m/Desktop/S1/RI/proj1/worskapce/install/flatland_box2d/share/flatland_box2d/cmake/flatland_box2dConfig.cmake
[1.353s] -- Up-to-date: /home/m/Desktop/S1/RI/proj1/worskapce/install/flatland_box2d/share/flatland_box2d/cmake/flatland_box2dConfig-version.cmake
[1.353s] -- Up-to-date: /home/m/Desktop/S1/RI/proj1/worskapce/install/flatland_box2d/share/flatland_box2d/package.xml
[1.353s] -- Up-to-date: /home/m/Desktop/S1/RI/proj1/worskapce/install/flatland_box2d/lib/libflatland_box2d_lib.so
[1.353s] -- Up-to-date: /home/m/Desktop/S1/RI/proj1/worskapce/install/flatland_box2d/include
[1.353s] -- Up-to-date: /home/m/Desktop/S1/RI/proj1/worskapce/install/flatland_box2d/include/Box2D
[1.354s] -- Up-to-date: /home/m/Desktop/S1/RI/proj1/worskapce/install/flatland_box2d/include/Box2D/Collision
[1.354s] -- Up-to-date: /home/m/Desktop/S1/RI/proj1/worskapce/install/flatland_box2d/include/Box2D/Collision/b2Distance.h
[1.354s] -- Up-to-date: /home/m/Desktop/S1/RI/proj1/worskapce/install/flatland_box2d/include/Box2D/Collision/Shapes
[1.355s] -- Up-to-date: /home/m/Desktop/S1/RI/proj1/worskapce/install/flatland_box2d/include/Box2D/Collision/Shapes/b2PolygonShape.h
[1.356s] -- Up-to-date: /home/m/Desktop/S1/RI/proj1/worskapce/install/flatland_box2d/include/Box2D/Collision/Shapes/b2Shape.h
[1.356s] -- Up-to-date: /home/m/Desktop/S1/RI/proj1/worskapce/install/flatland_box2d/include/Box2D/Collision/Shapes/b2CircleShape.h
[1.357s] -- Up-to-date: /home/m/Desktop/S1/RI/proj1/worskapce/install/flatland_box2d/include/Box2D/Collision/Shapes/b2EdgeShape.h
[1.357s] -- Up-to-date: /home/m/Desktop/S1/RI/proj1/worskapce/install/flatland_box2d/include/Box2D/Collision/Shapes/b2ChainShape.h
[1.358s] -- Up-to-date: /home/m/Desktop/S1/RI/proj1/worskapce/install/flatland_box2d/include/Box2D/Collision/b2DynamicTree.h
[1.358s] -- Up-to-date: /home/m/Desktop/S1/RI/proj1/worskapce/install/flatland_box2d/include/Box2D/Collision/b2Collision.h
[1.359s] -- Up-to-date: /home/m/Desktop/S1/RI/proj1/worskapce/install/flatland_box2d/include/Box2D/Collision/b2BroadPhase.h
[1.359s] -- Up-to-date: /home/m/Desktop/S1/RI/proj1/worskapce/install/flatland_box2d/include/Box2D/Collision/b2TimeOfImpact.h
[1.360s] -- Up-to-date: /home/m/Desktop/S1/RI/proj1/worskapce/install/flatland_box2d/include/Box2D/Box2D.h
[1.360s] -- Up-to-date: /home/m/Desktop/S1/RI/proj1/worskapce/install/flatland_box2d/include/Box2D/Dynamics
[1.361s] -- Up-to-date: /home/m/Desktop/S1/RI/proj1/worskapce/install/flatland_box2d/include/Box2D/Dynamics/Joints
[1.361s] -- Up-to-date: /home/m/Desktop/S1/RI/proj1/worskapce/install/flatland_box2d/include/Box2D/Dynamics/Joints/b2FrictionJoint.h
[1.362s] -- Up-to-date: /home/m/Desktop/S1/RI/proj1/worskapce/install/flatland_box2d/include/Box2D/Dynamics/Joints/b2DistanceJoint.h
[1.363s] -- Up-to-date: /home/m/Desktop/S1/RI/proj1/worskapce/install/flatland_box2d/include/Box2D/Dynamics/Joints/b2PrismaticJoint.h
[1.364s] -- Up-to-date: /home/m/Desktop/S1/RI/proj1/worskapce/install/flatland_box2d/include/Box2D/Dynamics/Joints/b2WeldJoint.h
[1.364s] -- Up-to-date: /home/m/Desktop/S1/RI/proj1/worskapce/install/flatland_box2d/include/Box2D/Dynamics/Joints/b2PulleyJoint.h
[1.364s] -- Up-to-date: /home/m/Desktop/S1/RI/proj1/worskapce/install/flatland_box2d/include/Box2D/Dynamics/Joints/b2Joint.h
[1.364s] -- Up-to-date: /home/m/Desktop/S1/RI/proj1/worskapce/install/flatland_box2d/include/Box2D/Dynamics/Joints/b2RevoluteJoint.h
[1.365s] -- Up-to-date: /home/m/Desktop/S1/RI/proj1/worskapce/install/flatland_box2d/include/Box2D/Dynamics/Joints/b2RopeJoint.h
[1.365s] -- Up-to-date: /home/m/Desktop/S1/RI/proj1/worskapce/install/flatland_box2d/include/Box2D/Dynamics/Joints/b2MouseJoint.h
[1.365s] -- Up-to-date: /home/m/Desktop/S1/RI/proj1/worskapce/install/flatland_box2d/include/Box2D/Dynamics/Joints/b2MotorJoint.h
[1.366s] -- Up-to-date: /home/m/Desktop/S1/RI/proj1/worskapce/install/flatland_box2d/include/Box2D/Dynamics/Joints/b2WheelJoint.h
[1.366s] -- Up-to-date: /home/m/Desktop/S1/RI/proj1/worskapce/install/flatland_box2d/include/Box2D/Dynamics/Joints/b2GearJoint.h
[1.366s] -- Up-to-date: /home/m/Desktop/S1/RI/proj1/worskapce/install/flatland_box2d/include/Box2D/Dynamics/b2TimeStep.h
[1.366s] -- Up-to-date: /home/m/Desktop/S1/RI/proj1/worskapce/install/flatland_box2d/include/Box2D/Dynamics/Contacts
[1.367s] -- Up-to-date: /home/m/Desktop/S1/RI/proj1/worskapce/install/flatland_box2d/include/Box2D/Dynamics/Contacts/b2PolygonAndCircleContact.h
[1.367s] -- Up-to-date: /home/m/Desktop/S1/RI/proj1/worskapce/install/flatland_box2d/include/Box2D/Dynamics/Contacts/b2PolygonContact.h
[1.367s] -- Up-to-date: /home/m/Desktop/S1/RI/proj1/worskapce/install/flatland_box2d/include/Box2D/Dynamics/Contacts/b2EdgeAndCircleContact.h
[1.367s] -- Up-to-date: /home/m/Desktop/S1/RI/proj1/worskapce/install/flatland_box2d/include/Box2D/Dynamics/Contacts/b2CircleContact.h
[1.367s] -- Up-to-date: /home/m/Desktop/S1/RI/proj1/worskapce/install/flatland_box2d/include/Box2D/Dynamics/Contacts/b2ChainAndPolygonContact.h
[1.368s] -- Up-to-date: /home/m/Desktop/S1/RI/proj1/worskapce/install/flatland_box2d/include/Box2D/Dynamics/Contacts/b2Contact.h
[1.369s] -- Up-to-date: /home/m/Desktop/S1/RI/proj1/worskapce/install/flatland_box2d/include/Box2D/Dynamics/Contacts/b2EdgeAndPolygonContact.h
[1.369s] -- Up-to-date: /home/m/Desktop/S1/RI/proj1/worskapce/install/flatland_box2d/include/Box2D/Dynamics/Contacts/b2ChainAndCircleContact.h
[1.370s] -- Up-to-date: /home/m/Desktop/S1/RI/proj1/worskapce/install/flatland_box2d/include/Box2D/Dynamics/Contacts/b2ContactSolver.h
[1.370s] -- Up-to-date: /home/m/Desktop/S1/RI/proj1/worskapce/install/flatland_box2d/include/Box2D/Dynamics/b2World.h
[1.371s] -- Up-to-date: /home/m/Desktop/S1/RI/proj1/worskapce/install/flatland_box2d/include/Box2D/Dynamics/b2WorldCallbacks.h
[1.371s] -- Up-to-date: /home/m/Desktop/S1/RI/proj1/worskapce/install/flatland_box2d/include/Box2D/Dynamics/b2Body.h
[1.372s] -- Up-to-date: /home/m/Desktop/S1/RI/proj1/worskapce/install/flatland_box2d/include/Box2D/Dynamics/b2Island.h
[1.373s] -- Up-to-date: /home/m/Desktop/S1/RI/proj1/worskapce/install/flatland_box2d/include/Box2D/Dynamics/b2Fixture.h
[1.373s] -- Up-to-date: /home/m/Desktop/S1/RI/proj1/worskapce/install/flatland_box2d/include/Box2D/Dynamics/b2ContactManager.h
[1.373s] -- Up-to-date: /home/m/Desktop/S1/RI/proj1/worskapce/install/flatland_box2d/include/Box2D/Rope
[1.374s] -- Up-to-date: /home/m/Desktop/S1/RI/proj1/worskapce/install/flatland_box2d/include/Box2D/Rope/b2Rope.h
[1.375s] -- Up-to-date: /home/m/Desktop/S1/RI/proj1/worskapce/install/flatland_box2d/include/Box2D/Common
[1.375s] -- Up-to-date: /home/m/Desktop/S1/RI/proj1/worskapce/install/flatland_box2d/include/Box2D/Common/b2Settings.h
[1.376s] -- Up-to-date: /home/m/Desktop/S1/RI/proj1/worskapce/install/flatland_box2d/include/Box2D/Common/b2GrowableStack.h
[1.376s] -- Up-to-date: /home/m/Desktop/S1/RI/proj1/worskapce/install/flatland_box2d/include/Box2D/Common/b2Timer.h
[1.377s] -- Up-to-date: /home/m/Desktop/S1/RI/proj1/worskapce/install/flatland_box2d/include/Box2D/Common/b2Math.h
[1.377s] -- Up-to-date: /home/m/Desktop/S1/RI/proj1/worskapce/install/flatland_box2d/include/Box2D/Common/b2Draw.h
[1.378s] -- Up-to-date: /home/m/Desktop/S1/RI/proj1/worskapce/install/flatland_box2d/include/Box2D/Common/b2BlockAllocator.h
[1.378s] -- Up-to-date: /home/m/Desktop/S1/RI/proj1/worskapce/install/flatland_box2d/include/Box2D/Common/b2StackAllocator.h
[1.379s] Invoked command in '/home/m/Desktop/S1/RI/proj1/worskapce/build/flatland_box2d' returned '0': CMAKE_PREFIX_PATH=${CMAKE_PREFIX_PATH}:/home/m/Desktop/S1/RI/proj1/worskapce/install/robot2:/home/m/Desktop/S1/RI/proj1/worskapce/install/robot1:/opt/ros/humble /usr/bin/cmake --install /home/m/Desktop/S1/RI/proj1/worskapce/build/flatland_box2d
