[1.820s] Invoking command in '/home/m/Desktop/S1/RI/proj1/worskapce/src/robot2': PYTHONPATH=/home/m/Desktop/S1/RI/proj1/worskapce/build/robot2/prefix_override:/usr/lib/python3/dist-packages/colcon_core/task/python/colcon_distutils_commands:/home/m/Desktop/S1/RI/proj1/worskapce/install/robot2/lib/python3.10/site-packages:${PYTHONPATH} /usr/bin/python3 -W ignore:setup.py install is deprecated setup.py egg_info --egg-base ../../build/robot2 build --build-base /home/m/Desktop/S1/RI/proj1/worskapce/build/robot2/build install --record /home/m/Desktop/S1/RI/proj1/worskapce/build/robot2/install.log --single-version-externally-managed install_data
[2.573s] running egg_info
[2.574s] creating ../../build/robot2/robot2.egg-info
[2.600s] writing ../../build/robot2/robot2.egg-info/PKG-INFO
[2.600s] writing dependency_links to ../../build/robot2/robot2.egg-info/dependency_links.txt
[2.601s] writing requirements to ../../build/robot2/robot2.egg-info/requires.txt
[2.601s] writing top-level names to ../../build/robot2/robot2.egg-info/top_level.txt
[2.601s] writing manifest file '../../build/robot2/robot2.egg-info/SOURCES.txt'
[2.856s] reading manifest file '../../build/robot2/robot2.egg-info/SOURCES.txt'
[2.856s] writing manifest file '../../build/robot2/robot2.egg-info/SOURCES.txt'
[2.857s] running build
[2.857s] running build_py
[2.857s] creating /home/m/Desktop/S1/RI/proj1/worskapce/build/robot2/build
[2.857s] creating /home/m/Desktop/S1/RI/proj1/worskapce/build/robot2/build/lib
[2.857s] creating /home/m/Desktop/S1/RI/proj1/worskapce/build/robot2/build/lib/robot2
[2.857s] copying robot2/__init__.py -> /home/m/Desktop/S1/RI/proj1/worskapce/build/robot2/build/lib/robot2
[2.857s] running install
[2.863s] running install_lib
[2.923s] creating /home/m/Desktop/S1/RI/proj1/worskapce/install/robot2/lib/python3.10/site-packages/robot2
[2.923s] copying /home/m/Desktop/S1/RI/proj1/worskapce/build/robot2/build/lib/robot2/__init__.py -> /home/m/Desktop/S1/RI/proj1/worskapce/install/robot2/lib/python3.10/site-packages/robot2
[2.924s] byte-compiling /home/m/Desktop/S1/RI/proj1/worskapce/install/robot2/lib/python3.10/site-packages/robot2/__init__.py to __init__.cpython-310.pyc
[2.924s] running install_data
[2.924s] creating /home/m/Desktop/S1/RI/proj1/worskapce/install/robot2/share/ament_index
[2.925s] creating /home/m/Desktop/S1/RI/proj1/worskapce/install/robot2/share/ament_index/resource_index
[2.925s] creating /home/m/Desktop/S1/RI/proj1/worskapce/install/robot2/share/ament_index/resource_index/packages
[2.928s] copying resource/robot2 -> /home/m/Desktop/S1/RI/proj1/worskapce/install/robot2/share/ament_index/resource_index/packages
[2.929s] copying package.xml -> /home/m/Desktop/S1/RI/proj1/worskapce/install/robot2/share/robot2
[2.929s] running install_egg_info
[2.967s] Copying ../../build/robot2/robot2.egg-info to /home/m/Desktop/S1/RI/proj1/worskapce/install/robot2/lib/python3.10/site-packages/robot2-0.0.0-py3.10.egg-info
[2.969s] running install_scripts
[3.103s] writing list of installed files to '/home/m/Desktop/S1/RI/proj1/worskapce/build/robot2/install.log'
[3.192s] Invoked command in '/home/m/Desktop/S1/RI/proj1/worskapce/src/robot2' returned '0': PYTHONPATH=/home/m/Desktop/S1/RI/proj1/worskapce/build/robot2/prefix_override:/usr/lib/python3/dist-packages/colcon_core/task/python/colcon_distutils_commands:/home/m/Desktop/S1/RI/proj1/worskapce/install/robot2/lib/python3.10/site-packages:${PYTHONPATH} /usr/bin/python3 -W ignore:setup.py install is deprecated setup.py egg_info --egg-base ../../build/robot2 build --build-base /home/m/Desktop/S1/RI/proj1/worskapce/build/robot2/build install --record /home/m/Desktop/S1/RI/proj1/worskapce/build/robot2/install.log --single-version-externally-managed install_data
