[  6%] Built target gtest
[ 12%] Built target gtest_main
[ 50%] Built target flatland_plugins_lib
[ 62%] Built target model_tf_publisher_test
[ 62%] Built target tricycle_drive_test
[ 68%] Built target diff_drive_test
[ 75%] Built target bumper_test
[ 81%] Built target gps_test
[ 87%] Built target tween_test
[ 93%] Built target update_timer_test
[100%] Built target laser_test
-- Install configuration: ""
-- Up-to-date: /home/m/Desktop/S1/RI/proj1/worskapce/install/flatland_plugins/share/flatland_plugins/environment/library_path.sh
-- Up-to-date: /home/m/Desktop/S1/RI/proj1/worskapce/install/flatland_plugins/share/flatland_plugins/environment/library_path.dsv
-- Up-to-date: /home/m/Desktop/S1/RI/proj1/worskapce/install/flatland_plugins/share/flatland_plugins/plugin_description.xml
-- Up-to-date: /home/m/Desktop/S1/RI/proj1/worskapce/install/flatland_plugins/lib/libflatland_plugins_lib.so
-- Up-to-date: /home/m/Desktop/S1/RI/proj1/worskapce/install/flatland_plugins/include
-- Up-to-date: /home/m/Desktop/S1/RI/proj1/worskapce/install/flatland_plugins/include/thirdparty
-- Up-to-date: /home/m/Desktop/S1/RI/proj1/worskapce/install/flatland_plugins/include/thirdparty/tweeny
-- Up-to-date: /home/m/Desktop/S1/RI/proj1/worskapce/install/flatland_plugins/include/thirdparty/tweeny/easingresolve.h
-- Up-to-date: /home/m/Desktop/S1/RI/proj1/worskapce/install/flatland_plugins/include/thirdparty/tweeny/tweenpoint.h
-- Up-to-date: /home/m/Desktop/S1/RI/proj1/worskapce/install/flatland_plugins/include/thirdparty/tweeny/tweentraits.h
-- Up-to-date: /home/m/Desktop/S1/RI/proj1/worskapce/install/flatland_plugins/include/thirdparty/tweeny/tween.h
-- Up-to-date: /home/m/Desktop/S1/RI/proj1/worskapce/install/flatland_plugins/include/thirdparty/tweeny/int2type.h
-- Up-to-date: /home/m/Desktop/S1/RI/proj1/worskapce/install/flatland_plugins/include/thirdparty/tweeny/dispatcher.h
-- Up-to-date: /home/m/Desktop/S1/RI/proj1/worskapce/install/flatland_plugins/include/thirdparty/tweeny/tweeny.h
-- Up-to-date: /home/m/Desktop/S1/RI/proj1/worskapce/install/flatland_plugins/include/thirdparty/tweeny/easing.h
-- Up-to-date: /home/m/Desktop/S1/RI/proj1/worskapce/install/flatland_plugins/include/thirdparty/ThreadPool.h
-- Up-to-date: /home/m/Desktop/S1/RI/proj1/worskapce/install/flatland_plugins/include/flatland_plugins
-- Up-to-date: /home/m/Desktop/S1/RI/proj1/worskapce/install/flatland_plugins/include/flatland_plugins/bumper.h
-- Up-to-date: /home/m/Desktop/S1/RI/proj1/worskapce/install/flatland_plugins/include/flatland_plugins/world_random_wall.h
-- Up-to-date: /home/m/Desktop/S1/RI/proj1/worskapce/install/flatland_plugins/include/flatland_plugins/tween.h
-- Up-to-date: /home/m/Desktop/S1/RI/proj1/worskapce/install/flatland_plugins/include/flatland_plugins/update_timer.h
-- Up-to-date: /home/m/Desktop/S1/RI/proj1/worskapce/install/flatland_plugins/include/flatland_plugins/world_modifier.h
-- Up-to-date: /home/m/Desktop/S1/RI/proj1/worskapce/install/flatland_plugins/include/flatland_plugins/gps.h
-- Up-to-date: /home/m/Desktop/S1/RI/proj1/worskapce/install/flatland_plugins/include/flatland_plugins/model_tf_publisher.h
-- Up-to-date: /home/m/Desktop/S1/RI/proj1/worskapce/install/flatland_plugins/include/flatland_plugins/diff_drive.h
-- Up-to-date: /home/m/Desktop/S1/RI/proj1/worskapce/install/flatland_plugins/include/flatland_plugins/bool_sensor.h
-- Up-to-date: /home/m/Desktop/S1/RI/proj1/worskapce/install/flatland_plugins/include/flatland_plugins/tricycle_drive.h
-- Up-to-date: /home/m/Desktop/S1/RI/proj1/worskapce/install/flatland_plugins/include/flatland_plugins/laser.h
-- Up-to-date: /home/m/Desktop/S1/RI/proj1/worskapce/install/flatland_plugins/share/ament_index/resource_index/package_run_dependencies/flatland_plugins
-- Up-to-date: /home/m/Desktop/S1/RI/proj1/worskapce/install/flatland_plugins/share/ament_index/resource_index/parent_prefix_path/flatland_plugins
-- Up-to-date: /home/m/Desktop/S1/RI/proj1/worskapce/install/flatland_plugins/share/flatland_plugins/environment/ament_prefix_path.sh
-- Up-to-date: /home/m/Desktop/S1/RI/proj1/worskapce/install/flatland_plugins/share/flatland_plugins/environment/ament_prefix_path.dsv
-- Up-to-date: /home/m/Desktop/S1/RI/proj1/worskapce/install/flatland_plugins/share/flatland_plugins/environment/path.sh
-- Up-to-date: /home/m/Desktop/S1/RI/proj1/worskapce/install/flatland_plugins/share/flatland_plugins/environment/path.dsv
-- Up-to-date: /home/m/Desktop/S1/RI/proj1/worskapce/install/flatland_plugins/share/flatland_plugins/local_setup.bash
-- Up-to-date: /home/m/Desktop/S1/RI/proj1/worskapce/install/flatland_plugins/share/flatland_plugins/local_setup.sh
-- Up-to-date: /home/m/Desktop/S1/RI/proj1/worskapce/install/flatland_plugins/share/flatland_plugins/local_setup.zsh
-- Up-to-date: /home/m/Desktop/S1/RI/proj1/worskapce/install/flatland_plugins/share/flatland_plugins/local_setup.dsv
-- Installing: /home/m/Desktop/S1/RI/proj1/worskapce/install/flatland_plugins/share/flatland_plugins/package.dsv
-- Up-to-date: /home/m/Desktop/S1/RI/proj1/worskapce/install/flatland_plugins/share/ament_index/resource_index/packages/flatland_plugins
-- Up-to-date: /home/m/Desktop/S1/RI/proj1/worskapce/install/flatland_plugins/share/ament_index/resource_index/flatland_server__pluginlib__plugin/flatland_plugins
-- Up-to-date: /home/m/Desktop/S1/RI/proj1/worskapce/install/flatland_plugins/share/flatland_plugins/cmake/export_flatland_plugins_libExport.cmake
-- Up-to-date: /home/m/Desktop/S1/RI/proj1/worskapce/install/flatland_plugins/share/flatland_plugins/cmake/export_flatland_plugins_libExport-noconfig.cmake
-- Up-to-date: /home/m/Desktop/S1/RI/proj1/worskapce/install/flatland_plugins/share/flatland_plugins/cmake/ament_cmake_export_targets-extras.cmake
-- Up-to-date: /home/m/Desktop/S1/RI/proj1/worskapce/install/flatland_plugins/share/flatland_plugins/cmake/ament_cmake_export_dependencies-extras.cmake
-- Up-to-date: /home/m/Desktop/S1/RI/proj1/worskapce/install/flatland_plugins/share/flatland_plugins/cmake/flatland_pluginsConfig.cmake
-- Up-to-date: /home/m/Desktop/S1/RI/proj1/worskapce/install/flatland_plugins/share/flatland_plugins/cmake/flatland_pluginsConfig-version.cmake
-- Up-to-date: /home/m/Desktop/S1/RI/proj1/worskapce/install/flatland_plugins/share/flatland_plugins/package.xml
