[0.012s] Invoking command in '/home/m/Desktop/S1/RI/proj1/worskapce/build/flatland_server': AMENT_PREFIX_PATH=/home/m/Desktop/S1/RI/proj1/worskapce/install/flatland_msgs:/home/m/Desktop/S1/RI/proj1/worskapce/install/flatland_box2d:${AMENT_PREFIX_PATH} CMAKE_PREFIX_PATH=/home/m/Desktop/S1/RI/proj1/worskapce/install/flatland_msgs:/home/m/Desktop/S1/RI/proj1/worskapce/install/flatland_box2d:/opt/ros/humble LD_LIBRARY_PATH=/home/m/Desktop/S1/RI/proj1/worskapce/install/flatland_msgs/lib:/home/m/Desktop/S1/RI/proj1/worskapce/install/flatland_box2d/lib:${LD_LIBRARY_PATH} PYTHONPATH=/home/m/Desktop/S1/RI/proj1/worskapce/install/flatland_msgs/local/lib/python3.10/dist-packages:${PYTHONPATH} /usr/bin/cmake --build /home/m/Desktop/S1/RI/proj1/worskapce/build/flatland_server -- -j8 -l8
[0.045s] [35m[1mConsolidate compiler generated dependencies of target gtest[0m
[0.048s] [35m[1mConsolidate compiler generated dependencies of target gtest_main[0m
[0.063s] [  4%] Built target gtest
[0.066s] [  8%] Built target gtest_main
[0.075s] [35m[1mConsolidate compiler generated dependencies of target flatland_server_null_test[0m
[0.081s] [35m[1mConsolidate compiler generated dependencies of target flatland_lib[0m
[0.093s] [ 12%] Built target flatland_server_null_test
[0.300s] [ 56%] Built target flatland_lib
[0.312s] [35m[1mConsolidate compiler generated dependencies of target geometry_test[0m
[0.314s] [35m[1mConsolidate compiler generated dependencies of target load_world_test[0m
[0.314s] [35m[1mConsolidate compiler generated dependencies of target flatland_server[0m
[0.314s] [35m[1mConsolidate compiler generated dependencies of target model_test[0m
[0.316s] [35m[1mConsolidate compiler generated dependencies of target yaml_preprocessor_test[0m
[0.316s] [35m[1mConsolidate compiler generated dependencies of target plugin_manager_test[0m
[0.326s] [35m[1mConsolidate compiler generated dependencies of target collision_filter_registry_test[0m
[0.337s] [35m[1mConsolidate compiler generated dependencies of target dummy_world_plugin_test[0m
[0.369s] [ 64%] Built target model_test
[0.369s] [ 64%] Built target yaml_preprocessor_test
[0.373s] [ 68%] Built target geometry_test
[0.375s] [ 72%] Built target flatland_server
[0.379s] [ 76%] Built target load_world_test
[0.382s] [ 80%] Built target collision_filter_registry_test
[0.384s] [35m[1mConsolidate compiler generated dependencies of target dummy_model_plugin_test[0m
[0.385s] [ 84%] Built target plugin_manager_test
[0.387s] [35m[1mConsolidate compiler generated dependencies of target debug_visualization_test[0m
[0.388s] [35m[1mConsolidate compiler generated dependencies of target service_manager_test[0m
[0.395s] [ 88%] Built target dummy_world_plugin_test
[0.432s] [ 92%] Built target debug_visualization_test
[0.436s] [ 96%] Built target dummy_model_plugin_test
[0.437s] [100%] Built target service_manager_test
[0.447s] Invoked command in '/home/m/Desktop/S1/RI/proj1/worskapce/build/flatland_server' returned '0': AMENT_PREFIX_PATH=/home/m/Desktop/S1/RI/proj1/worskapce/install/flatland_msgs:/home/m/Desktop/S1/RI/proj1/worskapce/install/flatland_box2d:${AMENT_PREFIX_PATH} CMAKE_PREFIX_PATH=/home/m/Desktop/S1/RI/proj1/worskapce/install/flatland_msgs:/home/m/Desktop/S1/RI/proj1/worskapce/install/flatland_box2d:/opt/ros/humble LD_LIBRARY_PATH=/home/m/Desktop/S1/RI/proj1/worskapce/install/flatland_msgs/lib:/home/m/Desktop/S1/RI/proj1/worskapce/install/flatland_box2d/lib:${LD_LIBRARY_PATH} PYTHONPATH=/home/m/Desktop/S1/RI/proj1/worskapce/install/flatland_msgs/local/lib/python3.10/dist-packages:${PYTHONPATH} /usr/bin/cmake --build /home/m/Desktop/S1/RI/proj1/worskapce/build/flatland_server -- -j8 -l8
[0.511s] Invoking command in '/home/m/Desktop/S1/RI/proj1/worskapce/build/flatland_server': AMENT_PREFIX_PATH=/home/m/Desktop/S1/RI/proj1/worskapce/install/flatland_msgs:/home/m/Desktop/S1/RI/proj1/worskapce/install/flatland_box2d:${AMENT_PREFIX_PATH} CMAKE_PREFIX_PATH=/home/m/Desktop/S1/RI/proj1/worskapce/install/flatland_msgs:/home/m/Desktop/S1/RI/proj1/worskapce/install/flatland_box2d:/opt/ros/humble LD_LIBRARY_PATH=/home/m/Desktop/S1/RI/proj1/worskapce/install/flatland_msgs/lib:/home/m/Desktop/S1/RI/proj1/worskapce/install/flatland_box2d/lib:${LD_LIBRARY_PATH} PYTHONPATH=/home/m/Desktop/S1/RI/proj1/worskapce/install/flatland_msgs/local/lib/python3.10/dist-packages:${PYTHONPATH} /usr/bin/cmake --install /home/m/Desktop/S1/RI/proj1/worskapce/build/flatland_server
[0.517s] -- Install configuration: ""
[0.518s] -- Up-to-date: /home/m/Desktop/S1/RI/proj1/worskapce/install/flatland_server/share/flatland_server/environment/library_path.sh
[0.518s] -- Up-to-date: /home/m/Desktop/S1/RI/proj1/worskapce/install/flatland_server/share/flatland_server/environment/library_path.dsv
[0.518s] -- Up-to-date: /home/m/Desktop/S1/RI/proj1/worskapce/install/flatland_server/share/flatland_server/plugin_description.xml
[0.518s] -- Up-to-date: /home/m/Desktop/S1/RI/proj1/worskapce/install/flatland_server/lib/libflatland_lib.so
[0.518s] -- Up-to-date: /home/m/Desktop/S1/RI/proj1/worskapce/install/flatland_server/lib/flatland_server/flatland_server
[0.518s] -- Up-to-date: /home/m/Desktop/S1/RI/proj1/worskapce/install/flatland_server/include
[0.519s] -- Up-to-date: /home/m/Desktop/S1/RI/proj1/worskapce/install/flatland_server/include/flatland_server
[0.519s] -- Up-to-date: /home/m/Desktop/S1/RI/proj1/worskapce/install/flatland_server/include/flatland_server/dummy_world_plugin.h
[0.520s] -- Up-to-date: /home/m/Desktop/S1/RI/proj1/worskapce/install/flatland_server/include/flatland_server/world.h
[0.520s] -- Up-to-date: /home/m/Desktop/S1/RI/proj1/worskapce/install/flatland_server/include/flatland_server/dummy_model_plugin.h
[0.520s] -- Up-to-date: /home/m/Desktop/S1/RI/proj1/worskapce/install/flatland_server/include/flatland_server/layer.h
[0.520s] -- Up-to-date: /home/m/Desktop/S1/RI/proj1/worskapce/install/flatland_server/include/flatland_server/timekeeper.h
[0.520s] -- Up-to-date: /home/m/Desktop/S1/RI/proj1/worskapce/install/flatland_server/include/flatland_server/interactive_marker_manager.h
[0.521s] -- Up-to-date: /home/m/Desktop/S1/RI/proj1/worskapce/install/flatland_server/include/flatland_server/model_plugin.h
[0.521s] -- Up-to-date: /home/m/Desktop/S1/RI/proj1/worskapce/install/flatland_server/include/flatland_server/service_manager.h
[0.521s] -- Up-to-date: /home/m/Desktop/S1/RI/proj1/worskapce/install/flatland_server/include/flatland_server/yaml_preprocessor.h
[0.521s] -- Up-to-date: /home/m/Desktop/S1/RI/proj1/worskapce/install/flatland_server/include/flatland_server/debug_visualization.h
[0.521s] -- Up-to-date: /home/m/Desktop/S1/RI/proj1/worskapce/install/flatland_server/include/flatland_server/body.h
[0.521s] -- Up-to-date: /home/m/Desktop/S1/RI/proj1/worskapce/install/flatland_server/include/flatland_server/flatland_plugin.h
[0.522s] -- Up-to-date: /home/m/Desktop/S1/RI/proj1/worskapce/install/flatland_server/include/flatland_server/types.h
[0.522s] -- Up-to-date: /home/m/Desktop/S1/RI/proj1/worskapce/install/flatland_server/include/flatland_server/simulation_manager.h
[0.522s] -- Up-to-date: /home/m/Desktop/S1/RI/proj1/worskapce/install/flatland_server/include/flatland_server/joint.h
[0.522s] -- Up-to-date: /home/m/Desktop/S1/RI/proj1/worskapce/install/flatland_server/include/flatland_server/yaml_reader.h
[0.522s] -- Up-to-date: /home/m/Desktop/S1/RI/proj1/worskapce/install/flatland_server/include/flatland_server/model_body.h
[0.522s] -- Up-to-date: /home/m/Desktop/S1/RI/proj1/worskapce/install/flatland_server/include/flatland_server/geometry.h
[0.522s] -- Up-to-date: /home/m/Desktop/S1/RI/proj1/worskapce/install/flatland_server/include/flatland_server/exceptions.h
[0.522s] -- Up-to-date: /home/m/Desktop/S1/RI/proj1/worskapce/install/flatland_server/include/flatland_server/plugin_manager.h
[0.523s] -- Up-to-date: /home/m/Desktop/S1/RI/proj1/worskapce/install/flatland_server/include/flatland_server/collision_filter_registry.h
[0.523s] -- Up-to-date: /home/m/Desktop/S1/RI/proj1/worskapce/install/flatland_server/include/flatland_server/entity.h
[0.523s] -- Up-to-date: /home/m/Desktop/S1/RI/proj1/worskapce/install/flatland_server/include/flatland_server/world_plugin.h
[0.523s] -- Up-to-date: /home/m/Desktop/S1/RI/proj1/worskapce/install/flatland_server/include/flatland_server/model.h
[0.523s] -- Up-to-date: /home/m/Desktop/S1/RI/proj1/worskapce/install/flatland_server/share/flatland_server//launch
[0.523s] -- Up-to-date: /home/m/Desktop/S1/RI/proj1/worskapce/install/flatland_server/share/flatland_server//launch/server.launch
[0.523s] -- Up-to-date: /home/m/Desktop/S1/RI/proj1/worskapce/install/flatland_server/share/flatland_server//launch/server.launch.py
[0.523s] -- Up-to-date: /home/m/Desktop/S1/RI/proj1/worskapce/install/flatland_server/share/flatland_server/test/conestogo_office_test
[0.524s] -- Up-to-date: /home/m/Desktop/S1/RI/proj1/worskapce/install/flatland_server/share/flatland_server/test/conestogo_office_test/sensor.model.yaml
[0.524s] -- Up-to-date: /home/m/Desktop/S1/RI/proj1/worskapce/install/flatland_server/share/flatland_server/test/conestogo_office_test/map3d.yaml
[0.525s] -- Up-to-date: /home/m/Desktop/S1/RI/proj1/worskapce/install/flatland_server/share/flatland_server/test/conestogo_office_test/walker.model.yaml
[0.525s] -- Up-to-date: /home/m/Desktop/S1/RI/proj1/worskapce/install/flatland_server/share/flatland_server/test/conestogo_office_test/map3d.png
[0.525s] -- Up-to-date: /home/m/Desktop/S1/RI/proj1/worskapce/install/flatland_server/share/flatland_server/test/conestogo_office_test/map.yaml
[0.525s] -- Up-to-date: /home/m/Desktop/S1/RI/proj1/worskapce/install/flatland_server/share/flatland_server/test/conestogo_office_test/cleaner.model.yaml
[0.526s] -- Up-to-date: /home/m/Desktop/S1/RI/proj1/worskapce/install/flatland_server/share/flatland_server/test/conestogo_office_test/turtlebot.model.yaml
[0.526s] -- Up-to-date: /home/m/Desktop/S1/RI/proj1/worskapce/install/flatland_server/share/flatland_server/test/conestogo_office_test/map.png
[0.526s] -- Up-to-date: /home/m/Desktop/S1/RI/proj1/worskapce/install/flatland_server/share/flatland_server/test/conestogo_office_test/world.yaml
[0.526s] -- Up-to-date: /home/m/Desktop/S1/RI/proj1/worskapce/install/flatland_server/share/ament_index/resource_index/package_run_dependencies/flatland_server
[0.526s] -- Up-to-date: /home/m/Desktop/S1/RI/proj1/worskapce/install/flatland_server/share/ament_index/resource_index/parent_prefix_path/flatland_server
[0.526s] -- Up-to-date: /home/m/Desktop/S1/RI/proj1/worskapce/install/flatland_server/share/flatland_server/environment/ament_prefix_path.sh
[0.526s] -- Up-to-date: /home/m/Desktop/S1/RI/proj1/worskapce/install/flatland_server/share/flatland_server/environment/ament_prefix_path.dsv
[0.527s] -- Up-to-date: /home/m/Desktop/S1/RI/proj1/worskapce/install/flatland_server/share/flatland_server/environment/path.sh
[0.527s] -- Up-to-date: /home/m/Desktop/S1/RI/proj1/worskapce/install/flatland_server/share/flatland_server/environment/path.dsv
[0.527s] -- Up-to-date: /home/m/Desktop/S1/RI/proj1/worskapce/install/flatland_server/share/flatland_server/local_setup.bash
[0.527s] -- Up-to-date: /home/m/Desktop/S1/RI/proj1/worskapce/install/flatland_server/share/flatland_server/local_setup.sh
[0.527s] -- Up-to-date: /home/m/Desktop/S1/RI/proj1/worskapce/install/flatland_server/share/flatland_server/local_setup.zsh
[0.527s] -- Up-to-date: /home/m/Desktop/S1/RI/proj1/worskapce/install/flatland_server/share/flatland_server/local_setup.dsv
[0.527s] -- Installing: /home/m/Desktop/S1/RI/proj1/worskapce/install/flatland_server/share/flatland_server/package.dsv
[0.527s] -- Up-to-date: /home/m/Desktop/S1/RI/proj1/worskapce/install/flatland_server/share/ament_index/resource_index/packages/flatland_server
[0.528s] -- Up-to-date: /home/m/Desktop/S1/RI/proj1/worskapce/install/flatland_server/share/ament_index/resource_index/flatland_server__pluginlib__plugin/flatland_server
[0.528s] -- Up-to-date: /home/m/Desktop/S1/RI/proj1/worskapce/install/flatland_server/share/flatland_server/cmake/export_flatland_libExport.cmake
[0.528s] -- Up-to-date: /home/m/Desktop/S1/RI/proj1/worskapce/install/flatland_server/share/flatland_server/cmake/export_flatland_libExport-noconfig.cmake
[0.528s] -- Up-to-date: /home/m/Desktop/S1/RI/proj1/worskapce/install/flatland_server/share/flatland_server/cmake/ament_cmake_export_targets-extras.cmake
[0.528s] -- Up-to-date: /home/m/Desktop/S1/RI/proj1/worskapce/install/flatland_server/share/flatland_server/cmake/ament_cmake_export_libraries-extras.cmake
[0.528s] -- Up-to-date: /home/m/Desktop/S1/RI/proj1/worskapce/install/flatland_server/share/flatland_server/cmake/ament_cmake_export_dependencies-extras.cmake
[0.528s] -- Up-to-date: /home/m/Desktop/S1/RI/proj1/worskapce/install/flatland_server/share/flatland_server/cmake/ament_cmake_export_include_directories-extras.cmake
[0.528s] -- Up-to-date: /home/m/Desktop/S1/RI/proj1/worskapce/install/flatland_server/share/flatland_server/cmake/flatland_serverConfig.cmake
[0.529s] -- Up-to-date: /home/m/Desktop/S1/RI/proj1/worskapce/install/flatland_server/share/flatland_server/cmake/flatland_serverConfig-version.cmake
[0.529s] -- Up-to-date: /home/m/Desktop/S1/RI/proj1/worskapce/install/flatland_server/share/flatland_server/package.xml
[0.530s] Invoked command in '/home/m/Desktop/S1/RI/proj1/worskapce/build/flatland_server' returned '0': AMENT_PREFIX_PATH=/home/m/Desktop/S1/RI/proj1/worskapce/install/flatland_msgs:/home/m/Desktop/S1/RI/proj1/worskapce/install/flatland_box2d:${AMENT_PREFIX_PATH} CMAKE_PREFIX_PATH=/home/m/Desktop/S1/RI/proj1/worskapce/install/flatland_msgs:/home/m/Desktop/S1/RI/proj1/worskapce/install/flatland_box2d:/opt/ros/humble LD_LIBRARY_PATH=/home/m/Desktop/S1/RI/proj1/worskapce/install/flatland_msgs/lib:/home/m/Desktop/S1/RI/proj1/worskapce/install/flatland_box2d/lib:${LD_LIBRARY_PATH} PYTHONPATH=/home/m/Desktop/S1/RI/proj1/worskapce/install/flatland_msgs/local/lib/python3.10/dist-packages:${PYTHONPATH} /usr/bin/cmake --install /home/m/Desktop/S1/RI/proj1/worskapce/build/flatland_server
