-- The C compiler identification is GNU 11.4.0
-- The CXX compiler identification is GNU 11.4.0
-- Detecting C compiler ABI info
-- Detecting C compiler ABI info - done
-- Check for working C compiler: /usr/bin/cc - skipped
-- Detecting C compile features
-- Detecting C compile features - done
-- Detecting CXX compiler ABI info
-- Detecting CXX compiler ABI info - done
-- Check for working CXX compiler: /usr/bin/c++ - skipped
-- Detecting CXX compile features
-- Detecting CXX compile features - done
-- Found ament_cmake: 1.3.10 (/opt/ros/humble/share/ament_cmake/cmake)
-- Found Python3: /usr/bin/python3 (found version "3.10.12") found components: Interpreter 
-- Found pluginlib: 5.1.0 (/opt/ros/humble/share/pluginlib/cmake)
-- Found rclcpp: 16.0.10 (/opt/ros/humble/share/rclcpp/cmake)
-- Found rosidl_generator_c: 3.1.5 (/opt/ros/humble/share/rosidl_generator_c/cmake)
-- Found rosidl_adapter: 3.1.5 (/opt/ros/humble/share/rosidl_adapter/cmake)
-- Found rosidl_generator_cpp: 3.1.5 (/opt/ros/humble/share/rosidl_generator_cpp/cmake)
-- Using all available rosidl_typesupport_c: rosidl_typesupport_fastrtps_c;rosidl_typesupport_introspection_c
-- Using all available rosidl_typesupport_cpp: rosidl_typesupport_fastrtps_cpp;rosidl_typesupport_introspection_cpp
-- Found rmw_implementation_cmake: 6.1.2 (/opt/ros/humble/share/rmw_implementation_cmake/cmake)
-- Found rmw_fastrtps_cpp: 6.2.7 (/opt/ros/humble/share/rmw_fastrtps_cpp/cmake)
-- Found TinyXML2 via Config file: TinyXML2_DIR-NOTFOUND
-- Found OpenSSL: /usr/lib/x86_64-linux-gnu/libcrypto.so (found version "3.0.2")  
-- Found TinyXML2 via Config file: TinyXML2_DIR-NOTFOUND
-- Found FastRTPS: /opt/ros/humble/include  
-- Found TinyXML2 via Config file: TinyXML2_DIR-NOTFOUND
-- Found TinyXML2 via Config file: TinyXML2_DIR-NOTFOUND
-- Using RMW implementation 'rmw_fastrtps_cpp' as default
-- Looking for pthread.h
-- Looking for pthread.h - found
-- Performing Test CMAKE_HAVE_LIBC_PTHREAD
-- Performing Test CMAKE_HAVE_LIBC_PTHREAD - Success
-- Found Threads: TRUE  
-- Found visualization_msgs: 4.2.4 (/opt/ros/humble/share/visualization_msgs/cmake)
-- Found interactive_markers: 2.3.2 (/opt/ros/humble/share/interactive_markers/cmake)
-- Found nav_msgs: 4.2.4 (/opt/ros/humble/share/nav_msgs/cmake)
-- Found tf2_ros: 0.25.8 (/opt/ros/humble/share/tf2_ros/cmake)
-- Found tf2_geometry_msgs: 0.25.8 (/opt/ros/humble/share/tf2_geometry_msgs/cmake)
-- Found eigen3_cmake_module: 0.1.1 (/opt/ros/humble/share/eigen3_cmake_module/cmake)
-- Found Eigen3: TRUE (found version "3.4.0") 
-- Ensuring Eigen3 include directory is part of orocos-kdl CMake target
-- Found flatland_server: 2.0.0 (/home/m/Desktop/S1/RI/proj1/worskapce/install/flatland_server/share/flatland_server/cmake)
-- Found OpenCV: /usr (found version "4.5.4") 
-- Found Boost: /usr/lib/x86_64-linux-gnu/cmake/Boost-1.74.0/BoostConfig.cmake (found version "1.74.0") found components: date_time system filesystem 
-- Found ament_cmake_gtest: 1.3.10 (/opt/ros/humble/share/ament_cmake_gtest/cmake)
-- Found gtest sources under '/opt/ros/humble/src/gtest_vendor': C++ tests using 'Google Test' will be built
-- Configuring done
-- Generating done
-- Build files have been written to: /home/m/Desktop/S1/RI/proj1/worskapce/build/flatland_plugins
[  3%] [32mBuilding CXX object gtest/CMakeFiles/gtest.dir/src/gtest-all.cc.o[0m
[  6%] [32mBuilding CXX object gtest/CMakeFiles/gtest_main.dir/src/gtest_main.cc.o[0m
[  9%] [32mBuilding CXX object CMakeFiles/flatland_plugins_lib.dir/src/model_tf_publisher.cpp.o[0m
[ 15%] [32mBuilding CXX object CMakeFiles/flatland_plugins_lib.dir/src/tricycle_drive.cpp.o[0m
[ 18%] [32mBuilding CXX object CMakeFiles/flatland_plugins_lib.dir/src/diff_drive.cpp.o[0m
[ 18%] [32mBuilding CXX object CMakeFiles/flatland_plugins_lib.dir/src/laser.cpp.o[0m
[ 21%] [32mBuilding CXX object CMakeFiles/flatland_plugins_lib.dir/src/update_timer.cpp.o[0m
[ 25%] [32mBuilding CXX object CMakeFiles/flatland_plugins_lib.dir/src/bumper.cpp.o[0m
[ 28%] [32m[1mLinking CXX static library libgtest_main.a[0m
[ 28%] Built target gtest_main
[ 31%] [32mBuilding CXX object CMakeFiles/flatland_plugins_lib.dir/src/tween.cpp.o[0m
[ 34%] [32mBuilding CXX object CMakeFiles/flatland_plugins_lib.dir/src/bool_sensor.cpp.o[0m
[ 37%] [32m[1mLinking CXX static library libgtest.a[0m
[ 37%] Built target gtest
[ 40%] [32mBuilding CXX object CMakeFiles/flatland_plugins_lib.dir/src/world_modifier.cpp.o[0m
[ 43%] [32mBuilding CXX object CMakeFiles/flatland_plugins_lib.dir/src/world_random_wall.cpp.o[0m
[ 46%] [32mBuilding CXX object CMakeFiles/flatland_plugins_lib.dir/src/gps.cpp.o[0m
[ 50%] [32m[1mLinking CXX shared library libflatland_plugins_lib.so[0m
[ 50%] Built target flatland_plugins_lib
[ 56%] [32mBuilding CXX object CMakeFiles/tween_test.dir/test/tween_test.cpp.o[0m
[ 56%] [32mBuilding CXX object CMakeFiles/diff_drive_test.dir/test/diff_drive_test.cpp.o[0m
[ 59%] [32mBuilding CXX object CMakeFiles/tricycle_drive_test.dir/test/tricycle_drive_test.cpp.o[0m
[ 62%] [32mBuilding CXX object CMakeFiles/model_tf_publisher_test.dir/test/model_tf_publisher_test.cpp.o[0m
[ 65%] [32mBuilding CXX object CMakeFiles/bumper_test.dir/test/bumper_test.cpp.o[0m
[ 68%] [32mBuilding CXX object CMakeFiles/gps_test.dir/test/gps_test.cpp.o[0m
[ 71%] [32m[1mLinking CXX executable diff_drive_test[0m
[ 71%] Built target diff_drive_test
[ 75%] [32mBuilding CXX object CMakeFiles/laser_test.dir/test/laser_test.cpp.o[0m
[ 78%] [32mBuilding CXX object CMakeFiles/update_timer_test.dir/test/update_timer_test.cpp.o[0m
[ 81%] [32m[1mLinking CXX executable tween_test[0m
[ 84%] [32m[1mLinking CXX executable gps_test[0m
[ 87%] [32m[1mLinking CXX executable tricycle_drive_test[0m
[ 87%] Built target gps_test
[ 87%] Built target tricycle_drive_test
[ 87%] Built target tween_test
[ 90%] [32m[1mLinking CXX executable model_tf_publisher_test[0m
[ 90%] Built target model_tf_publisher_test
[ 93%] [32m[1mLinking CXX executable bumper_test[0m
[ 96%] [32m[1mLinking CXX executable update_timer_test[0m
[ 96%] Built target bumper_test
[ 96%] Built target update_timer_test
[100%] [32m[1mLinking CXX executable laser_test[0m
[100%] Built target laser_test
-- Install configuration: ""
-- Installing: /home/m/Desktop/S1/RI/proj1/worskapce/install/flatland_plugins/share/flatland_plugins/environment/library_path.sh
-- Installing: /home/m/Desktop/S1/RI/proj1/worskapce/install/flatland_plugins/share/flatland_plugins/environment/library_path.dsv
-- Installing: /home/m/Desktop/S1/RI/proj1/worskapce/install/flatland_plugins/share/flatland_plugins/plugin_description.xml
-- Installing: /home/m/Desktop/S1/RI/proj1/worskapce/install/flatland_plugins/lib/libflatland_plugins_lib.so
-- Set runtime path of "/home/m/Desktop/S1/RI/proj1/worskapce/install/flatland_plugins/lib/libflatland_plugins_lib.so" to ""
-- Installing: /home/m/Desktop/S1/RI/proj1/worskapce/install/flatland_plugins/include
-- Installing: /home/m/Desktop/S1/RI/proj1/worskapce/install/flatland_plugins/include/thirdparty
-- Installing: /home/m/Desktop/S1/RI/proj1/worskapce/install/flatland_plugins/include/thirdparty/tweeny
-- Installing: /home/m/Desktop/S1/RI/proj1/worskapce/install/flatland_plugins/include/thirdparty/tweeny/easingresolve.h
-- Installing: /home/m/Desktop/S1/RI/proj1/worskapce/install/flatland_plugins/include/thirdparty/tweeny/tweenpoint.h
-- Installing: /home/m/Desktop/S1/RI/proj1/worskapce/install/flatland_plugins/include/thirdparty/tweeny/tweentraits.h
-- Installing: /home/m/Desktop/S1/RI/proj1/worskapce/install/flatland_plugins/include/thirdparty/tweeny/tween.h
-- Installing: /home/m/Desktop/S1/RI/proj1/worskapce/install/flatland_plugins/include/thirdparty/tweeny/int2type.h
-- Installing: /home/m/Desktop/S1/RI/proj1/worskapce/install/flatland_plugins/include/thirdparty/tweeny/dispatcher.h
-- Installing: /home/m/Desktop/S1/RI/proj1/worskapce/install/flatland_plugins/include/thirdparty/tweeny/tweeny.h
-- Installing: /home/m/Desktop/S1/RI/proj1/worskapce/install/flatland_plugins/include/thirdparty/tweeny/easing.h
-- Installing: /home/m/Desktop/S1/RI/proj1/worskapce/install/flatland_plugins/include/thirdparty/ThreadPool.h
-- Installing: /home/m/Desktop/S1/RI/proj1/worskapce/install/flatland_plugins/include/flatland_plugins
-- Installing: /home/m/Desktop/S1/RI/proj1/worskapce/install/flatland_plugins/include/flatland_plugins/bumper.h
-- Installing: /home/m/Desktop/S1/RI/proj1/worskapce/install/flatland_plugins/include/flatland_plugins/world_random_wall.h
-- Installing: /home/m/Desktop/S1/RI/proj1/worskapce/install/flatland_plugins/include/flatland_plugins/tween.h
-- Installing: /home/m/Desktop/S1/RI/proj1/worskapce/install/flatland_plugins/include/flatland_plugins/update_timer.h
-- Installing: /home/m/Desktop/S1/RI/proj1/worskapce/install/flatland_plugins/include/flatland_plugins/world_modifier.h
-- Installing: /home/m/Desktop/S1/RI/proj1/worskapce/install/flatland_plugins/include/flatland_plugins/gps.h
-- Installing: /home/m/Desktop/S1/RI/proj1/worskapce/install/flatland_plugins/include/flatland_plugins/model_tf_publisher.h
-- Installing: /home/m/Desktop/S1/RI/proj1/worskapce/install/flatland_plugins/include/flatland_plugins/diff_drive.h
-- Installing: /home/m/Desktop/S1/RI/proj1/worskapce/install/flatland_plugins/include/flatland_plugins/bool_sensor.h
-- Installing: /home/m/Desktop/S1/RI/proj1/worskapce/install/flatland_plugins/include/flatland_plugins/tricycle_drive.h
-- Installing: /home/m/Desktop/S1/RI/proj1/worskapce/install/flatland_plugins/include/flatland_plugins/laser.h
-- Installing: /home/m/Desktop/S1/RI/proj1/worskapce/install/flatland_plugins/share/ament_index/resource_index/package_run_dependencies/flatland_plugins
-- Installing: /home/m/Desktop/S1/RI/proj1/worskapce/install/flatland_plugins/share/ament_index/resource_index/parent_prefix_path/flatland_plugins
-- Installing: /home/m/Desktop/S1/RI/proj1/worskapce/install/flatland_plugins/share/flatland_plugins/environment/ament_prefix_path.sh
-- Installing: /home/m/Desktop/S1/RI/proj1/worskapce/install/flatland_plugins/share/flatland_plugins/environment/ament_prefix_path.dsv
-- Installing: /home/m/Desktop/S1/RI/proj1/worskapce/install/flatland_plugins/share/flatland_plugins/environment/path.sh
-- Installing: /home/m/Desktop/S1/RI/proj1/worskapce/install/flatland_plugins/share/flatland_plugins/environment/path.dsv
-- Installing: /home/m/Desktop/S1/RI/proj1/worskapce/install/flatland_plugins/share/flatland_plugins/local_setup.bash
-- Installing: /home/m/Desktop/S1/RI/proj1/worskapce/install/flatland_plugins/share/flatland_plugins/local_setup.sh
-- Installing: /home/m/Desktop/S1/RI/proj1/worskapce/install/flatland_plugins/share/flatland_plugins/local_setup.zsh
-- Installing: /home/m/Desktop/S1/RI/proj1/worskapce/install/flatland_plugins/share/flatland_plugins/local_setup.dsv
-- Installing: /home/m/Desktop/S1/RI/proj1/worskapce/install/flatland_plugins/share/flatland_plugins/package.dsv
-- Installing: /home/m/Desktop/S1/RI/proj1/worskapce/install/flatland_plugins/share/ament_index/resource_index/packages/flatland_plugins
-- Installing: /home/m/Desktop/S1/RI/proj1/worskapce/install/flatland_plugins/share/ament_index/resource_index/flatland_server__pluginlib__plugin/flatland_plugins
-- Installing: /home/m/Desktop/S1/RI/proj1/worskapce/install/flatland_plugins/share/flatland_plugins/cmake/export_flatland_plugins_libExport.cmake
-- Installing: /home/m/Desktop/S1/RI/proj1/worskapce/install/flatland_plugins/share/flatland_plugins/cmake/export_flatland_plugins_libExport-noconfig.cmake
-- Installing: /home/m/Desktop/S1/RI/proj1/worskapce/install/flatland_plugins/share/flatland_plugins/cmake/ament_cmake_export_targets-extras.cmake
-- Installing: /home/m/Desktop/S1/RI/proj1/worskapce/install/flatland_plugins/share/flatland_plugins/cmake/ament_cmake_export_dependencies-extras.cmake
-- Installing: /home/m/Desktop/S1/RI/proj1/worskapce/install/flatland_plugins/share/flatland_plugins/cmake/flatland_pluginsConfig.cmake
-- Installing: /home/m/Desktop/S1/RI/proj1/worskapce/install/flatland_plugins/share/flatland_plugins/cmake/flatland_pluginsConfig-version.cmake
-- Installing: /home/m/Desktop/S1/RI/proj1/worskapce/install/flatland_plugins/share/flatland_plugins/package.xml
