[1.118s] Invoking command in '/home/m/Desktop/S1/RI/proj1/workspace/build/robot2': PYTHONPATH=/home/m/Desktop/S1/RI/proj1/workspace/build/robot2/prefix_override:/usr/lib/python3/dist-packages/colcon_core/task/python/colcon_distutils_commands:/home/m/Desktop/S1/RI/proj1/workspace/install/robot2/lib/python3.8/site-packages:${PYTHONPATH} /usr/bin/python3 -W ignore:setup.py install is deprecated setup.py develop --editable --build-directory /home/m/Desktop/S1/RI/proj1/workspace/build/robot2/build --no-deps symlink_data
[1.407s] running develop
[1.577s] running egg_info
[1.578s] writing robot2.egg-info/PKG-INFO
[1.578s] writing dependency_links to robot2.egg-info/dependency_links.txt
[1.578s] writing entry points to robot2.egg-info/entry_points.txt
[1.578s] writing requirements to robot2.egg-info/requires.txt
[1.578s] writing top-level names to robot2.egg-info/top_level.txt
[1.614s] reading manifest file 'robot2.egg-info/SOURCES.txt'
[1.615s] writing manifest file 'robot2.egg-info/SOURCES.txt'
[1.654s] running build_ext
[1.654s] Creating /home/m/Desktop/S1/RI/proj1/workspace/install/robot2/lib/python3.8/site-packages/robot2.egg-link (link to .)
[1.655s] Installing follow2 script to /home/m/Desktop/S1/RI/proj1/workspace/install/robot2/lib/robot2
[1.656s] 
[1.656s] Installed /home/m/Desktop/S1/RI/proj1/workspace/build/robot2
[1.656s] running symlink_data
[1.656s] creating /home/m/Desktop/S1/RI/proj1/workspace/install/robot2/share/robot2/launch
[1.656s] symbolically linking /home/m/Desktop/S1/RI/proj1/workspace/build/robot2/launch/spawn_robot2.launch.py -> /home/m/Desktop/S1/RI/proj1/workspace/install/robot2/share/robot2/launch
[1.656s] creating /home/m/Desktop/S1/RI/proj1/workspace/install/robot2/share/robot2/urdf
[1.656s] symbolically linking /home/m/Desktop/S1/RI/proj1/workspace/build/robot2/urdf/robot2.urdf -> /home/m/Desktop/S1/RI/proj1/workspace/install/robot2/share/robot2/urdf
[1.724s] Invoked command in '/home/m/Desktop/S1/RI/proj1/workspace/build/robot2' returned '0': PYTHONPATH=/home/m/Desktop/S1/RI/proj1/workspace/build/robot2/prefix_override:/usr/lib/python3/dist-packages/colcon_core/task/python/colcon_distutils_commands:/home/m/Desktop/S1/RI/proj1/workspace/install/robot2/lib/python3.8/site-packages:${PYTHONPATH} /usr/bin/python3 -W ignore:setup.py install is deprecated setup.py develop --editable --build-directory /home/m/Desktop/S1/RI/proj1/workspace/build/robot2/build --no-deps symlink_data
