[0.016s] Invoking command in '/home/m/Desktop/S1/RI/proj1/worskapce/build/flatland_box2d': CMAKE_PREFIX_PATH=/opt/ros/humble /usr/bin/cmake /home/m/Desktop/S1/RI/proj1/worskapce/flatland/flatland_box2d -DCMAKE_INSTALL_PREFIX=/home/m/Desktop/S1/RI/proj1/worskapce/install/flatland_box2d
[0.429s] -- The C compiler identification is GNU 11.4.0
[0.429s] -- The CXX compiler identification is GNU 11.4.0
[0.429s] -- Detecting C compiler ABI info
[0.429s] -- Detecting C compiler ABI info - done
[0.430s] -- Check for working C compiler: /usr/bin/cc - skipped
[0.430s] -- Detecting C compile features
[0.430s] -- Detecting C compile features - done
[0.430s] -- Detecting CXX compiler ABI info
[0.430s] -- Detecting CXX compiler ABI info - done
[0.430s] -- Check for working CXX compiler: /usr/bin/c++ - skipped
[0.430s] -- Detecting CXX compile features
[0.431s] -- Detecting CXX compile features - done
[0.431s] -- Found ament_cmake: 1.3.10 (/opt/ros/humble/share/ament_cmake/cmake)
[0.951s] -- Found Python3: /usr/bin/python3 (found version "3.10.12") found components: Interpreter 
[1.149s] -- Configuring done
[1.171s] -- Generating done
[1.172s] -- Build files have been written to: /home/m/Desktop/S1/RI/proj1/worskapce/build/flatland_box2d
[1.176s] Invoked command in '/home/m/Desktop/S1/RI/proj1/worskapce/build/flatland_box2d' returned '0': CMAKE_PREFIX_PATH=/opt/ros/humble /usr/bin/cmake /home/m/Desktop/S1/RI/proj1/worskapce/flatland/flatland_box2d -DCMAKE_INSTALL_PREFIX=/home/m/Desktop/S1/RI/proj1/worskapce/install/flatland_box2d
[1.178s] Invoking command in '/home/m/Desktop/S1/RI/proj1/worskapce/build/flatland_box2d': CMAKE_PREFIX_PATH=/opt/ros/humble /usr/bin/cmake --build /home/m/Desktop/S1/RI/proj1/worskapce/build/flatland_box2d -- -j8 -l8
[1.219s] [  8%] [32mBuilding CXX object CMakeFiles/flatland_box2d_lib.dir/src/Dynamics/Joints/b2Joint.cpp.o[0m
[1.220s] [  8%] [32mBuilding CXX object CMakeFiles/flatland_box2d_lib.dir/src/Dynamics/Joints/b2GearJoint.cpp.o[0m
[1.220s] [  8%] [32mBuilding CXX object CMakeFiles/flatland_box2d_lib.dir/src/Dynamics/Joints/b2DistanceJoint.cpp.o[0m
[1.220s] [  8%] [32mBuilding CXX object CMakeFiles/flatland_box2d_lib.dir/src/Dynamics/Joints/b2FrictionJoint.cpp.o[0m
[1.228s] [ 10%] [32mBuilding CXX object CMakeFiles/flatland_box2d_lib.dir/src/Dynamics/Joints/b2MouseJoint.cpp.o[0m
[1.228s] [ 12%] [32mBuilding CXX object CMakeFiles/flatland_box2d_lib.dir/src/Dynamics/Joints/b2PrismaticJoint.cpp.o[0m
[1.229s] [ 14%] [32mBuilding CXX object CMakeFiles/flatland_box2d_lib.dir/src/Dynamics/Joints/b2MotorJoint.cpp.o[0m
[1.231s] [ 17%] [32mBuilding CXX object CMakeFiles/flatland_box2d_lib.dir/src/Dynamics/Joints/b2PulleyJoint.cpp.o[0m
[1.823s] [ 19%] [32mBuilding CXX object CMakeFiles/flatland_box2d_lib.dir/src/Dynamics/Joints/b2RevoluteJoint.cpp.o[0m
[1.838s] [ 21%] [32mBuilding CXX object CMakeFiles/flatland_box2d_lib.dir/src/Dynamics/Joints/b2RopeJoint.cpp.o[0m
[1.874s] [ 23%] [32mBuilding CXX object CMakeFiles/flatland_box2d_lib.dir/src/Dynamics/Joints/b2WeldJoint.cpp.o[0m
[1.895s] [ 25%] [32mBuilding CXX object CMakeFiles/flatland_box2d_lib.dir/src/Dynamics/Joints/b2WheelJoint.cpp.o[0m
[1.906s] [ 27%] [32mBuilding CXX object CMakeFiles/flatland_box2d_lib.dir/src/Dynamics/Contacts/b2CircleContact.cpp.o[0m
[1.998s] [ 29%] [32mBuilding CXX object CMakeFiles/flatland_box2d_lib.dir/src/Dynamics/Contacts/b2Contact.cpp.o[0m
[2.067s] [ 31%] [32mBuilding CXX object CMakeFiles/flatland_box2d_lib.dir/src/Dynamics/Contacts/b2ContactSolver.cpp.o[0m
[2.214s] [ 34%] [32mBuilding CXX object CMakeFiles/flatland_box2d_lib.dir/src/Dynamics/Contacts/b2PolygonAndCircleContact.cpp.o[0m
[2.495s] [ 36%] [32mBuilding CXX object CMakeFiles/flatland_box2d_lib.dir/src/Dynamics/Contacts/b2EdgeAndCircleContact.cpp.o[0m
[2.510s] [ 38%] [32mBuilding CXX object CMakeFiles/flatland_box2d_lib.dir/src/Dynamics/Contacts/b2EdgeAndPolygonContact.cpp.o[0m
[2.593s] [ 40%] [32mBuilding CXX object CMakeFiles/flatland_box2d_lib.dir/src/Dynamics/Contacts/b2ChainAndCircleContact.cpp.o[0m
[2.618s] [ 42%] [32mBuilding CXX object CMakeFiles/flatland_box2d_lib.dir/src/Dynamics/Contacts/b2ChainAndPolygonContact.cpp.o[0m
[2.644s] [ 44%] [32mBuilding CXX object CMakeFiles/flatland_box2d_lib.dir/src/Dynamics/Contacts/b2PolygonContact.cpp.o[0m
[2.821s] [ 46%] [32mBuilding CXX object CMakeFiles/flatland_box2d_lib.dir/src/Dynamics/b2Body.cpp.o[0m
[2.866s] [ 48%] [32mBuilding CXX object CMakeFiles/flatland_box2d_lib.dir/src/Dynamics/b2ContactManager.cpp.o[0m
[2.887s] [ 51%] [32mBuilding CXX object CMakeFiles/flatland_box2d_lib.dir/src/Dynamics/b2Fixture.cpp.o[0m
[3.018s] [ 53%] [32mBuilding CXX object CMakeFiles/flatland_box2d_lib.dir/src/Dynamics/b2Island.cpp.o[0m
[3.095s] [ 55%] [32mBuilding CXX object CMakeFiles/flatland_box2d_lib.dir/src/Dynamics/b2World.cpp.o[0m
[3.238s] [ 57%] [32mBuilding CXX object CMakeFiles/flatland_box2d_lib.dir/src/Dynamics/b2WorldCallbacks.cpp.o[0m
[3.254s] [ 59%] [32mBuilding CXX object CMakeFiles/flatland_box2d_lib.dir/src/Common/b2BlockAllocator.cpp.o[0m
[3.298s] [ 61%] [32mBuilding CXX object CMakeFiles/flatland_box2d_lib.dir/src/Common/b2Draw.cpp.o[0m
[3.375s] [ 63%] [32mBuilding CXX object CMakeFiles/flatland_box2d_lib.dir/src/Common/b2Math.cpp.o[0m
[3.555s] [ 65%] [32mBuilding CXX object CMakeFiles/flatland_box2d_lib.dir/src/Common/b2Settings.cpp.o[0m
[3.558s] [ 68%] [32mBuilding CXX object CMakeFiles/flatland_box2d_lib.dir/src/Common/b2StackAllocator.cpp.o[0m
[3.603s] [ 70%] [32mBuilding CXX object CMakeFiles/flatland_box2d_lib.dir/src/Common/b2Timer.cpp.o[0m
[3.673s] [ 72%] [32mBuilding CXX object CMakeFiles/flatland_box2d_lib.dir/src/Collision/Shapes/b2CircleShape.cpp.o[0m
[3.682s] [ 74%] [32mBuilding CXX object CMakeFiles/flatland_box2d_lib.dir/src/Collision/Shapes/b2EdgeShape.cpp.o[0m
[3.685s] [ 76%] [32mBuilding CXX object CMakeFiles/flatland_box2d_lib.dir/src/Collision/Shapes/b2ChainShape.cpp.o[0m
[3.724s] [ 78%] [32mBuilding CXX object CMakeFiles/flatland_box2d_lib.dir/src/Collision/Shapes/b2PolygonShape.cpp.o[0m
[3.766s] [ 80%] [32mBuilding CXX object CMakeFiles/flatland_box2d_lib.dir/src/Collision/b2BroadPhase.cpp.o[0m
[3.786s] [ 82%] [32mBuilding CXX object CMakeFiles/flatland_box2d_lib.dir/src/Collision/b2CollideCircle.cpp.o[0m
[3.813s] [ 85%] [32mBuilding CXX object CMakeFiles/flatland_box2d_lib.dir/src/Collision/b2CollideEdge.cpp.o[0m
[3.889s] [ 87%] [32mBuilding CXX object CMakeFiles/flatland_box2d_lib.dir/src/Collision/b2CollidePolygon.cpp.o[0m
[3.974s] [ 89%] [32mBuilding CXX object CMakeFiles/flatland_box2d_lib.dir/src/Collision/b2Collision.cpp.o[0m
[3.996s] [ 91%] [32mBuilding CXX object CMakeFiles/flatland_box2d_lib.dir/src/Collision/b2Distance.cpp.o[0m
[4.055s] [ 93%] [32mBuilding CXX object CMakeFiles/flatland_box2d_lib.dir/src/Collision/b2TimeOfImpact.cpp.o[0m
[4.069s] [ 95%] [32mBuilding CXX object CMakeFiles/flatland_box2d_lib.dir/src/Collision/b2DynamicTree.cpp.o[0m
[4.141s] [ 97%] [32mBuilding CXX object CMakeFiles/flatland_box2d_lib.dir/src/Rope/b2Rope.cpp.o[0m
[4.415s] [100%] [32m[1mLinking CXX shared library libflatland_box2d_lib.so[0m
[4.522s] [100%] Built target flatland_box2d_lib
[4.533s] Invoked command in '/home/m/Desktop/S1/RI/proj1/worskapce/build/flatland_box2d' returned '0': CMAKE_PREFIX_PATH=/opt/ros/humble /usr/bin/cmake --build /home/m/Desktop/S1/RI/proj1/worskapce/build/flatland_box2d -- -j8 -l8
[4.611s] Invoking command in '/home/m/Desktop/S1/RI/proj1/worskapce/build/flatland_box2d': CMAKE_PREFIX_PATH=/opt/ros/humble /usr/bin/cmake --install /home/m/Desktop/S1/RI/proj1/worskapce/build/flatland_box2d
[4.616s] -- Install configuration: ""
[4.616s] -- Installing: /home/m/Desktop/S1/RI/proj1/worskapce/install/flatland_box2d/share/flatland_box2d/environment/library_path.sh
[4.617s] -- Installing: /home/m/Desktop/S1/RI/proj1/worskapce/install/flatland_box2d/share/flatland_box2d/environment/library_path.dsv
[4.617s] -- Installing: /home/m/Desktop/S1/RI/proj1/worskapce/install/flatland_box2d/share/ament_index/resource_index/package_run_dependencies/flatland_box2d
[4.617s] -- Installing: /home/m/Desktop/S1/RI/proj1/worskapce/install/flatland_box2d/share/ament_index/resource_index/parent_prefix_path/flatland_box2d
[4.617s] -- Installing: /home/m/Desktop/S1/RI/proj1/worskapce/install/flatland_box2d/share/flatland_box2d/environment/ament_prefix_path.sh
[4.617s] -- Installing: /home/m/Desktop/S1/RI/proj1/worskapce/install/flatland_box2d/share/flatland_box2d/environment/ament_prefix_path.dsv
[4.618s] -- Installing: /home/m/Desktop/S1/RI/proj1/worskapce/install/flatland_box2d/share/flatland_box2d/environment/path.sh
[4.618s] -- Installing: /home/m/Desktop/S1/RI/proj1/worskapce/install/flatland_box2d/share/flatland_box2d/environment/path.dsv
[4.618s] -- Installing: /home/m/Desktop/S1/RI/proj1/worskapce/install/flatland_box2d/share/flatland_box2d/local_setup.bash
[4.618s] -- Installing: /home/m/Desktop/S1/RI/proj1/worskapce/install/flatland_box2d/share/flatland_box2d/local_setup.sh
[4.618s] -- Installing: /home/m/Desktop/S1/RI/proj1/worskapce/install/flatland_box2d/share/flatland_box2d/local_setup.zsh
[4.618s] -- Installing: /home/m/Desktop/S1/RI/proj1/worskapce/install/flatland_box2d/share/flatland_box2d/local_setup.dsv
[4.619s] -- Installing: /home/m/Desktop/S1/RI/proj1/worskapce/install/flatland_box2d/share/flatland_box2d/package.dsv
[4.619s] -- Installing: /home/m/Desktop/S1/RI/proj1/worskapce/install/flatland_box2d/share/ament_index/resource_index/packages/flatland_box2d
[4.619s] -- Installing: /home/m/Desktop/S1/RI/proj1/worskapce/install/flatland_box2d/share/flatland_box2d/cmake/export_flatland_box2dExport.cmake
[4.619s] -- Installing: /home/m/Desktop/S1/RI/proj1/worskapce/install/flatland_box2d/share/flatland_box2d/cmake/export_flatland_box2dExport-noconfig.cmake
[4.619s] -- Installing: /home/m/Desktop/S1/RI/proj1/worskapce/install/flatland_box2d/share/flatland_box2d/cmake/ament_cmake_export_targets-extras.cmake
[4.620s] -- Installing: /home/m/Desktop/S1/RI/proj1/worskapce/install/flatland_box2d/share/flatland_box2d/cmake/ament_cmake_export_libraries-extras.cmake
[4.620s] -- Installing: /home/m/Desktop/S1/RI/proj1/worskapce/install/flatland_box2d/share/flatland_box2d/cmake/ament_cmake_export_include_directories-extras.cmake
[4.620s] -- Installing: /home/m/Desktop/S1/RI/proj1/worskapce/install/flatland_box2d/share/flatland_box2d/cmake/flatland_box2dConfig.cmake
[4.620s] -- Installing: /home/m/Desktop/S1/RI/proj1/worskapce/install/flatland_box2d/share/flatland_box2d/cmake/flatland_box2dConfig-version.cmake
[4.620s] -- Installing: /home/m/Desktop/S1/RI/proj1/worskapce/install/flatland_box2d/share/flatland_box2d/package.xml
[4.621s] -- Installing: /home/m/Desktop/S1/RI/proj1/worskapce/install/flatland_box2d/lib/libflatland_box2d_lib.so
[4.622s] -- Installing: /home/m/Desktop/S1/RI/proj1/worskapce/install/flatland_box2d/include
[4.622s] -- Installing: /home/m/Desktop/S1/RI/proj1/worskapce/install/flatland_box2d/include/Box2D
[4.622s] -- Installing: /home/m/Desktop/S1/RI/proj1/worskapce/install/flatland_box2d/include/Box2D/Collision
[4.622s] -- Installing: /home/m/Desktop/S1/RI/proj1/worskapce/install/flatland_box2d/include/Box2D/Collision/b2Distance.h
[4.622s] -- Installing: /home/m/Desktop/S1/RI/proj1/worskapce/install/flatland_box2d/include/Box2D/Collision/Shapes
[4.623s] -- Installing: /home/m/Desktop/S1/RI/proj1/worskapce/install/flatland_box2d/include/Box2D/Collision/Shapes/b2PolygonShape.h
[4.623s] -- Installing: /home/m/Desktop/S1/RI/proj1/worskapce/install/flatland_box2d/include/Box2D/Collision/Shapes/b2Shape.h
[4.623s] -- Installing: /home/m/Desktop/S1/RI/proj1/worskapce/install/flatland_box2d/include/Box2D/Collision/Shapes/b2CircleShape.h
[4.623s] -- Installing: /home/m/Desktop/S1/RI/proj1/worskapce/install/flatland_box2d/include/Box2D/Collision/Shapes/b2EdgeShape.h
[4.623s] -- Installing: /home/m/Desktop/S1/RI/proj1/worskapce/install/flatland_box2d/include/Box2D/Collision/Shapes/b2ChainShape.h
[4.623s] -- Installing: /home/m/Desktop/S1/RI/proj1/worskapce/install/flatland_box2d/include/Box2D/Collision/b2DynamicTree.h
[4.623s] -- Installing: /home/m/Desktop/S1/RI/proj1/worskapce/install/flatland_box2d/include/Box2D/Collision/b2Collision.h
[4.624s] -- Installing: /home/m/Desktop/S1/RI/proj1/worskapce/install/flatland_box2d/include/Box2D/Collision/b2BroadPhase.h
[4.624s] -- Installing: /home/m/Desktop/S1/RI/proj1/worskapce/install/flatland_box2d/include/Box2D/Collision/b2TimeOfImpact.h
[4.624s] -- Installing: /home/m/Desktop/S1/RI/proj1/worskapce/install/flatland_box2d/include/Box2D/Box2D.h
[4.624s] -- Installing: /home/m/Desktop/S1/RI/proj1/worskapce/install/flatland_box2d/include/Box2D/Dynamics
[4.624s] -- Installing: /home/m/Desktop/S1/RI/proj1/worskapce/install/flatland_box2d/include/Box2D/Dynamics/Joints
[4.624s] -- Installing: /home/m/Desktop/S1/RI/proj1/worskapce/install/flatland_box2d/include/Box2D/Dynamics/Joints/b2FrictionJoint.h
[4.625s] -- Installing: /home/m/Desktop/S1/RI/proj1/worskapce/install/flatland_box2d/include/Box2D/Dynamics/Joints/b2DistanceJoint.h
[4.625s] -- Installing: /home/m/Desktop/S1/RI/proj1/worskapce/install/flatland_box2d/include/Box2D/Dynamics/Joints/b2PrismaticJoint.h
[4.625s] -- Installing: /home/m/Desktop/S1/RI/proj1/worskapce/install/flatland_box2d/include/Box2D/Dynamics/Joints/b2WeldJoint.h
[4.625s] -- Installing: /home/m/Desktop/S1/RI/proj1/worskapce/install/flatland_box2d/include/Box2D/Dynamics/Joints/b2PulleyJoint.h
[4.625s] -- Installing: /home/m/Desktop/S1/RI/proj1/worskapce/install/flatland_box2d/include/Box2D/Dynamics/Joints/b2Joint.h
[4.625s] -- Installing: /home/m/Desktop/S1/RI/proj1/worskapce/install/flatland_box2d/include/Box2D/Dynamics/Joints/b2RevoluteJoint.h
[4.625s] -- Installing: /home/m/Desktop/S1/RI/proj1/worskapce/install/flatland_box2d/include/Box2D/Dynamics/Joints/b2RopeJoint.h
[4.626s] -- Installing: /home/m/Desktop/S1/RI/proj1/worskapce/install/flatland_box2d/include/Box2D/Dynamics/Joints/b2MouseJoint.h
[4.626s] -- Installing: /home/m/Desktop/S1/RI/proj1/worskapce/install/flatland_box2d/include/Box2D/Dynamics/Joints/b2MotorJoint.h
[4.626s] -- Installing: /home/m/Desktop/S1/RI/proj1/worskapce/install/flatland_box2d/include/Box2D/Dynamics/Joints/b2WheelJoint.h
[4.626s] -- Installing: /home/m/Desktop/S1/RI/proj1/worskapce/install/flatland_box2d/include/Box2D/Dynamics/Joints/b2GearJoint.h
[4.626s] -- Installing: /home/m/Desktop/S1/RI/proj1/worskapce/install/flatland_box2d/include/Box2D/Dynamics/b2TimeStep.h
[4.626s] -- Installing: /home/m/Desktop/S1/RI/proj1/worskapce/install/flatland_box2d/include/Box2D/Dynamics/Contacts
[4.627s] -- Installing: /home/m/Desktop/S1/RI/proj1/worskapce/install/flatland_box2d/include/Box2D/Dynamics/Contacts/b2PolygonAndCircleContact.h
[4.627s] -- Installing: /home/m/Desktop/S1/RI/proj1/worskapce/install/flatland_box2d/include/Box2D/Dynamics/Contacts/b2PolygonContact.h
[4.627s] -- Installing: /home/m/Desktop/S1/RI/proj1/worskapce/install/flatland_box2d/include/Box2D/Dynamics/Contacts/b2EdgeAndCircleContact.h
[4.627s] -- Installing: /home/m/Desktop/S1/RI/proj1/worskapce/install/flatland_box2d/include/Box2D/Dynamics/Contacts/b2CircleContact.h
[4.627s] -- Installing: /home/m/Desktop/S1/RI/proj1/worskapce/install/flatland_box2d/include/Box2D/Dynamics/Contacts/b2ChainAndPolygonContact.h
[4.627s] -- Installing: /home/m/Desktop/S1/RI/proj1/worskapce/install/flatland_box2d/include/Box2D/Dynamics/Contacts/b2Contact.h
[4.628s] -- Installing: /home/m/Desktop/S1/RI/proj1/worskapce/install/flatland_box2d/include/Box2D/Dynamics/Contacts/b2EdgeAndPolygonContact.h
[4.628s] -- Installing: /home/m/Desktop/S1/RI/proj1/worskapce/install/flatland_box2d/include/Box2D/Dynamics/Contacts/b2ChainAndCircleContact.h
[4.628s] -- Installing: /home/m/Desktop/S1/RI/proj1/worskapce/install/flatland_box2d/include/Box2D/Dynamics/Contacts/b2ContactSolver.h
[4.628s] -- Installing: /home/m/Desktop/S1/RI/proj1/worskapce/install/flatland_box2d/include/Box2D/Dynamics/b2World.h
[4.628s] -- Installing: /home/m/Desktop/S1/RI/proj1/worskapce/install/flatland_box2d/include/Box2D/Dynamics/b2WorldCallbacks.h
[4.628s] -- Installing: /home/m/Desktop/S1/RI/proj1/worskapce/install/flatland_box2d/include/Box2D/Dynamics/b2Body.h
[4.628s] -- Installing: /home/m/Desktop/S1/RI/proj1/worskapce/install/flatland_box2d/include/Box2D/Dynamics/b2Island.h
[4.629s] -- Installing: /home/m/Desktop/S1/RI/proj1/worskapce/install/flatland_box2d/include/Box2D/Dynamics/b2Fixture.h
[4.629s] -- Installing: /home/m/Desktop/S1/RI/proj1/worskapce/install/flatland_box2d/include/Box2D/Dynamics/b2ContactManager.h
[4.629s] -- Installing: /home/m/Desktop/S1/RI/proj1/worskapce/install/flatland_box2d/include/Box2D/Rope
[4.629s] -- Installing: /home/m/Desktop/S1/RI/proj1/worskapce/install/flatland_box2d/include/Box2D/Rope/b2Rope.h
[4.629s] -- Installing: /home/m/Desktop/S1/RI/proj1/worskapce/install/flatland_box2d/include/Box2D/Common
[4.629s] -- Installing: /home/m/Desktop/S1/RI/proj1/worskapce/install/flatland_box2d/include/Box2D/Common/b2Settings.h
[4.629s] -- Installing: /home/m/Desktop/S1/RI/proj1/worskapce/install/flatland_box2d/include/Box2D/Common/b2GrowableStack.h
[4.630s] -- Installing: /home/m/Desktop/S1/RI/proj1/worskapce/install/flatland_box2d/include/Box2D/Common/b2Timer.h
[4.630s] -- Installing: /home/m/Desktop/S1/RI/proj1/worskapce/install/flatland_box2d/include/Box2D/Common/b2Math.h
[4.630s] -- Installing: /home/m/Desktop/S1/RI/proj1/worskapce/install/flatland_box2d/include/Box2D/Common/b2Draw.h
[4.630s] -- Installing: /home/m/Desktop/S1/RI/proj1/worskapce/install/flatland_box2d/include/Box2D/Common/b2BlockAllocator.h
[4.630s] -- Installing: /home/m/Desktop/S1/RI/proj1/worskapce/install/flatland_box2d/include/Box2D/Common/b2StackAllocator.h
[4.633s] Invoked command in '/home/m/Desktop/S1/RI/proj1/worskapce/build/flatland_box2d' returned '0': CMAKE_PREFIX_PATH=/opt/ros/humble /usr/bin/cmake --install /home/m/Desktop/S1/RI/proj1/worskapce/build/flatland_box2d
