[ 11%] [34m[1mAutomatic MOC for target flatland_rviz_plugins[0m
[ 11%] Built target flatland_rviz_plugins_autogen
[100%] Built target flatland_rviz_plugins
-- Install configuration: ""
-- Up-to-date: /home/m/Desktop/S1/RI/proj1/worskapce/install/flatland_rviz_plugins/share/flatland_rviz_plugins/plugins_description.xml
-- Up-to-date: /home/m/Desktop/S1/RI/proj1/worskapce/install/flatland_rviz_plugins/lib/libflatland_rviz_plugins.so
-- Up-to-date: /home/m/Desktop/S1/RI/proj1/worskapce/install/flatland_rviz_plugins/include/
-- Up-to-date: /home/m/Desktop/S1/RI/proj1/worskapce/install/flatland_rviz_plugins/include//flatland_rviz_plugins
-- Up-to-date: /home/m/Desktop/S1/RI/proj1/worskapce/install/flatland_rviz_plugins/include//flatland_rviz_plugins/load_model_dialog.hpp
-- Up-to-date: /home/m/Desktop/S1/RI/proj1/worskapce/install/flatland_rviz_plugins/include//flatland_rviz_plugins/interactive_tool.hpp
-- Up-to-date: /home/m/Desktop/S1/RI/proj1/worskapce/install/flatland_rviz_plugins/include//flatland_rviz_plugins/change_rate_dialog.hpp
-- Up-to-date: /home/m/Desktop/S1/RI/proj1/worskapce/install/flatland_rviz_plugins/include//flatland_rviz_plugins/spawn_model_tool.hpp
-- Up-to-date: /home/m/Desktop/S1/RI/proj1/worskapce/install/flatland_rviz_plugins/include//flatland_rviz_plugins/pause_tool.hpp
-- Up-to-date: /home/m/Desktop/S1/RI/proj1/worskapce/install/flatland_rviz_plugins/include//flatland_rviz_plugins/change_rate_tool.hpp
-- Up-to-date: /home/m/Desktop/S1/RI/proj1/worskapce/install/flatland_rviz_plugins/share/flatland_rviz_plugins/icons
-- Up-to-date: /home/m/Desktop/S1/RI/proj1/worskapce/install/flatland_rviz_plugins/share/flatland_rviz_plugins/icons/pause.svg
-- Up-to-date: /home/m/Desktop/S1/RI/proj1/worskapce/install/flatland_rviz_plugins/share/flatland_rviz_plugins/icons/time.png
-- Up-to-date: /home/m/Desktop/S1/RI/proj1/worskapce/install/flatland_rviz_plugins/share/flatland_rviz_plugins/environment/library_path.sh
-- Up-to-date: /home/m/Desktop/S1/RI/proj1/worskapce/install/flatland_rviz_plugins/share/flatland_rviz_plugins/environment/library_path.dsv
-- Up-to-date: /home/m/Desktop/S1/RI/proj1/worskapce/install/flatland_rviz_plugins/share/ament_index/resource_index/package_run_dependencies/flatland_rviz_plugins
-- Up-to-date: /home/m/Desktop/S1/RI/proj1/worskapce/install/flatland_rviz_plugins/share/ament_index/resource_index/parent_prefix_path/flatland_rviz_plugins
-- Up-to-date: /home/m/Desktop/S1/RI/proj1/worskapce/install/flatland_rviz_plugins/share/flatland_rviz_plugins/environment/ament_prefix_path.sh
-- Up-to-date: /home/m/Desktop/S1/RI/proj1/worskapce/install/flatland_rviz_plugins/share/flatland_rviz_plugins/environment/ament_prefix_path.dsv
-- Up-to-date: /home/m/Desktop/S1/RI/proj1/worskapce/install/flatland_rviz_plugins/share/flatland_rviz_plugins/environment/path.sh
-- Up-to-date: /home/m/Desktop/S1/RI/proj1/worskapce/install/flatland_rviz_plugins/share/flatland_rviz_plugins/environment/path.dsv
-- Up-to-date: /home/m/Desktop/S1/RI/proj1/worskapce/install/flatland_rviz_plugins/share/flatland_rviz_plugins/local_setup.bash
-- Up-to-date: /home/m/Desktop/S1/RI/proj1/worskapce/install/flatland_rviz_plugins/share/flatland_rviz_plugins/local_setup.sh
-- Up-to-date: /home/m/Desktop/S1/RI/proj1/worskapce/install/flatland_rviz_plugins/share/flatland_rviz_plugins/local_setup.zsh
-- Up-to-date: /home/m/Desktop/S1/RI/proj1/worskapce/install/flatland_rviz_plugins/share/flatland_rviz_plugins/local_setup.dsv
-- Installing: /home/m/Desktop/S1/RI/proj1/worskapce/install/flatland_rviz_plugins/share/flatland_rviz_plugins/package.dsv
-- Up-to-date: /home/m/Desktop/S1/RI/proj1/worskapce/install/flatland_rviz_plugins/share/ament_index/resource_index/packages/flatland_rviz_plugins
-- Up-to-date: /home/m/Desktop/S1/RI/proj1/worskapce/install/flatland_rviz_plugins/share/ament_index/resource_index/rviz_common__pluginlib__plugin/flatland_rviz_plugins
-- Up-to-date: /home/m/Desktop/S1/RI/proj1/worskapce/install/flatland_rviz_plugins/share/flatland_rviz_plugins/cmake/flatland_rviz_pluginsExport.cmake
-- Up-to-date: /home/m/Desktop/S1/RI/proj1/worskapce/install/flatland_rviz_plugins/share/flatland_rviz_plugins/cmake/flatland_rviz_pluginsExport-noconfig.cmake
-- Up-to-date: /home/m/Desktop/S1/RI/proj1/worskapce/install/flatland_rviz_plugins/share/flatland_rviz_plugins/cmake/ament_cmake_export_include_directories-extras.cmake
-- Up-to-date: /home/m/Desktop/S1/RI/proj1/worskapce/install/flatland_rviz_plugins/share/flatland_rviz_plugins/cmake/ament_cmake_export_targets-extras.cmake
-- Up-to-date: /home/m/Desktop/S1/RI/proj1/worskapce/install/flatland_rviz_plugins/share/flatland_rviz_plugins/cmake/ament_cmake_export_dependencies-extras.cmake
-- Up-to-date: /home/m/Desktop/S1/RI/proj1/worskapce/install/flatland_rviz_plugins/share/flatland_rviz_plugins/cmake/flatland_rviz_pluginsConfig.cmake
-- Up-to-date: /home/m/Desktop/S1/RI/proj1/worskapce/install/flatland_rviz_plugins/share/flatland_rviz_plugins/cmake/flatland_rviz_pluginsConfig-version.cmake
-- Up-to-date: /home/m/Desktop/S1/RI/proj1/worskapce/install/flatland_rviz_plugins/share/flatland_rviz_plugins/package.xml
