-- The C compiler identification is GNU 11.4.0
-- The CXX compiler identification is GNU 11.4.0
-- Detecting C compiler ABI info
-- Detecting C compiler ABI info - done
-- Check for working C compiler: /usr/bin/cc - skipped
-- Detecting C compile features
-- Detecting C compile features - done
-- Detecting CXX compiler ABI info
-- Detecting CXX compiler ABI info - done
-- Check for working CXX compiler: /usr/bin/c++ - skipped
-- Detecting CXX compile features
-- Detecting CXX compile features - done
-- Found ament_cmake: 1.3.10 (/opt/ros/humble/share/ament_cmake/cmake)
-- Found Python3: /usr/bin/python3 (found version "3.10.12") found components: Interpreter 
-- Found pluginlib: 5.1.0 (/opt/ros/humble/share/pluginlib/cmake)
-- Found rclcpp: 16.0.10 (/opt/ros/humble/share/rclcpp/cmake)
-- Found rosidl_generator_c: 3.1.5 (/opt/ros/humble/share/rosidl_generator_c/cmake)
-- Found rosidl_adapter: 3.1.5 (/opt/ros/humble/share/rosidl_adapter/cmake)
-- Found rosidl_generator_cpp: 3.1.5 (/opt/ros/humble/share/rosidl_generator_cpp/cmake)
-- Using all available rosidl_typesupport_c: rosidl_typesupport_fastrtps_c;rosidl_typesupport_introspection_c
-- Using all available rosidl_typesupport_cpp: rosidl_typesupport_fastrtps_cpp;rosidl_typesupport_introspection_cpp
-- Found rmw_implementation_cmake: 6.1.2 (/opt/ros/humble/share/rmw_implementation_cmake/cmake)
-- Found rmw_fastrtps_cpp: 6.2.7 (/opt/ros/humble/share/rmw_fastrtps_cpp/cmake)
-- Found TinyXML2 via Config file: TinyXML2_DIR-NOTFOUND
-- Found OpenSSL: /usr/lib/x86_64-linux-gnu/libcrypto.so (found version "3.0.2")  
-- Found TinyXML2 via Config file: TinyXML2_DIR-NOTFOUND
-- Found FastRTPS: /opt/ros/humble/include  
-- Found TinyXML2 via Config file: TinyXML2_DIR-NOTFOUND
-- Found TinyXML2 via Config file: TinyXML2_DIR-NOTFOUND
-- Using RMW implementation 'rmw_fastrtps_cpp' as default
-- Looking for pthread.h
-- Looking for pthread.h - found
-- Performing Test CMAKE_HAVE_LIBC_PTHREAD
-- Performing Test CMAKE_HAVE_LIBC_PTHREAD - Success
-- Found Threads: TRUE  
-- Found std_srvs: 4.2.4 (/opt/ros/humble/share/std_srvs/cmake)
-- Found tf2: 0.25.8 (/opt/ros/humble/share/tf2/cmake)
-- Found tf2_ros: 0.25.8 (/opt/ros/humble/share/tf2_ros/cmake)
-- Found tf2_geometry_msgs: 0.25.8 (/opt/ros/humble/share/tf2_geometry_msgs/cmake)
-- Found eigen3_cmake_module: 0.1.1 (/opt/ros/humble/share/eigen3_cmake_module/cmake)
-- Found Eigen3: TRUE (found version "3.4.0") 
-- Ensuring Eigen3 include directory is part of orocos-kdl CMake target
-- Found sensor_msgs: 4.2.4 (/opt/ros/humble/share/sensor_msgs/cmake)
-- Found visualization_msgs: 4.2.4 (/opt/ros/humble/share/visualization_msgs/cmake)
-- Found interactive_markers: 2.3.2 (/opt/ros/humble/share/interactive_markers/cmake)
-- Found flatland_msgs: 2.0.0 (/home/m/Desktop/S1/RI/proj1/worskapce/install/flatland_msgs/share/flatland_msgs/cmake)
-- Found yaml_cpp_vendor: 8.0.2 (/opt/ros/humble/share/yaml_cpp_vendor/cmake)
-- Found flatland_box2d: 2.0.0 (/home/m/Desktop/S1/RI/proj1/worskapce/install/flatland_box2d/share/flatland_box2d/cmake)
-- Found OpenCV: /usr (found version "4.5.4") 
-- Found Boost: /usr/lib/x86_64-linux-gnu/cmake/Boost-1.74.0/BoostConfig.cmake (found version "1.74.0") found components: date_time system filesystem 
-- Found ament_lint_auto: 0.12.11 (/opt/ros/humble/share/ament_lint_auto/cmake)
-- Found gtest sources under '/opt/ros/humble/src/gtest_vendor': C++ tests using 'Google Test' will be built
-- Configuring done
-- Generating done
-- Build files have been written to: /home/m/Desktop/S1/RI/proj1/worskapce/build/flatland_server
[  2%] [32mBuilding CXX object gtest/CMakeFiles/gtest.dir/src/gtest-all.cc.o[0m
[  4%] [32mBuilding CXX object gtest/CMakeFiles/gtest_main.dir/src/gtest_main.cc.o[0m
[  6%] [32mBuilding CXX object CMakeFiles/flatland_lib.dir/src/simulation_manager.cpp.o[0m
[  8%] [32mBuilding CXX object CMakeFiles/flatland_lib.dir/src/layer.cpp.o[0m
[ 12%] [32mBuilding CXX object CMakeFiles/flatland_lib.dir/src/model.cpp.o[0m
[ 12%] [32mBuilding CXX object CMakeFiles/flatland_lib.dir/src/entity.cpp.o[0m
[ 14%] [32mBuilding CXX object CMakeFiles/flatland_lib.dir/src/world.cpp.o[0m
[ 16%] [32mBuilding CXX object CMakeFiles/flatland_lib.dir/src/debug_visualization.cpp.o[0m
[ 18%] [32m[1mLinking CXX static library libgtest_main.a[0m
[ 18%] Built target gtest_main
[ 20%] [32mBuilding CXX object CMakeFiles/flatland_lib.dir/src/geometry.cpp.o[0m
[ 22%] [32mBuilding CXX object CMakeFiles/flatland_lib.dir/src/body.cpp.o[0m
[ 24%] [32m[1mLinking CXX static library libgtest.a[0m
[ 24%] Built target gtest
[ 26%] [32mBuilding CXX object CMakeFiles/flatland_server_null_test.dir/test/null.cpp.o[0m
[ 28%] [32mBuilding CXX object CMakeFiles/flatland_lib.dir/src/joint.cpp.o[0m
[ 30%] [32m[1mLinking CXX executable flatland_server_null_test[0m
[ 30%] Built target flatland_server_null_test
[ 32%] [32mBuilding CXX object CMakeFiles/flatland_lib.dir/src/model_body.cpp.o[0m
[ 34%] [32mBuilding CXX object CMakeFiles/flatland_lib.dir/src/collision_filter_registry.cpp.o[0m
[ 36%] [32mBuilding CXX object CMakeFiles/flatland_lib.dir/src/model_plugin.cpp.o[0m
[ 38%] [32mBuilding CXX object CMakeFiles/flatland_lib.dir/src/world_plugin.cpp.o[0m
[ 40%] [32mBuilding CXX object CMakeFiles/flatland_lib.dir/src/plugin_manager.cpp.o[0m
[ 42%] [32mBuilding CXX object CMakeFiles/flatland_lib.dir/src/interactive_marker_manager.cpp.o[0m
[ 44%] [32mBuilding CXX object CMakeFiles/flatland_lib.dir/src/timekeeper.cpp.o[0m
[ 46%] [32mBuilding CXX object CMakeFiles/flatland_lib.dir/src/service_manager.cpp.o[0m
[ 48%] [32mBuilding CXX object CMakeFiles/flatland_lib.dir/src/yaml_reader.cpp.o[0m
[ 50%] [32mBuilding CXX object CMakeFiles/flatland_lib.dir/src/dummy_model_plugin.cpp.o[0m
[ 52%] [32mBuilding CXX object CMakeFiles/flatland_lib.dir/src/dummy_world_plugin.cpp.o[0m
[ 54%] [32mBuilding CXX object CMakeFiles/flatland_lib.dir/src/yaml_preprocessor.cpp.o[0m
[ 56%] [32m[1mLinking CXX shared library libflatland_lib.so[0m
[ 56%] Built target flatland_lib
[ 72%] [32mBuilding CXX object CMakeFiles/model_test.dir/test/model_test.cpp.o[0m
[ 72%] [32mBuilding CXX object CMakeFiles/geometry_test.dir/test/geometry_test.cpp.o[0m
[ 72%] [32mBuilding CXX object CMakeFiles/yaml_preprocessor_test.dir/test/yaml_preprocessor/yaml_preprocessor_test.cpp.o[0m
[ 72%] [32mBuilding CXX object CMakeFiles/flatland_server.dir/src/flatland_server_node.cpp.o[0m
[ 72%] [32mBuilding CXX object CMakeFiles/plugin_manager_test.dir/test/plugin_manager_test.cpp.o[0m
[ 72%] [32mBuilding CXX object CMakeFiles/collision_filter_registry_test.dir/test/collision_filter_registry_test.cpp.o[0m
[ 72%] [32mBuilding CXX object CMakeFiles/load_world_test.dir/test/load_world_test.cpp.o[0m
[ 72%] [32mBuilding CXX object CMakeFiles/dummy_world_plugin_test.dir/test/dummy_world_plugin_test.cpp.o[0m
[ 74%] [32m[1mLinking CXX executable geometry_test[0m
[ 76%] [32m[1mLinking CXX executable collision_filter_registry_test[0m
[ 76%] Built target geometry_test
[ 78%] [32mBuilding CXX object CMakeFiles/dummy_model_plugin_test.dir/test/dummy_model_plugin_test.cpp.o[0m
[ 78%] Built target collision_filter_registry_test
[ 80%] [32mBuilding CXX object CMakeFiles/service_manager_test.dir/test/service_manager_test.cpp.o[0m
[ 82%] [32m[1mLinking CXX executable yaml_preprocessor_test[0m
[ 84%] [32m[1mLinking CXX executable model_test[0m
[ 84%] Built target yaml_preprocessor_test
[ 86%] [32mBuilding CXX object CMakeFiles/debug_visualization_test.dir/test/debug_visualization_test.cpp.o[0m
[ 86%] Built target model_test
[ 88%] [32m[1mLinking CXX executable flatland_server[0m
[ 88%] Built target flatland_server
[ 90%] [32m[1mLinking CXX executable plugin_manager_test[0m
[ 92%] [32m[1mLinking CXX executable load_world_test[0m
[ 92%] Built target plugin_manager_test
[ 94%] [32m[1mLinking CXX executable dummy_world_plugin_test[0m
[ 94%] Built target load_world_test
[ 94%] Built target dummy_world_plugin_test
[ 96%] [32m[1mLinking CXX executable dummy_model_plugin_test[0m
[ 96%] Built target dummy_model_plugin_test
[ 98%] [32m[1mLinking CXX executable service_manager_test[0m
[ 98%] Built target service_manager_test
[100%] [32m[1mLinking CXX executable debug_visualization_test[0m
[100%] Built target debug_visualization_test
-- Install configuration: ""
-- Installing: /home/m/Desktop/S1/RI/proj1/worskapce/install/flatland_server/share/flatland_server/environment/library_path.sh
-- Installing: /home/m/Desktop/S1/RI/proj1/worskapce/install/flatland_server/share/flatland_server/environment/library_path.dsv
-- Installing: /home/m/Desktop/S1/RI/proj1/worskapce/install/flatland_server/share/flatland_server/plugin_description.xml
-- Installing: /home/m/Desktop/S1/RI/proj1/worskapce/install/flatland_server/lib/libflatland_lib.so
-- Set runtime path of "/home/m/Desktop/S1/RI/proj1/worskapce/install/flatland_server/lib/libflatland_lib.so" to ""
-- Installing: /home/m/Desktop/S1/RI/proj1/worskapce/install/flatland_server/lib/flatland_server/flatland_server
-- Set runtime path of "/home/m/Desktop/S1/RI/proj1/worskapce/install/flatland_server/lib/flatland_server/flatland_server" to ""
-- Installing: /home/m/Desktop/S1/RI/proj1/worskapce/install/flatland_server/include
-- Installing: /home/m/Desktop/S1/RI/proj1/worskapce/install/flatland_server/include/flatland_server
-- Installing: /home/m/Desktop/S1/RI/proj1/worskapce/install/flatland_server/include/flatland_server/dummy_world_plugin.h
-- Installing: /home/m/Desktop/S1/RI/proj1/worskapce/install/flatland_server/include/flatland_server/world.h
-- Installing: /home/m/Desktop/S1/RI/proj1/worskapce/install/flatland_server/include/flatland_server/dummy_model_plugin.h
-- Installing: /home/m/Desktop/S1/RI/proj1/worskapce/install/flatland_server/include/flatland_server/layer.h
-- Installing: /home/m/Desktop/S1/RI/proj1/worskapce/install/flatland_server/include/flatland_server/timekeeper.h
-- Installing: /home/m/Desktop/S1/RI/proj1/worskapce/install/flatland_server/include/flatland_server/interactive_marker_manager.h
-- Installing: /home/m/Desktop/S1/RI/proj1/worskapce/install/flatland_server/include/flatland_server/model_plugin.h
-- Installing: /home/m/Desktop/S1/RI/proj1/worskapce/install/flatland_server/include/flatland_server/service_manager.h
-- Installing: /home/m/Desktop/S1/RI/proj1/worskapce/install/flatland_server/include/flatland_server/yaml_preprocessor.h
-- Installing: /home/m/Desktop/S1/RI/proj1/worskapce/install/flatland_server/include/flatland_server/debug_visualization.h
-- Installing: /home/m/Desktop/S1/RI/proj1/worskapce/install/flatland_server/include/flatland_server/body.h
-- Installing: /home/m/Desktop/S1/RI/proj1/worskapce/install/flatland_server/include/flatland_server/flatland_plugin.h
-- Installing: /home/m/Desktop/S1/RI/proj1/worskapce/install/flatland_server/include/flatland_server/types.h
-- Installing: /home/m/Desktop/S1/RI/proj1/worskapce/install/flatland_server/include/flatland_server/simulation_manager.h
-- Installing: /home/m/Desktop/S1/RI/proj1/worskapce/install/flatland_server/include/flatland_server/joint.h
-- Installing: /home/m/Desktop/S1/RI/proj1/worskapce/install/flatland_server/include/flatland_server/yaml_reader.h
-- Installing: /home/m/Desktop/S1/RI/proj1/worskapce/install/flatland_server/include/flatland_server/model_body.h
-- Installing: /home/m/Desktop/S1/RI/proj1/worskapce/install/flatland_server/include/flatland_server/geometry.h
-- Installing: /home/m/Desktop/S1/RI/proj1/worskapce/install/flatland_server/include/flatland_server/exceptions.h
-- Installing: /home/m/Desktop/S1/RI/proj1/worskapce/install/flatland_server/include/flatland_server/plugin_manager.h
-- Installing: /home/m/Desktop/S1/RI/proj1/worskapce/install/flatland_server/include/flatland_server/collision_filter_registry.h
-- Installing: /home/m/Desktop/S1/RI/proj1/worskapce/install/flatland_server/include/flatland_server/entity.h
-- Installing: /home/m/Desktop/S1/RI/proj1/worskapce/install/flatland_server/include/flatland_server/world_plugin.h
-- Installing: /home/m/Desktop/S1/RI/proj1/worskapce/install/flatland_server/include/flatland_server/model.h
-- Installing: /home/m/Desktop/S1/RI/proj1/worskapce/install/flatland_server/share/flatland_server//launch
-- Installing: /home/m/Desktop/S1/RI/proj1/worskapce/install/flatland_server/share/flatland_server//launch/server.launch
-- Installing: /home/m/Desktop/S1/RI/proj1/worskapce/install/flatland_server/share/flatland_server//launch/server.launch.py
-- Installing: /home/m/Desktop/S1/RI/proj1/worskapce/install/flatland_server/share/flatland_server/test/conestogo_office_test
-- Installing: /home/m/Desktop/S1/RI/proj1/worskapce/install/flatland_server/share/flatland_server/test/conestogo_office_test/sensor.model.yaml
-- Installing: /home/m/Desktop/S1/RI/proj1/worskapce/install/flatland_server/share/flatland_server/test/conestogo_office_test/map3d.yaml
-- Installing: /home/m/Desktop/S1/RI/proj1/worskapce/install/flatland_server/share/flatland_server/test/conestogo_office_test/walker.model.yaml
-- Installing: /home/m/Desktop/S1/RI/proj1/worskapce/install/flatland_server/share/flatland_server/test/conestogo_office_test/map3d.png
-- Installing: /home/m/Desktop/S1/RI/proj1/worskapce/install/flatland_server/share/flatland_server/test/conestogo_office_test/map.yaml
-- Installing: /home/m/Desktop/S1/RI/proj1/worskapce/install/flatland_server/share/flatland_server/test/conestogo_office_test/cleaner.model.yaml
-- Installing: /home/m/Desktop/S1/RI/proj1/worskapce/install/flatland_server/share/flatland_server/test/conestogo_office_test/turtlebot.model.yaml
-- Installing: /home/m/Desktop/S1/RI/proj1/worskapce/install/flatland_server/share/flatland_server/test/conestogo_office_test/map.png
-- Installing: /home/m/Desktop/S1/RI/proj1/worskapce/install/flatland_server/share/flatland_server/test/conestogo_office_test/world.yaml
-- Installing: /home/m/Desktop/S1/RI/proj1/worskapce/install/flatland_server/share/ament_index/resource_index/package_run_dependencies/flatland_server
-- Installing: /home/m/Desktop/S1/RI/proj1/worskapce/install/flatland_server/share/ament_index/resource_index/parent_prefix_path/flatland_server
-- Installing: /home/m/Desktop/S1/RI/proj1/worskapce/install/flatland_server/share/flatland_server/environment/ament_prefix_path.sh
-- Installing: /home/m/Desktop/S1/RI/proj1/worskapce/install/flatland_server/share/flatland_server/environment/ament_prefix_path.dsv
-- Installing: /home/m/Desktop/S1/RI/proj1/worskapce/install/flatland_server/share/flatland_server/environment/path.sh
-- Installing: /home/m/Desktop/S1/RI/proj1/worskapce/install/flatland_server/share/flatland_server/environment/path.dsv
-- Installing: /home/m/Desktop/S1/RI/proj1/worskapce/install/flatland_server/share/flatland_server/local_setup.bash
-- Installing: /home/m/Desktop/S1/RI/proj1/worskapce/install/flatland_server/share/flatland_server/local_setup.sh
-- Installing: /home/m/Desktop/S1/RI/proj1/worskapce/install/flatland_server/share/flatland_server/local_setup.zsh
-- Installing: /home/m/Desktop/S1/RI/proj1/worskapce/install/flatland_server/share/flatland_server/local_setup.dsv
-- Installing: /home/m/Desktop/S1/RI/proj1/worskapce/install/flatland_server/share/flatland_server/package.dsv
-- Installing: /home/m/Desktop/S1/RI/proj1/worskapce/install/flatland_server/share/ament_index/resource_index/packages/flatland_server
-- Installing: /home/m/Desktop/S1/RI/proj1/worskapce/install/flatland_server/share/ament_index/resource_index/flatland_server__pluginlib__plugin/flatland_server
-- Installing: /home/m/Desktop/S1/RI/proj1/worskapce/install/flatland_server/share/flatland_server/cmake/export_flatland_libExport.cmake
-- Installing: /home/m/Desktop/S1/RI/proj1/worskapce/install/flatland_server/share/flatland_server/cmake/export_flatland_libExport-noconfig.cmake
-- Installing: /home/m/Desktop/S1/RI/proj1/worskapce/install/flatland_server/share/flatland_server/cmake/ament_cmake_export_targets-extras.cmake
-- Installing: /home/m/Desktop/S1/RI/proj1/worskapce/install/flatland_server/share/flatland_server/cmake/ament_cmake_export_libraries-extras.cmake
-- Installing: /home/m/Desktop/S1/RI/proj1/worskapce/install/flatland_server/share/flatland_server/cmake/ament_cmake_export_dependencies-extras.cmake
-- Installing: /home/m/Desktop/S1/RI/proj1/worskapce/install/flatland_server/share/flatland_server/cmake/ament_cmake_export_include_directories-extras.cmake
-- Installing: /home/m/Desktop/S1/RI/proj1/worskapce/install/flatland_server/share/flatland_server/cmake/flatland_serverConfig.cmake
-- Installing: /home/m/Desktop/S1/RI/proj1/worskapce/install/flatland_server/share/flatland_server/cmake/flatland_serverConfig-version.cmake
-- Installing: /home/m/Desktop/S1/RI/proj1/worskapce/install/flatland_server/share/flatland_server/package.xml
