[0.180s] DEBUG:colcon:Command line arguments: ['/usr/bin/colcon', 'build', '--symlink-install']
[0.181s] DEBUG:colcon:Parsed command line arguments: Namespace(allow_overriding=[], ament_cmake_args=None, base_paths=['.'], build_base='build', catkin_cmake_args=None, catkin_skip_building_tests=False, cmake_args=None, cmake_clean_cache=False, cmake_clean_first=False, cmake_force_configure=False, cmake_target=None, cmake_target_skip_unavailable=False, continue_on_error=False, event_handlers=None, executor='parallel', ignore_user_meta=False, install_base='install', log_base=None, log_level=None, main=<bound method BuildVerb.main of <colcon_core.verb.build.BuildVerb object at 0x7f08a324cbb0>>, merge_install=False, metas=['./colcon.meta'], packages_above=None, packages_above_and_dependencies=None, packages_above_depth=None, packages_end=None, packages_ignore=None, packages_ignore_regex=None, packages_select=None, packages_select_build_failed=False, packages_select_by_dep=None, packages_select_regex=None, packages_select_test_failures=False, packages_skip=None, packages_skip_build_finished=False, packages_skip_by_dep=None, packages_skip_regex=None, packages_skip_test_passed=False, packages_skip_up_to=None, packages_start=None, packages_up_to=None, packages_up_to_regex=None, parallel_workers=8, paths=None, symlink_install=True, test_result_base=None, verb_extension=<colcon_core.verb.build.BuildVerb object at 0x7f08a324cbb0>, verb_name='build', verb_parser=<colcon_defaults.argument_parser.defaults.DefaultArgumentsDecorator object at 0x7f08a31179d0>)
[0.315s] Level 1:colcon.colcon_core.package_discovery:discover_packages(colcon_meta) check parameters
[0.315s] Level 1:colcon.colcon_core.package_discovery:discover_packages(recursive) check parameters
[0.315s] Level 1:colcon.colcon_core.package_discovery:discover_packages(ignore) check parameters
[0.315s] Level 1:colcon.colcon_core.package_discovery:discover_packages(path) check parameters
[0.315s] Level 1:colcon.colcon_core.package_discovery:discover_packages(colcon_meta) discover
[0.315s] Level 1:colcon.colcon_core.package_discovery:discover_packages(recursive) discover
[0.315s] INFO:colcon.colcon_core.package_discovery:Crawling recursively for packages in '/home/m/Desktop/S1/RI/proj1/workspace'
[0.315s] Level 1:colcon.colcon_core.package_identification:_identify(.) by extensions ['ignore', 'ignore_ament_install']
[0.315s] Level 1:colcon.colcon_core.package_identification:_identify(.) by extension 'ignore'
[0.315s] Level 1:colcon.colcon_core.package_identification:_identify(.) by extension 'ignore_ament_install'
[0.315s] Level 1:colcon.colcon_core.package_identification:_identify(.) by extensions ['colcon_pkg']
[0.315s] Level 1:colcon.colcon_core.package_identification:_identify(.) by extension 'colcon_pkg'
[0.315s] Level 1:colcon.colcon_core.package_identification:_identify(.) by extensions ['colcon_meta']
[0.315s] Level 1:colcon.colcon_core.package_identification:_identify(.) by extension 'colcon_meta'
[0.315s] Level 1:colcon.colcon_core.package_identification:_identify(.) by extensions ['ros']
[0.315s] Level 1:colcon.colcon_core.package_identification:_identify(.) by extension 'ros'
[0.324s] Level 1:colcon.colcon_core.package_identification:_identify(.) by extensions ['cmake', 'python']
[0.324s] Level 1:colcon.colcon_core.package_identification:_identify(.) by extension 'cmake'
[0.324s] Level 1:colcon.colcon_core.package_identification:_identify(.) by extension 'python'
[0.324s] Level 1:colcon.colcon_core.package_identification:_identify(.) by extensions ['python_setup_py']
[0.324s] Level 1:colcon.colcon_core.package_identification:_identify(.) by extension 'python_setup_py'
[0.324s] Level 1:colcon.colcon_core.package_identification:_identify(build) by extensions ['ignore', 'ignore_ament_install']
[0.324s] Level 1:colcon.colcon_core.package_identification:_identify(build) by extension 'ignore'
[0.324s] Level 1:colcon.colcon_core.package_identification:_identify(build) ignored
[0.325s] Level 1:colcon.colcon_core.package_identification:_identify(install) by extensions ['ignore', 'ignore_ament_install']
[0.325s] Level 1:colcon.colcon_core.package_identification:_identify(install) by extension 'ignore'
[0.325s] Level 1:colcon.colcon_core.package_identification:_identify(install) ignored
[0.325s] Level 1:colcon.colcon_core.package_identification:_identify(log) by extensions ['ignore', 'ignore_ament_install']
[0.325s] Level 1:colcon.colcon_core.package_identification:_identify(log) by extension 'ignore'
[0.325s] Level 1:colcon.colcon_core.package_identification:_identify(log) ignored
[0.325s] Level 1:colcon.colcon_core.package_identification:_identify(src) by extensions ['ignore', 'ignore_ament_install']
[0.325s] Level 1:colcon.colcon_core.package_identification:_identify(src) by extension 'ignore'
[0.325s] Level 1:colcon.colcon_core.package_identification:_identify(src) by extension 'ignore_ament_install'
[0.325s] Level 1:colcon.colcon_core.package_identification:_identify(src) by extensions ['colcon_pkg']
[0.325s] Level 1:colcon.colcon_core.package_identification:_identify(src) by extension 'colcon_pkg'
[0.325s] Level 1:colcon.colcon_core.package_identification:_identify(src) by extensions ['colcon_meta']
[0.325s] Level 1:colcon.colcon_core.package_identification:_identify(src) by extension 'colcon_meta'
[0.325s] Level 1:colcon.colcon_core.package_identification:_identify(src) by extensions ['ros']
[0.325s] Level 1:colcon.colcon_core.package_identification:_identify(src) by extension 'ros'
[0.325s] Level 1:colcon.colcon_core.package_identification:_identify(src) by extensions ['cmake', 'python']
[0.325s] Level 1:colcon.colcon_core.package_identification:_identify(src) by extension 'cmake'
[0.326s] Level 1:colcon.colcon_core.package_identification:_identify(src) by extension 'python'
[0.326s] Level 1:colcon.colcon_core.package_identification:_identify(src) by extensions ['python_setup_py']
[0.326s] Level 1:colcon.colcon_core.package_identification:_identify(src) by extension 'python_setup_py'
[0.326s] Level 1:colcon.colcon_core.package_identification:_identify(src/robot1) by extensions ['ignore', 'ignore_ament_install']
[0.326s] Level 1:colcon.colcon_core.package_identification:_identify(src/robot1) by extension 'ignore'
[0.326s] Level 1:colcon.colcon_core.package_identification:_identify(src/robot1) by extension 'ignore_ament_install'
[0.326s] Level 1:colcon.colcon_core.package_identification:_identify(src/robot1) by extensions ['colcon_pkg']
[0.326s] Level 1:colcon.colcon_core.package_identification:_identify(src/robot1) by extension 'colcon_pkg'
[0.326s] Level 1:colcon.colcon_core.package_identification:_identify(src/robot1) by extensions ['colcon_meta']
[0.326s] Level 1:colcon.colcon_core.package_identification:_identify(src/robot1) by extension 'colcon_meta'
[0.326s] Level 1:colcon.colcon_core.package_identification:_identify(src/robot1) by extensions ['ros']
[0.326s] Level 1:colcon.colcon_core.package_identification:_identify(src/robot1) by extension 'ros'
[0.328s] DEBUG:colcon.colcon_core.package_identification:Package 'src/robot1' with type 'ros.ament_python' and name 'robot1'
[0.328s] Level 1:colcon.colcon_core.package_identification:_identify(src/robot2) by extensions ['ignore', 'ignore_ament_install']
[0.328s] Level 1:colcon.colcon_core.package_identification:_identify(src/robot2) by extension 'ignore'
[0.328s] Level 1:colcon.colcon_core.package_identification:_identify(src/robot2) by extension 'ignore_ament_install'
[0.328s] Level 1:colcon.colcon_core.package_identification:_identify(src/robot2) by extensions ['colcon_pkg']
[0.328s] Level 1:colcon.colcon_core.package_identification:_identify(src/robot2) by extension 'colcon_pkg'
[0.328s] Level 1:colcon.colcon_core.package_identification:_identify(src/robot2) by extensions ['colcon_meta']
[0.329s] Level 1:colcon.colcon_core.package_identification:_identify(src/robot2) by extension 'colcon_meta'
[0.329s] Level 1:colcon.colcon_core.package_identification:_identify(src/robot2) by extensions ['ros']
[0.329s] Level 1:colcon.colcon_core.package_identification:_identify(src/robot2) by extension 'ros'
[0.329s] DEBUG:colcon.colcon_core.package_identification:Package 'src/robot2' with type 'ros.ament_python' and name 'robot2'
[0.329s] Level 1:colcon.colcon_core.package_discovery:discover_packages(recursive) using defaults
[0.329s] Level 1:colcon.colcon_core.package_discovery:discover_packages(ignore) discover
[0.329s] Level 1:colcon.colcon_core.package_discovery:discover_packages(ignore) using defaults
[0.329s] Level 1:colcon.colcon_core.package_discovery:discover_packages(path) discover
[0.329s] Level 1:colcon.colcon_core.package_discovery:discover_packages(path) using defaults
[0.343s] Level 1:colcon.colcon_core.package_discovery:discover_packages(prefix_path) check parameters
[0.343s] Level 1:colcon.colcon_core.package_discovery:discover_packages(prefix_path) discover
[0.344s] DEBUG:colcon.colcon_installed_package_information.package_discovery:Found 2 installed packages in /home/m/Desktop/S1/RI/proj1/workspace/install
[0.345s] DEBUG:colcon.colcon_installed_package_information.package_discovery:Found 263 installed packages in /opt/ros/foxy
[0.354s] Level 1:colcon.colcon_core.package_discovery:discover_packages(prefix_path) using defaults
[0.415s] Level 5:colcon.colcon_core.verb:set package 'robot1' build argument 'cmake_args' from command line to 'None'
[0.416s] Level 5:colcon.colcon_core.verb:set package 'robot1' build argument 'cmake_target' from command line to 'None'
[0.416s] Level 5:colcon.colcon_core.verb:set package 'robot1' build argument 'cmake_target_skip_unavailable' from command line to 'False'
[0.416s] Level 5:colcon.colcon_core.verb:set package 'robot1' build argument 'cmake_clean_cache' from command line to 'False'
[0.416s] Level 5:colcon.colcon_core.verb:set package 'robot1' build argument 'cmake_clean_first' from command line to 'False'
[0.416s] Level 5:colcon.colcon_core.verb:set package 'robot1' build argument 'cmake_force_configure' from command line to 'False'
[0.416s] Level 5:colcon.colcon_core.verb:set package 'robot1' build argument 'ament_cmake_args' from command line to 'None'
[0.416s] Level 5:colcon.colcon_core.verb:set package 'robot1' build argument 'catkin_cmake_args' from command line to 'None'
[0.416s] Level 5:colcon.colcon_core.verb:set package 'robot1' build argument 'catkin_skip_building_tests' from command line to 'False'
[0.416s] DEBUG:colcon.colcon_core.verb:Building package 'robot1' with the following arguments: {'ament_cmake_args': None, 'build_base': '/home/m/Desktop/S1/RI/proj1/workspace/build/robot1', 'catkin_cmake_args': None, 'catkin_skip_building_tests': False, 'cmake_args': None, 'cmake_clean_cache': False, 'cmake_clean_first': False, 'cmake_force_configure': False, 'cmake_target': None, 'cmake_target_skip_unavailable': False, 'install_base': '/home/m/Desktop/S1/RI/proj1/workspace/install/robot1', 'merge_install': False, 'path': '/home/m/Desktop/S1/RI/proj1/workspace/src/robot1', 'symlink_install': True, 'test_result_base': None}
[0.416s] Level 5:colcon.colcon_core.verb:set package 'robot2' build argument 'cmake_args' from command line to 'None'
[0.416s] Level 5:colcon.colcon_core.verb:set package 'robot2' build argument 'cmake_target' from command line to 'None'
[0.416s] Level 5:colcon.colcon_core.verb:set package 'robot2' build argument 'cmake_target_skip_unavailable' from command line to 'False'
[0.416s] Level 5:colcon.colcon_core.verb:set package 'robot2' build argument 'cmake_clean_cache' from command line to 'False'
[0.416s] Level 5:colcon.colcon_core.verb:set package 'robot2' build argument 'cmake_clean_first' from command line to 'False'
[0.416s] Level 5:colcon.colcon_core.verb:set package 'robot2' build argument 'cmake_force_configure' from command line to 'False'
[0.416s] Level 5:colcon.colcon_core.verb:set package 'robot2' build argument 'ament_cmake_args' from command line to 'None'
[0.417s] Level 5:colcon.colcon_core.verb:set package 'robot2' build argument 'catkin_cmake_args' from command line to 'None'
[0.417s] Level 5:colcon.colcon_core.verb:set package 'robot2' build argument 'catkin_skip_building_tests' from command line to 'False'
[0.417s] DEBUG:colcon.colcon_core.verb:Building package 'robot2' with the following arguments: {'ament_cmake_args': None, 'build_base': '/home/m/Desktop/S1/RI/proj1/workspace/build/robot2', 'catkin_cmake_args': None, 'catkin_skip_building_tests': False, 'cmake_args': None, 'cmake_clean_cache': False, 'cmake_clean_first': False, 'cmake_force_configure': False, 'cmake_target': None, 'cmake_target_skip_unavailable': False, 'install_base': '/home/m/Desktop/S1/RI/proj1/workspace/install/robot2', 'merge_install': False, 'path': '/home/m/Desktop/S1/RI/proj1/workspace/src/robot2', 'symlink_install': True, 'test_result_base': None}
[0.417s] INFO:colcon.colcon_core.executor:Executing jobs using 'parallel' executor
[0.418s] DEBUG:colcon.colcon_parallel_executor.executor.parallel:run_until_complete
[0.418s] INFO:colcon.colcon_ros.task.ament_python.build:Building ROS package in '/home/m/Desktop/S1/RI/proj1/workspace/src/robot1' with build type 'ament_python'
[0.418s] Level 1:colcon.colcon_core.shell:create_environment_hook('robot1', 'ament_prefix_path')
[0.420s] INFO:colcon.colcon_core.plugin_system:Skipping extension 'colcon_core.shell.bat': Not used on non-Windows systems
[0.420s] INFO:colcon.colcon_core.shell:Creating environment hook '/home/m/Desktop/S1/RI/proj1/workspace/install/robot1/share/robot1/hook/ament_prefix_path.ps1'
[0.421s] INFO:colcon.colcon_core.shell:Creating environment descriptor '/home/m/Desktop/S1/RI/proj1/workspace/install/robot1/share/robot1/hook/ament_prefix_path.dsv'
[0.421s] INFO:colcon.colcon_core.shell:Creating environment hook '/home/m/Desktop/S1/RI/proj1/workspace/install/robot1/share/robot1/hook/ament_prefix_path.sh'
[0.422s] INFO:colcon.colcon_core.shell:Skip shell extension 'powershell' for command environment: Not usable outside of PowerShell
[0.422s] DEBUG:colcon.colcon_core.shell:Skip shell extension 'dsv' for command environment
[0.427s] INFO:colcon.colcon_ros.task.ament_python.build:Building ROS package in '/home/m/Desktop/S1/RI/proj1/workspace/src/robot2' with build type 'ament_python'
[0.427s] Level 1:colcon.colcon_core.shell:create_environment_hook('robot2', 'ament_prefix_path')
[0.427s] INFO:colcon.colcon_core.shell:Creating environment hook '/home/m/Desktop/S1/RI/proj1/workspace/install/robot2/share/robot2/hook/ament_prefix_path.ps1'
[0.428s] INFO:colcon.colcon_core.shell:Creating environment descriptor '/home/m/Desktop/S1/RI/proj1/workspace/install/robot2/share/robot2/hook/ament_prefix_path.dsv'
[0.428s] INFO:colcon.colcon_core.shell:Creating environment hook '/home/m/Desktop/S1/RI/proj1/workspace/install/robot2/share/robot2/hook/ament_prefix_path.sh'
[0.429s] INFO:colcon.colcon_core.shell:Skip shell extension 'powershell' for command environment: Not usable outside of PowerShell
[0.429s] DEBUG:colcon.colcon_core.shell:Skip shell extension 'dsv' for command environment
[0.708s] INFO:colcon.colcon_core.task.python.build:Building Python package in '/home/m/Desktop/S1/RI/proj1/workspace/src/robot1'
[0.709s] INFO:colcon.colcon_core.shell:Skip shell extension 'powershell' for command environment: Not usable outside of PowerShell
[0.709s] DEBUG:colcon.colcon_core.shell:Skip shell extension 'dsv' for command environment
[1.003s] INFO:colcon.colcon_core.task.python.build:Building Python package in '/home/m/Desktop/S1/RI/proj1/workspace/src/robot2'
[1.004s] INFO:colcon.colcon_core.shell:Skip shell extension 'powershell' for command environment: Not usable outside of PowerShell
[1.004s] DEBUG:colcon.colcon_core.shell:Skip shell extension 'dsv' for command environment
[1.537s] DEBUG:colcon.colcon_core.event_handler.log_command:Invoking command in '/home/m/Desktop/S1/RI/proj1/workspace/build/robot1': PYTHONPATH=/home/m/Desktop/S1/RI/proj1/workspace/build/robot1/prefix_override:/usr/lib/python3/dist-packages/colcon_core/task/python/colcon_distutils_commands:/home/m/Desktop/S1/RI/proj1/workspace/install/robot1/lib/python3.8/site-packages:${PYTHONPATH} /usr/bin/python3 -W ignore:setup.py install is deprecated setup.py develop --editable --build-directory /home/m/Desktop/S1/RI/proj1/workspace/build/robot1/build --no-deps symlink_data
[1.551s] DEBUG:colcon.colcon_core.event_handler.log_command:Invoking command in '/home/m/Desktop/S1/RI/proj1/workspace/build/robot2': PYTHONPATH=/home/m/Desktop/S1/RI/proj1/workspace/build/robot2/prefix_override:/usr/lib/python3/dist-packages/colcon_core/task/python/colcon_distutils_commands:/home/m/Desktop/S1/RI/proj1/workspace/install/robot2/lib/python3.8/site-packages:${PYTHONPATH} /usr/bin/python3 -W ignore:setup.py install is deprecated setup.py develop --editable --build-directory /home/m/Desktop/S1/RI/proj1/workspace/build/robot2/build --no-deps symlink_data
[2.117s] Level 1:colcon.colcon_core.shell:create_environment_hook('robot1', 'pythonpath_develop')
[2.118s] DEBUG:colcon.colcon_core.event_handler.log_command:Invoked command in '/home/m/Desktop/S1/RI/proj1/workspace/build/robot1' returned '0': PYTHONPATH=/home/m/Desktop/S1/RI/proj1/workspace/build/robot1/prefix_override:/usr/lib/python3/dist-packages/colcon_core/task/python/colcon_distutils_commands:/home/m/Desktop/S1/RI/proj1/workspace/install/robot1/lib/python3.8/site-packages:${PYTHONPATH} /usr/bin/python3 -W ignore:setup.py install is deprecated setup.py develop --editable --build-directory /home/m/Desktop/S1/RI/proj1/workspace/build/robot1/build --no-deps symlink_data
[2.118s] INFO:colcon.colcon_core.shell:Creating environment hook '/home/m/Desktop/S1/RI/proj1/workspace/build/robot1/share/robot1/hook/pythonpath_develop.ps1'
[2.119s] INFO:colcon.colcon_core.shell:Creating environment descriptor '/home/m/Desktop/S1/RI/proj1/workspace/build/robot1/share/robot1/hook/pythonpath_develop.dsv'
[2.120s] INFO:colcon.colcon_core.shell:Creating environment hook '/home/m/Desktop/S1/RI/proj1/workspace/build/robot1/share/robot1/hook/pythonpath_develop.sh'
[2.123s] Level 1:colcon.colcon_core.environment:checking '/home/m/Desktop/S1/RI/proj1/workspace/install/robot1' for CMake module files
[2.124s] Level 1:colcon.colcon_core.environment:checking '/home/m/Desktop/S1/RI/proj1/workspace/install/robot1' for CMake config files
[2.125s] Level 1:colcon.colcon_core.environment:checking '/home/m/Desktop/S1/RI/proj1/workspace/install/robot1/lib'
[2.125s] Level 1:colcon.colcon_core.environment:checking '/home/m/Desktop/S1/RI/proj1/workspace/install/robot1/bin'
[2.125s] Level 1:colcon.colcon_core.environment:checking '/home/m/Desktop/S1/RI/proj1/workspace/install/robot1/lib/pkgconfig/robot1.pc'
[2.126s] Level 1:colcon.colcon_core.environment:checking '/home/m/Desktop/S1/RI/proj1/workspace/install/robot1/lib/python3.8/site-packages'
[2.126s] Level 1:colcon.colcon_core.shell:create_environment_hook('robot1', 'pythonpath')
[2.126s] INFO:colcon.colcon_core.shell:Creating environment hook '/home/m/Desktop/S1/RI/proj1/workspace/install/robot1/share/robot1/hook/pythonpath.ps1'
[2.127s] INFO:colcon.colcon_core.shell:Creating environment descriptor '/home/m/Desktop/S1/RI/proj1/workspace/install/robot1/share/robot1/hook/pythonpath.dsv'
[2.127s] INFO:colcon.colcon_core.shell:Creating environment hook '/home/m/Desktop/S1/RI/proj1/workspace/install/robot1/share/robot1/hook/pythonpath.sh'
[2.128s] Level 1:colcon.colcon_core.environment:checking '/home/m/Desktop/S1/RI/proj1/workspace/install/robot1/bin'
[2.128s] Level 1:colcon.colcon_core.environment:create_environment_scripts_only(robot1)
[2.128s] INFO:colcon.colcon_core.shell:Creating package script '/home/m/Desktop/S1/RI/proj1/workspace/install/robot1/share/robot1/package.ps1'
[2.130s] INFO:colcon.colcon_core.shell:Creating package descriptor '/home/m/Desktop/S1/RI/proj1/workspace/install/robot1/share/robot1/package.dsv'
[2.132s] INFO:colcon.colcon_core.shell:Creating package script '/home/m/Desktop/S1/RI/proj1/workspace/install/robot1/share/robot1/package.sh'
[2.133s] INFO:colcon.colcon_core.shell:Creating package script '/home/m/Desktop/S1/RI/proj1/workspace/install/robot1/share/robot1/package.bash'
[2.134s] INFO:colcon.colcon_core.shell:Creating package script '/home/m/Desktop/S1/RI/proj1/workspace/install/robot1/share/robot1/package.zsh'
[2.135s] Level 1:colcon.colcon_core.environment:create_file_with_runtime_dependencies(/home/m/Desktop/S1/RI/proj1/workspace/install/robot1/share/colcon-core/packages/robot1)
[2.137s] Level 1:colcon.colcon_core.shell:create_environment_hook('robot2', 'pythonpath_develop')
[2.137s] INFO:colcon.colcon_core.shell:Creating environment hook '/home/m/Desktop/S1/RI/proj1/workspace/build/robot2/share/robot2/hook/pythonpath_develop.ps1'
[2.138s] DEBUG:colcon.colcon_core.event_handler.log_command:Invoked command in '/home/m/Desktop/S1/RI/proj1/workspace/build/robot2' returned '0': PYTHONPATH=/home/m/Desktop/S1/RI/proj1/workspace/build/robot2/prefix_override:/usr/lib/python3/dist-packages/colcon_core/task/python/colcon_distutils_commands:/home/m/Desktop/S1/RI/proj1/workspace/install/robot2/lib/python3.8/site-packages:${PYTHONPATH} /usr/bin/python3 -W ignore:setup.py install is deprecated setup.py develop --editable --build-directory /home/m/Desktop/S1/RI/proj1/workspace/build/robot2/build --no-deps symlink_data
[2.139s] INFO:colcon.colcon_core.shell:Creating environment descriptor '/home/m/Desktop/S1/RI/proj1/workspace/build/robot2/share/robot2/hook/pythonpath_develop.dsv'
[2.139s] INFO:colcon.colcon_core.shell:Creating environment hook '/home/m/Desktop/S1/RI/proj1/workspace/build/robot2/share/robot2/hook/pythonpath_develop.sh'
[2.140s] Level 1:colcon.colcon_core.environment:checking '/home/m/Desktop/S1/RI/proj1/workspace/install/robot2' for CMake module files
[2.141s] Level 1:colcon.colcon_core.environment:checking '/home/m/Desktop/S1/RI/proj1/workspace/install/robot2' for CMake config files
[2.141s] Level 1:colcon.colcon_core.environment:checking '/home/m/Desktop/S1/RI/proj1/workspace/install/robot2/lib'
[2.141s] Level 1:colcon.colcon_core.environment:checking '/home/m/Desktop/S1/RI/proj1/workspace/install/robot2/bin'
[2.141s] Level 1:colcon.colcon_core.environment:checking '/home/m/Desktop/S1/RI/proj1/workspace/install/robot2/lib/pkgconfig/robot2.pc'
[2.142s] Level 1:colcon.colcon_core.environment:checking '/home/m/Desktop/S1/RI/proj1/workspace/install/robot2/lib/python3.8/site-packages'
[2.142s] Level 1:colcon.colcon_core.shell:create_environment_hook('robot2', 'pythonpath')
[2.142s] INFO:colcon.colcon_core.shell:Creating environment hook '/home/m/Desktop/S1/RI/proj1/workspace/install/robot2/share/robot2/hook/pythonpath.ps1'
[2.143s] INFO:colcon.colcon_core.shell:Creating environment descriptor '/home/m/Desktop/S1/RI/proj1/workspace/install/robot2/share/robot2/hook/pythonpath.dsv'
[2.143s] INFO:colcon.colcon_core.shell:Creating environment hook '/home/m/Desktop/S1/RI/proj1/workspace/install/robot2/share/robot2/hook/pythonpath.sh'
[2.144s] Level 1:colcon.colcon_core.environment:checking '/home/m/Desktop/S1/RI/proj1/workspace/install/robot2/bin'
[2.144s] Level 1:colcon.colcon_core.environment:create_environment_scripts_only(robot2)
[2.144s] INFO:colcon.colcon_core.shell:Creating package script '/home/m/Desktop/S1/RI/proj1/workspace/install/robot2/share/robot2/package.ps1'
[2.145s] INFO:colcon.colcon_core.shell:Creating package descriptor '/home/m/Desktop/S1/RI/proj1/workspace/install/robot2/share/robot2/package.dsv'
[2.146s] INFO:colcon.colcon_core.shell:Creating package script '/home/m/Desktop/S1/RI/proj1/workspace/install/robot2/share/robot2/package.sh'
[2.146s] INFO:colcon.colcon_core.shell:Creating package script '/home/m/Desktop/S1/RI/proj1/workspace/install/robot2/share/robot2/package.bash'
[2.147s] INFO:colcon.colcon_core.shell:Creating package script '/home/m/Desktop/S1/RI/proj1/workspace/install/robot2/share/robot2/package.zsh'
[2.148s] Level 1:colcon.colcon_core.environment:create_file_with_runtime_dependencies(/home/m/Desktop/S1/RI/proj1/workspace/install/robot2/share/colcon-core/packages/robot2)
[2.149s] DEBUG:colcon.colcon_parallel_executor.executor.parallel:closing loop
[2.149s] DEBUG:colcon.colcon_parallel_executor.executor.parallel:loop closed
[2.149s] DEBUG:colcon.colcon_parallel_executor.executor.parallel:run_until_complete finished with '0'
[2.150s] DEBUG:colcon.colcon_core.event_reactor:joining thread
[2.158s] INFO:colcon.colcon_core.plugin_system:Skipping extension 'colcon_notification.desktop_notification.terminal_notifier': Not used on non-Darwin systems
[2.158s] INFO:colcon.colcon_core.plugin_system:Skipping extension 'colcon_notification.desktop_notification.win32': Not used on non-Windows systems
[2.158s] INFO:colcon.colcon_notification.desktop_notification:Sending desktop notification using 'notify2'
[2.160s] DEBUG:colcon.colcon_core.event_reactor:joined thread
[2.161s] INFO:colcon.colcon_core.shell:Creating prefix script '/home/m/Desktop/S1/RI/proj1/workspace/install/local_setup.ps1'
[2.162s] INFO:colcon.colcon_core.shell:Creating prefix util module '/home/m/Desktop/S1/RI/proj1/workspace/install/_local_setup_util_ps1.py'
[2.164s] INFO:colcon.colcon_core.shell:Creating prefix chain script '/home/m/Desktop/S1/RI/proj1/workspace/install/setup.ps1'
[2.166s] INFO:colcon.colcon_core.shell:Creating prefix script '/home/m/Desktop/S1/RI/proj1/workspace/install/local_setup.sh'
[2.167s] INFO:colcon.colcon_core.shell:Creating prefix util module '/home/m/Desktop/S1/RI/proj1/workspace/install/_local_setup_util_sh.py'
[2.167s] INFO:colcon.colcon_core.shell:Creating prefix chain script '/home/m/Desktop/S1/RI/proj1/workspace/install/setup.sh'
[2.169s] INFO:colcon.colcon_core.shell:Creating prefix script '/home/m/Desktop/S1/RI/proj1/workspace/install/local_setup.bash'
[2.170s] INFO:colcon.colcon_core.shell:Creating prefix chain script '/home/m/Desktop/S1/RI/proj1/workspace/install/setup.bash'
[2.171s] INFO:colcon.colcon_core.shell:Creating prefix script '/home/m/Desktop/S1/RI/proj1/workspace/install/local_setup.zsh'
[2.172s] INFO:colcon.colcon_core.shell:Creating prefix chain script '/home/m/Desktop/S1/RI/proj1/workspace/install/setup.zsh'
