[0.027s] Invoking command in '/home/m/Desktop/S1/RI/proj1/worskapce/build/flatland_rviz_plugins': AMENT_PREFIX_PATH=/home/m/Desktop/S1/RI/proj1/worskapce/install/flatland_server:/home/m/Desktop/S1/RI/proj1/worskapce/install/flatland_msgs:/home/m/Desktop/S1/RI/proj1/worskapce/install/flatland_box2d:${AMENT_PREFIX_PATH} CMAKE_PREFIX_PATH=/home/m/Desktop/S1/RI/proj1/worskapce/install/flatland_server:/home/m/Desktop/S1/RI/proj1/worskapce/install/flatland_msgs:/home/m/Desktop/S1/RI/proj1/worskapce/install/flatland_box2d:/opt/ros/humble LD_LIBRARY_PATH=/home/m/Desktop/S1/RI/proj1/worskapce/install/flatland_server/lib:/home/m/Desktop/S1/RI/proj1/worskapce/install/flatland_msgs/lib:/home/m/Desktop/S1/RI/proj1/worskapce/install/flatland_box2d/lib:${LD_LIBRARY_PATH} PYTHONPATH=/home/m/Desktop/S1/RI/proj1/worskapce/install/flatland_msgs/local/lib/python3.10/dist-packages:${PYTHONPATH} /usr/bin/cmake --build /home/m/Desktop/S1/RI/proj1/worskapce/build/flatland_rviz_plugins -- -j8 -l8
[0.103s] [ 11%] [34m[1mAutomatic MOC for target flatland_rviz_plugins[0m
[0.141s] [ 11%] Built target flatland_rviz_plugins_autogen
[0.251s] [100%] Built target flatland_rviz_plugins
[0.264s] Invoked command in '/home/m/Desktop/S1/RI/proj1/worskapce/build/flatland_rviz_plugins' returned '0': AMENT_PREFIX_PATH=/home/m/Desktop/S1/RI/proj1/worskapce/install/flatland_server:/home/m/Desktop/S1/RI/proj1/worskapce/install/flatland_msgs:/home/m/Desktop/S1/RI/proj1/worskapce/install/flatland_box2d:${AMENT_PREFIX_PATH} CMAKE_PREFIX_PATH=/home/m/Desktop/S1/RI/proj1/worskapce/install/flatland_server:/home/m/Desktop/S1/RI/proj1/worskapce/install/flatland_msgs:/home/m/Desktop/S1/RI/proj1/worskapce/install/flatland_box2d:/opt/ros/humble LD_LIBRARY_PATH=/home/m/Desktop/S1/RI/proj1/worskapce/install/flatland_server/lib:/home/m/Desktop/S1/RI/proj1/worskapce/install/flatland_msgs/lib:/home/m/Desktop/S1/RI/proj1/worskapce/install/flatland_box2d/lib:${LD_LIBRARY_PATH} PYTHONPATH=/home/m/Desktop/S1/RI/proj1/worskapce/install/flatland_msgs/local/lib/python3.10/dist-packages:${PYTHONPATH} /usr/bin/cmake --build /home/m/Desktop/S1/RI/proj1/worskapce/build/flatland_rviz_plugins -- -j8 -l8
[0.305s] Invoking command in '/home/m/Desktop/S1/RI/proj1/worskapce/build/flatland_rviz_plugins': AMENT_PREFIX_PATH=/home/m/Desktop/S1/RI/proj1/worskapce/install/flatland_server:/home/m/Desktop/S1/RI/proj1/worskapce/install/flatland_msgs:/home/m/Desktop/S1/RI/proj1/worskapce/install/flatland_box2d:${AMENT_PREFIX_PATH} CMAKE_PREFIX_PATH=/home/m/Desktop/S1/RI/proj1/worskapce/install/flatland_server:/home/m/Desktop/S1/RI/proj1/worskapce/install/flatland_msgs:/home/m/Desktop/S1/RI/proj1/worskapce/install/flatland_box2d:/opt/ros/humble LD_LIBRARY_PATH=/home/m/Desktop/S1/RI/proj1/worskapce/install/flatland_server/lib:/home/m/Desktop/S1/RI/proj1/worskapce/install/flatland_msgs/lib:/home/m/Desktop/S1/RI/proj1/worskapce/install/flatland_box2d/lib:${LD_LIBRARY_PATH} PYTHONPATH=/home/m/Desktop/S1/RI/proj1/worskapce/install/flatland_msgs/local/lib/python3.10/dist-packages:${PYTHONPATH} /usr/bin/cmake --install /home/m/Desktop/S1/RI/proj1/worskapce/build/flatland_rviz_plugins
[0.315s] -- Install configuration: ""
[0.316s] -- Up-to-date: /home/m/Desktop/S1/RI/proj1/worskapce/install/flatland_rviz_plugins/share/flatland_rviz_plugins/plugins_description.xml
[0.317s] -- Up-to-date: /home/m/Desktop/S1/RI/proj1/worskapce/install/flatland_rviz_plugins/lib/libflatland_rviz_plugins.so
[0.317s] -- Up-to-date: /home/m/Desktop/S1/RI/proj1/worskapce/install/flatland_rviz_plugins/include/
[0.318s] -- Up-to-date: /home/m/Desktop/S1/RI/proj1/worskapce/install/flatland_rviz_plugins/include//flatland_rviz_plugins
[0.318s] -- Up-to-date: /home/m/Desktop/S1/RI/proj1/worskapce/install/flatland_rviz_plugins/include//flatland_rviz_plugins/load_model_dialog.hpp
[0.318s] -- Up-to-date: /home/m/Desktop/S1/RI/proj1/worskapce/install/flatland_rviz_plugins/include//flatland_rviz_plugins/interactive_tool.hpp
[0.318s] -- Up-to-date: /home/m/Desktop/S1/RI/proj1/worskapce/install/flatland_rviz_plugins/include//flatland_rviz_plugins/change_rate_dialog.hpp
[0.319s] -- Up-to-date: /home/m/Desktop/S1/RI/proj1/worskapce/install/flatland_rviz_plugins/include//flatland_rviz_plugins/spawn_model_tool.hpp
[0.319s] -- Up-to-date: /home/m/Desktop/S1/RI/proj1/worskapce/install/flatland_rviz_plugins/include//flatland_rviz_plugins/pause_tool.hpp
[0.319s] -- Up-to-date: /home/m/Desktop/S1/RI/proj1/worskapce/install/flatland_rviz_plugins/include//flatland_rviz_plugins/change_rate_tool.hpp
[0.319s] -- Up-to-date: /home/m/Desktop/S1/RI/proj1/worskapce/install/flatland_rviz_plugins/share/flatland_rviz_plugins/icons
[0.319s] -- Up-to-date: /home/m/Desktop/S1/RI/proj1/worskapce/install/flatland_rviz_plugins/share/flatland_rviz_plugins/icons/pause.svg
[0.320s] -- Up-to-date: /home/m/Desktop/S1/RI/proj1/worskapce/install/flatland_rviz_plugins/share/flatland_rviz_plugins/icons/time.png
[0.321s] -- Up-to-date: /home/m/Desktop/S1/RI/proj1/worskapce/install/flatland_rviz_plugins/share/flatland_rviz_plugins/environment/library_path.sh
[0.321s] -- Up-to-date: /home/m/Desktop/S1/RI/proj1/worskapce/install/flatland_rviz_plugins/share/flatland_rviz_plugins/environment/library_path.dsv
[0.321s] -- Up-to-date: /home/m/Desktop/S1/RI/proj1/worskapce/install/flatland_rviz_plugins/share/ament_index/resource_index/package_run_dependencies/flatland_rviz_plugins
[0.321s] -- Up-to-date: /home/m/Desktop/S1/RI/proj1/worskapce/install/flatland_rviz_plugins/share/ament_index/resource_index/parent_prefix_path/flatland_rviz_plugins
[0.322s] -- Up-to-date: /home/m/Desktop/S1/RI/proj1/worskapce/install/flatland_rviz_plugins/share/flatland_rviz_plugins/environment/ament_prefix_path.sh
[0.322s] -- Up-to-date: /home/m/Desktop/S1/RI/proj1/worskapce/install/flatland_rviz_plugins/share/flatland_rviz_plugins/environment/ament_prefix_path.dsv
[0.322s] -- Up-to-date: /home/m/Desktop/S1/RI/proj1/worskapce/install/flatland_rviz_plugins/share/flatland_rviz_plugins/environment/path.sh
[0.322s] -- Up-to-date: /home/m/Desktop/S1/RI/proj1/worskapce/install/flatland_rviz_plugins/share/flatland_rviz_plugins/environment/path.dsv
[0.322s] -- Up-to-date: /home/m/Desktop/S1/RI/proj1/worskapce/install/flatland_rviz_plugins/share/flatland_rviz_plugins/local_setup.bash
[0.323s] -- Up-to-date: /home/m/Desktop/S1/RI/proj1/worskapce/install/flatland_rviz_plugins/share/flatland_rviz_plugins/local_setup.sh
[0.323s] -- Up-to-date: /home/m/Desktop/S1/RI/proj1/worskapce/install/flatland_rviz_plugins/share/flatland_rviz_plugins/local_setup.zsh
[0.325s] -- Up-to-date: /home/m/Desktop/S1/RI/proj1/worskapce/install/flatland_rviz_plugins/share/flatland_rviz_plugins/local_setup.dsv
[0.325s] -- Installing: /home/m/Desktop/S1/RI/proj1/worskapce/install/flatland_rviz_plugins/share/flatland_rviz_plugins/package.dsv
[0.325s] -- Up-to-date: /home/m/Desktop/S1/RI/proj1/worskapce/install/flatland_rviz_plugins/share/ament_index/resource_index/packages/flatland_rviz_plugins
[0.326s] -- Up-to-date: /home/m/Desktop/S1/RI/proj1/worskapce/install/flatland_rviz_plugins/share/ament_index/resource_index/rviz_common__pluginlib__plugin/flatland_rviz_plugins
[0.326s] -- Up-to-date: /home/m/Desktop/S1/RI/proj1/worskapce/install/flatland_rviz_plugins/share/flatland_rviz_plugins/cmake/flatland_rviz_pluginsExport.cmake
[0.326s] -- Up-to-date: /home/m/Desktop/S1/RI/proj1/worskapce/install/flatland_rviz_plugins/share/flatland_rviz_plugins/cmake/flatland_rviz_pluginsExport-noconfig.cmake
[0.326s] -- Up-to-date: /home/m/Desktop/S1/RI/proj1/worskapce/install/flatland_rviz_plugins/share/flatland_rviz_plugins/cmake/ament_cmake_export_include_directories-extras.cmake
[0.327s] -- Up-to-date: /home/m/Desktop/S1/RI/proj1/worskapce/install/flatland_rviz_plugins/share/flatland_rviz_plugins/cmake/ament_cmake_export_targets-extras.cmake
[0.327s] -- Up-to-date: /home/m/Desktop/S1/RI/proj1/worskapce/install/flatland_rviz_plugins/share/flatland_rviz_plugins/cmake/ament_cmake_export_dependencies-extras.cmake
[0.327s] -- Up-to-date: /home/m/Desktop/S1/RI/proj1/worskapce/install/flatland_rviz_plugins/share/flatland_rviz_plugins/cmake/flatland_rviz_pluginsConfig.cmake
[0.328s] -- Up-to-date: /home/m/Desktop/S1/RI/proj1/worskapce/install/flatland_rviz_plugins/share/flatland_rviz_plugins/cmake/flatland_rviz_pluginsConfig-version.cmake
[0.328s] -- Up-to-date: /home/m/Desktop/S1/RI/proj1/worskapce/install/flatland_rviz_plugins/share/flatland_rviz_plugins/package.xml
[0.328s] Invoked command in '/home/m/Desktop/S1/RI/proj1/worskapce/build/flatland_rviz_plugins' returned '0': AMENT_PREFIX_PATH=/home/m/Desktop/S1/RI/proj1/worskapce/install/flatland_server:/home/m/Desktop/S1/RI/proj1/worskapce/install/flatland_msgs:/home/m/Desktop/S1/RI/proj1/worskapce/install/flatland_box2d:${AMENT_PREFIX_PATH} CMAKE_PREFIX_PATH=/home/m/Desktop/S1/RI/proj1/worskapce/install/flatland_server:/home/m/Desktop/S1/RI/proj1/worskapce/install/flatland_msgs:/home/m/Desktop/S1/RI/proj1/worskapce/install/flatland_box2d:/opt/ros/humble LD_LIBRARY_PATH=/home/m/Desktop/S1/RI/proj1/worskapce/install/flatland_server/lib:/home/m/Desktop/S1/RI/proj1/worskapce/install/flatland_msgs/lib:/home/m/Desktop/S1/RI/proj1/worskapce/install/flatland_box2d/lib:${LD_LIBRARY_PATH} PYTHONPATH=/home/m/Desktop/S1/RI/proj1/worskapce/install/flatland_msgs/local/lib/python3.10/dist-packages:${PYTHONPATH} /usr/bin/cmake --install /home/m/Desktop/S1/RI/proj1/worskapce/build/flatland_rviz_plugins
