[0.022s] Invoking command in '/home/m/Desktop/S1/RI/proj1/worskapce/build/flatland': AMENT_PREFIX_PATH=/home/m/Desktop/S1/RI/proj1/worskapce/install/flatland_msgs:${AMENT_PREFIX_PATH} CMAKE_PREFIX_PATH=/home/m/Desktop/S1/RI/proj1/worskapce/install/flatland_msgs:/opt/ros/humble LD_LIBRARY_PATH=/home/m/Desktop/S1/RI/proj1/worskapce/install/flatland_msgs/lib:${LD_LIBRARY_PATH} PYTHONPATH=/home/m/Desktop/S1/RI/proj1/worskapce/install/flatland_msgs/local/lib/python3.10/dist-packages:${PYTHONPATH} /usr/bin/cmake --build /home/m/Desktop/S1/RI/proj1/worskapce/build/flatland -- -j8 -l8
[0.066s] Invoked command in '/home/m/Desktop/S1/RI/proj1/worskapce/build/flatland' returned '0': AMENT_PREFIX_PATH=/home/m/Desktop/S1/RI/proj1/worskapce/install/flatland_msgs:${AMENT_PREFIX_PATH} CMAKE_PREFIX_PATH=/home/m/Desktop/S1/RI/proj1/worskapce/install/flatland_msgs:/opt/ros/humble LD_LIBRARY_PATH=/home/m/Desktop/S1/RI/proj1/worskapce/install/flatland_msgs/lib:${LD_LIBRARY_PATH} PYTHONPATH=/home/m/Desktop/S1/RI/proj1/worskapce/install/flatland_msgs/local/lib/python3.10/dist-packages:${PYTHONPATH} /usr/bin/cmake --build /home/m/Desktop/S1/RI/proj1/worskapce/build/flatland -- -j8 -l8
[0.090s] Invoking command in '/home/m/Desktop/S1/RI/proj1/worskapce/build/flatland': AMENT_PREFIX_PATH=/home/m/Desktop/S1/RI/proj1/worskapce/install/flatland_msgs:${AMENT_PREFIX_PATH} CMAKE_PREFIX_PATH=/home/m/Desktop/S1/RI/proj1/worskapce/install/flatland_msgs:/opt/ros/humble LD_LIBRARY_PATH=/home/m/Desktop/S1/RI/proj1/worskapce/install/flatland_msgs/lib:${LD_LIBRARY_PATH} PYTHONPATH=/home/m/Desktop/S1/RI/proj1/worskapce/install/flatland_msgs/local/lib/python3.10/dist-packages:${PYTHONPATH} /usr/bin/cmake --install /home/m/Desktop/S1/RI/proj1/worskapce/build/flatland
[0.100s] -- Install configuration: ""
[0.101s] -- Up-to-date: /home/m/Desktop/S1/RI/proj1/worskapce/install/flatland/share/ament_index/resource_index/package_run_dependencies/flatland
[0.101s] -- Up-to-date: /home/m/Desktop/S1/RI/proj1/worskapce/install/flatland/share/ament_index/resource_index/parent_prefix_path/flatland
[0.101s] -- Up-to-date: /home/m/Desktop/S1/RI/proj1/worskapce/install/flatland/share/flatland/environment/ament_prefix_path.sh
[0.101s] -- Up-to-date: /home/m/Desktop/S1/RI/proj1/worskapce/install/flatland/share/flatland/environment/ament_prefix_path.dsv
[0.102s] -- Up-to-date: /home/m/Desktop/S1/RI/proj1/worskapce/install/flatland/share/flatland/environment/path.sh
[0.102s] -- Up-to-date: /home/m/Desktop/S1/RI/proj1/worskapce/install/flatland/share/flatland/environment/path.dsv
[0.102s] -- Up-to-date: /home/m/Desktop/S1/RI/proj1/worskapce/install/flatland/share/flatland/local_setup.bash
[0.102s] -- Up-to-date: /home/m/Desktop/S1/RI/proj1/worskapce/install/flatland/share/flatland/local_setup.sh
[0.103s] -- Up-to-date: /home/m/Desktop/S1/RI/proj1/worskapce/install/flatland/share/flatland/local_setup.zsh
[0.103s] -- Up-to-date: /home/m/Desktop/S1/RI/proj1/worskapce/install/flatland/share/flatland/local_setup.dsv
[0.103s] -- Installing: /home/m/Desktop/S1/RI/proj1/worskapce/install/flatland/share/flatland/package.dsv
[0.103s] -- Up-to-date: /home/m/Desktop/S1/RI/proj1/worskapce/install/flatland/share/ament_index/resource_index/packages/flatland
[0.104s] -- Up-to-date: /home/m/Desktop/S1/RI/proj1/worskapce/install/flatland/share/flatland/cmake/flatlandConfig.cmake
[0.104s] -- Up-to-date: /home/m/Desktop/S1/RI/proj1/worskapce/install/flatland/share/flatland/cmake/flatlandConfig-version.cmake
[0.104s] -- Up-to-date: /home/m/Desktop/S1/RI/proj1/worskapce/install/flatland/share/flatland/package.xml
[0.107s] Invoked command in '/home/m/Desktop/S1/RI/proj1/worskapce/build/flatland' returned '0': AMENT_PREFIX_PATH=/home/m/Desktop/S1/RI/proj1/worskapce/install/flatland_msgs:${AMENT_PREFIX_PATH} CMAKE_PREFIX_PATH=/home/m/Desktop/S1/RI/proj1/worskapce/install/flatland_msgs:/opt/ros/humble LD_LIBRARY_PATH=/home/m/Desktop/S1/RI/proj1/worskapce/install/flatland_msgs/lib:${LD_LIBRARY_PATH} PYTHONPATH=/home/m/Desktop/S1/RI/proj1/worskapce/install/flatland_msgs/local/lib/python3.10/dist-packages:${PYTHONPATH} /usr/bin/cmake --install /home/m/Desktop/S1/RI/proj1/worskapce/build/flatland
