-- Found ament_cmake: 1.3.10 (/opt/ros/humble/share/ament_cmake/cmake)
-- Found Python3: /usr/bin/python3 (found version "3.10.12") found components: Interpreter 
-- Found ament_lint_auto: 0.12.11 (/opt/ros/humble/share/ament_lint_auto/cmake)
-- Added test 'copyright' to check source files copyright and LICENSE
-- Added test 'lint_cmake' to check CMake code style
-- Added test 'xmllint' to check XML markup files
-- Configuring done
-- Generating done
-- Build files have been written to: /home/m/Desktop/S1/RI/proj1/worskapce/build/flatland
-- Install configuration: ""
-- Installing: /home/m/Desktop/S1/RI/proj1/worskapce/install/flatland/share/ament_index/resource_index/package_run_dependencies/flatland
-- Installing: /home/m/Desktop/S1/RI/proj1/worskapce/install/flatland/share/ament_index/resource_index/parent_prefix_path/flatland
-- Installing: /home/m/Desktop/S1/RI/proj1/worskapce/install/flatland/share/flatland/environment/ament_prefix_path.sh
-- Installing: /home/m/Desktop/S1/RI/proj1/worskapce/install/flatland/share/flatland/environment/ament_prefix_path.dsv
-- Installing: /home/m/Desktop/S1/RI/proj1/worskapce/install/flatland/share/flatland/environment/path.sh
-- Installing: /home/m/Desktop/S1/RI/proj1/worskapce/install/flatland/share/flatland/environment/path.dsv
-- Installing: /home/m/Desktop/S1/RI/proj1/worskapce/install/flatland/share/flatland/local_setup.bash
-- Installing: /home/m/Desktop/S1/RI/proj1/worskapce/install/flatland/share/flatland/local_setup.sh
-- Installing: /home/m/Desktop/S1/RI/proj1/worskapce/install/flatland/share/flatland/local_setup.zsh
-- Installing: /home/m/Desktop/S1/RI/proj1/worskapce/install/flatland/share/flatland/local_setup.dsv
-- Installing: /home/m/Desktop/S1/RI/proj1/worskapce/install/flatland/share/flatland/package.dsv
-- Installing: /home/m/Desktop/S1/RI/proj1/worskapce/install/flatland/share/ament_index/resource_index/packages/flatland
-- Installing: /home/m/Desktop/S1/RI/proj1/worskapce/install/flatland/share/flatland/cmake/flatlandConfig.cmake
-- Installing: /home/m/Desktop/S1/RI/proj1/worskapce/install/flatland/share/flatland/cmake/flatlandConfig-version.cmake
-- Installing: /home/m/Desktop/S1/RI/proj1/worskapce/install/flatland/share/flatland/package.xml
