[0.008s] Invoking command in '/home/m/Desktop/S1/RI/proj1/worskapce/build/flatland': AMENT_PREFIX_PATH=/home/m/Desktop/S1/RI/proj1/worskapce/install/flatland_msgs:${AMENT_PREFIX_PATH} CMAKE_PREFIX_PATH=/home/m/Desktop/S1/RI/proj1/worskapce/install/flatland_msgs:/opt/ros/humble LD_LIBRARY_PATH=/home/m/Desktop/S1/RI/proj1/worskapce/install/flatland_msgs/lib:${LD_LIBRARY_PATH} PYTHONPATH=/home/m/Desktop/S1/RI/proj1/worskapce/install/flatland_msgs/local/lib/python3.10/dist-packages:${PYTHONPATH} /usr/bin/cmake /home/m/Desktop/S1/RI/proj1/worskapce/flatland/flatland -DCMAKE_INSTALL_PREFIX=/home/m/Desktop/S1/RI/proj1/worskapce/install/flatland
[0.020s] -- Found ament_cmake: 1.3.10 (/opt/ros/humble/share/ament_cmake/cmake)
[0.683s] -- Found Python3: /usr/bin/python3 (found version "3.10.12") found components: Interpreter 
[0.767s] -- Found ament_lint_auto: 0.12.11 (/opt/ros/humble/share/ament_lint_auto/cmake)
[0.876s] -- Added test 'copyright' to check source files copyright and LICENSE
[0.878s] -- Added test 'lint_cmake' to check CMake code style
[0.879s] -- Added test 'xmllint' to check XML markup files
[0.880s] -- Configuring done
[0.883s] -- Generating done
[0.884s] -- Build files have been written to: /home/m/Desktop/S1/RI/proj1/worskapce/build/flatland
[0.887s] Invoked command in '/home/m/Desktop/S1/RI/proj1/worskapce/build/flatland' returned '0': AMENT_PREFIX_PATH=/home/m/Desktop/S1/RI/proj1/worskapce/install/flatland_msgs:${AMENT_PREFIX_PATH} CMAKE_PREFIX_PATH=/home/m/Desktop/S1/RI/proj1/worskapce/install/flatland_msgs:/opt/ros/humble LD_LIBRARY_PATH=/home/m/Desktop/S1/RI/proj1/worskapce/install/flatland_msgs/lib:${LD_LIBRARY_PATH} PYTHONPATH=/home/m/Desktop/S1/RI/proj1/worskapce/install/flatland_msgs/local/lib/python3.10/dist-packages:${PYTHONPATH} /usr/bin/cmake /home/m/Desktop/S1/RI/proj1/worskapce/flatland/flatland -DCMAKE_INSTALL_PREFIX=/home/m/Desktop/S1/RI/proj1/worskapce/install/flatland
[0.888s] Invoking command in '/home/m/Desktop/S1/RI/proj1/worskapce/build/flatland': AMENT_PREFIX_PATH=/home/m/Desktop/S1/RI/proj1/worskapce/install/flatland_msgs:${AMENT_PREFIX_PATH} CMAKE_PREFIX_PATH=/home/m/Desktop/S1/RI/proj1/worskapce/install/flatland_msgs:/opt/ros/humble LD_LIBRARY_PATH=/home/m/Desktop/S1/RI/proj1/worskapce/install/flatland_msgs/lib:${LD_LIBRARY_PATH} PYTHONPATH=/home/m/Desktop/S1/RI/proj1/worskapce/install/flatland_msgs/local/lib/python3.10/dist-packages:${PYTHONPATH} /usr/bin/cmake --build /home/m/Desktop/S1/RI/proj1/worskapce/build/flatland -- -j8 -l8
[0.918s] Invoked command in '/home/m/Desktop/S1/RI/proj1/worskapce/build/flatland' returned '0': AMENT_PREFIX_PATH=/home/m/Desktop/S1/RI/proj1/worskapce/install/flatland_msgs:${AMENT_PREFIX_PATH} CMAKE_PREFIX_PATH=/home/m/Desktop/S1/RI/proj1/worskapce/install/flatland_msgs:/opt/ros/humble LD_LIBRARY_PATH=/home/m/Desktop/S1/RI/proj1/worskapce/install/flatland_msgs/lib:${LD_LIBRARY_PATH} PYTHONPATH=/home/m/Desktop/S1/RI/proj1/worskapce/install/flatland_msgs/local/lib/python3.10/dist-packages:${PYTHONPATH} /usr/bin/cmake --build /home/m/Desktop/S1/RI/proj1/worskapce/build/flatland -- -j8 -l8
[0.934s] Invoking command in '/home/m/Desktop/S1/RI/proj1/worskapce/build/flatland': AMENT_PREFIX_PATH=/home/m/Desktop/S1/RI/proj1/worskapce/install/flatland_msgs:${AMENT_PREFIX_PATH} CMAKE_PREFIX_PATH=/home/m/Desktop/S1/RI/proj1/worskapce/install/flatland_msgs:/opt/ros/humble LD_LIBRARY_PATH=/home/m/Desktop/S1/RI/proj1/worskapce/install/flatland_msgs/lib:${LD_LIBRARY_PATH} PYTHONPATH=/home/m/Desktop/S1/RI/proj1/worskapce/install/flatland_msgs/local/lib/python3.10/dist-packages:${PYTHONPATH} /usr/bin/cmake --install /home/m/Desktop/S1/RI/proj1/worskapce/build/flatland
[0.940s] -- Install configuration: ""
[0.940s] -- Installing: /home/m/Desktop/S1/RI/proj1/worskapce/install/flatland/share/ament_index/resource_index/package_run_dependencies/flatland
[0.941s] -- Installing: /home/m/Desktop/S1/RI/proj1/worskapce/install/flatland/share/ament_index/resource_index/parent_prefix_path/flatland
[0.941s] -- Installing: /home/m/Desktop/S1/RI/proj1/worskapce/install/flatland/share/flatland/environment/ament_prefix_path.sh
[0.941s] -- Installing: /home/m/Desktop/S1/RI/proj1/worskapce/install/flatland/share/flatland/environment/ament_prefix_path.dsv
[0.941s] -- Installing: /home/m/Desktop/S1/RI/proj1/worskapce/install/flatland/share/flatland/environment/path.sh
[0.942s] -- Installing: /home/m/Desktop/S1/RI/proj1/worskapce/install/flatland/share/flatland/environment/path.dsv
[0.942s] -- Installing: /home/m/Desktop/S1/RI/proj1/worskapce/install/flatland/share/flatland/local_setup.bash
[0.942s] -- Installing: /home/m/Desktop/S1/RI/proj1/worskapce/install/flatland/share/flatland/local_setup.sh
[0.942s] -- Installing: /home/m/Desktop/S1/RI/proj1/worskapce/install/flatland/share/flatland/local_setup.zsh
[0.943s] -- Installing: /home/m/Desktop/S1/RI/proj1/worskapce/install/flatland/share/flatland/local_setup.dsv
[0.943s] -- Installing: /home/m/Desktop/S1/RI/proj1/worskapce/install/flatland/share/flatland/package.dsv
[0.943s] -- Installing: /home/m/Desktop/S1/RI/proj1/worskapce/install/flatland/share/ament_index/resource_index/packages/flatland
[0.944s] -- Installing: /home/m/Desktop/S1/RI/proj1/worskapce/install/flatland/share/flatland/cmake/flatlandConfig.cmake
[0.944s] -- Installing: /home/m/Desktop/S1/RI/proj1/worskapce/install/flatland/share/flatland/cmake/flatlandConfig-version.cmake
[0.944s] -- Installing: /home/m/Desktop/S1/RI/proj1/worskapce/install/flatland/share/flatland/package.xml
[0.946s] Invoked command in '/home/m/Desktop/S1/RI/proj1/worskapce/build/flatland' returned '0': AMENT_PREFIX_PATH=/home/m/Desktop/S1/RI/proj1/worskapce/install/flatland_msgs:${AMENT_PREFIX_PATH} CMAKE_PREFIX_PATH=/home/m/Desktop/S1/RI/proj1/worskapce/install/flatland_msgs:/opt/ros/humble LD_LIBRARY_PATH=/home/m/Desktop/S1/RI/proj1/worskapce/install/flatland_msgs/lib:${LD_LIBRARY_PATH} PYTHONPATH=/home/m/Desktop/S1/RI/proj1/worskapce/install/flatland_msgs/local/lib/python3.10/dist-packages:${PYTHONPATH} /usr/bin/cmake --install /home/m/Desktop/S1/RI/proj1/worskapce/build/flatland
